barracuda.datacenter1.nl= Usage: [3], Selector: [1], Type: [1] b69177cb4a64b8ad8e6b95514b328555ac502273517cdddca03eb78a74c752 
box.entn.at= Usage: [3], Selector: [1], Type: [1] e35946dbaca1ae0aee9826fddbf1c2656a133d13b3428439d2cbf218a323c3 
box.hamappz.com= Usage: [3], Selector: [1], Type: [1] b5c8be1dec91805b67f3e34c3d263f5deb64e4c96f5ad70e0dd79687f381a4 
fallback.mail.pcextreme.nl= Usage: [3], Selector: [1], Type: [1] 3d3d3a4349845c41a22f7ddc22a392fd339f39d052fef20418fef44b8ea99f 
gatekeeper.space.net= Usage: [3], Selector: [1], Type: [1] b89a811ea3f203f2a72ab88da6f5f45a2f62e56980148254b622f75951b23e 
gatekeeper.spacenet.de= Usage: [3], Selector: [1], Type: [1] 9425baf67fff4f1b61a1932613b54dea55c630fe3a2be7aed88494f70bf531 
hosted.mailcow.de= Usage: [3], Selector: [1], Type: [1] 118ebb3cab93be1144fa5d44bd7f9007c0d8c75303bd27f27083014a6253ba Usage: [3], Selector: [1], Type: [1] 64c05529a43d5662bab9aee094a19eeb35ef33ea3055d7dd77d2938b5d5a45 
mail-01.dd24.net= Usage: [3], Selector: [0], Type: [1] 2652586e0fc2643fa3032fc9310563485e1273d4ae03eadadfe0dd09d4840e 
mail-02.dd24.net= Usage: [3], Selector: [0], Type: [1] 2652586e0fc2643fa3032fc9310563485e1273d4ae03eadadfe0dd09d4840e 
mail2.auracast.net= Usage: [3], Selector: [1], Type: [1] 4a323d799731a96ec3ad21dce32e36cc56f679508cf22b7141002daaefe534 
maildomain.datevnet.com= Usage: [3], Selector: [1], Type: [1] b6c9781dff925812402c2263c905de6a195675fa77cb8033c35457cb688050 
maildomain.datevnet.de= Usage: [3], Selector: [1], Type: [1] b6c9781dff925812402c2263c905de6a195675fa77cb8033c35457cb688050 
mail.ebox.at= Usage: [3], Selector: [1], Type: [1] 990a63e4494880136f86cc23542b697c5cb0c8c8815ea7ef15b6ed4eefab6e 
mail.eclipso.de= Usage: [3], Selector: [1], Type: [1] 676fe6a8a4c73e9f308bc0848373d491f9c4230c8f6b5606f23423e4304a8d 
mail.email4u.at= Usage: [3], Selector: [1], Type: [1] 7000e3da2c20856699b8a321e7b3045a412686a8ef053dd4252e6e043c1b54 
mail.epas.at= Usage: [2], Selector: [1], Type: [1] 8d02536c887482bc34ff54e41d2ba659bf85b341a0a20afadb5813dcfbcf28 Usage: [3], Selector: [1], Type: [1] 5614627f5c75b1060685400e8443d02416dd2872e31c0ec11f5c77edb84e3c 
mail.euromascots.at= Usage: [3], Selector: [1], Type: [1] e415b82b2e85867110f488617b98c9492cadf727b405eabea7d96e97744dfa 
mailex.graz4u.at= Usage: [3], Selector: [0], Type: [1] d21aa034b618c134cd4fcee0c01db1cf3f049109b0548ad6d894323dc5e5f9 Usage: [3], Selector: [1], Type: [1] 8bd91552cb88f66a1a4e0880aca1b1ad409930a8aa980002c0a9eaf6f84dd6 Usage: [3], Selector: [1], Type: [2] 8d8131a69f6ce00d5cc860b6fd6410616b579ac198fbd31ba6689769b7bb01d65ba40f03032780ba2225c9f85f2ce11141c4c0da581029b8a370066f6bf269 
mailin11.prod.datevnet.com= Usage: [3], Selector: [1], Type: [1] 6b6ab0104498b347798c6f0cf935cb6255bc05d2733dc4b037168b4e476f2a Usage: [3], Selector: [1], Type: [1] b6c9781dff925812402c2263c905de6a195675fa77cb8033c35457cb688050 Usage: [3], Selector: [1], Type: [1] eebf3a64ae8c79d8cca39d033be7f6fa0bfa534cdbe2c4304b70f82aaa8493 
mailin12.prod.datevnet.de= Usage: [3], Selector: [1], Type: [1] b17eed6fdfcc6c6cc61ac4fb200e7d2ea09fb27aa00030354edd33666728ba Usage: [3], Selector: [1], Type: [1] b6c9781dff925812402c2263c905de6a195675fa77cb8033c35457cb688050 Usage: [3], Selector: [1], Type: [1] b8c91c8373f702105dcfef37803c32ed7f1bf9e9acc7f9d62be7f1ee0a73b5 
mailin2.mx.speedkom.net= Usage: [3], Selector: [1], Type: [1] 277b2b50cbc1b8a4657715432161e80a3a7bbe5256da5c888a48ee87117978 
mailin5.mx.speedkom.net= Usage: [3], Selector: [1], Type: [1] 8cad7808be8e5564e3f6ab906486b7dc55cc283d8fd6bc2a39a5a80a0110b9 
mail.lux02.de= Usage: [3], Selector: [1], Type: [1] 2e20bcb4fbcaf9e0f7baa5e0f2b9cd8a14a36a3e6617a39e4fbc3c922dacbc 
mail.neteco.at= Usage: [3], Selector: [0], Type: [1] 6b293cd2c585b0c6bccecf0c492d6d122f04c1b1f2fd881119a26c3d34fd5f 
mail.protonmail.ch= Usage: [3], Selector: [1], Type: [1] 76bb66711da416433ca890a5b2e5a0533c6006478f7d10a4469a947acc8399 Usage: [3], Selector: [1], Type: [1] 6111a5698d23c89e09c36ff833c1487edc1b0c841f87c49dae8f7a09e11e97 
mailsec.protonmail.ch= Usage: [3], Selector: [1], Type: [1] 6111a5698d23c89e09c36ff833c1487edc1b0c841f87c49dae8f7a09e11e97 Usage: [3], Selector: [1], Type: [1] 76bb66711da416433ca890a5b2e5a0533c6006478f7d10a4469a947acc8399 
mail.smartsecure.at= Usage: [3], Selector: [1], Type: [1] 430d6e59040fe807289615e036c9107aca1cb04ff62b9f85c99c6d37f496c4 
mail.twosteps.net= Usage: [3], Selector: [1], Type: [1] a2a50eddaae5e03b678f4c3d7f71bc1b4a38a06d2671f6761ab15779e7e6bc 
mail.ud20.udmedia.de= Usage: [3], Selector: [1], Type: [1] 1629efcb22ffb04cab5689c4defd36af2331bfa459bcf3f459c491d6067dec 
mail.zeus02.de= Usage: [3], Selector: [1], Type: [1] aeaa09163e30598a4cc84722b6946b23b63937bcd58ef967a3feb542ccc176 
mta-gw.infomaniak.ch= Usage: [3], Selector: [1], Type: [1] 01bbbc3a65e5f2067aa43dbab107583e1a14567ed2569c63445d21e1de5569 
mx1.active24.com= Usage: [3], Selector: [1], Type: [1] 6d810df46120c8b76d69937babdc8df91cab5030785e7ff5000e0bb149fca2 Usage: [3], Selector: [1], Type: [1] 873817788c329db81c7b1e8d006c3b29f8edef60587af5e8fd0a5ebd945362 
mx1.allesedv.at= Usage: [3], Selector: [1], Type: [1] 6d83b04d31e2f5bad199a30e87b12663c2413ff71877d1bc195a1bbacbefc5 Usage: [3], Selector: [1], Type: [1] 14ac5b821dbd306b9797b08511564ead62b7f10b7c0bd4fea8ed8d2b158c79 Usage: [2], Selector: [0], Type: [1] 1a9800c7cc4a5e65c794ba80c4a1c54ffa71e50284444853ec49bd2593f064 Usage: [2], Selector: [1], Type: [1] 4a5b78f220554e3b914094e36f3a299a29d1ac7486b67758d3fb23d2515ff5 Usage: [2], Selector: [0], Type: [1] 5d1be3b8deb91a980ab1dde09747549057a1454bdbcfe2e8d9772bcf843e33 Usage: [3], Selector: [1], Type: [1] 18ba3854bd53dee6d66637753522a63316e53bb1b8a710b50aeeba63e5c111 
mx1.mail.hostpoint.ch= Usage: [3], Selector: [1], Type: [1] ba882d724c29013cfc5609fe4129ccc0464810d2c05f8cd400aafa213f97f2 
mx1.mk.de= Usage: [3], Selector: [0], Type: [1] 3c7ff119f8dbbee07629a6214f120340cbb7ee093c59134eb6a0c715417847 
mx1.net4you.net= Usage: [3], Selector: [1], Type: [1] fae54514752aff4d327f6d4c6ee7b6af24e61b7099eb3f4badf2c6ad781146 
mx1.pub.mailpod10-cph3.one.com= Usage: [3], Selector: [1], Type: [1] 68f9341f4ce3cb0507631ec564ae59a802bf1a36437a6d81142b80e0afe5dd Usage: [3], Selector: [1], Type: [1] 196078cc783b2a93dd36edc806a90bea0169b00a8d3fde09335011980325dc 
mx1.pub.mailpod1-cph3.one.com= Usage: [3], Selector: [1], Type: [1] 18bd23670f60c0217338196a1708cbff4b2b6c97f36d18251f41241ae8c579 Usage: [3], Selector: [1], Type: [1] f5e89aa4dead5ab7247ac6666eed312e96d0d8cb6cf90018f1758a384274f5 
mx1.pub.mailpod2-cph3.one.com= Usage: [3], Selector: [1], Type: [1] 8a37086e6d13e0262f1fedc98a0bcad46b0a84a237da11687d705d0cab9423 Usage: [3], Selector: [1], Type: [1] 4b6b053fa41765c0f643026b908830e8f8819bcd22266a2d02f0ccba92b387 
mx1.pub.mailpod3-cph3.one.com= Usage: [3], Selector: [1], Type: [1] a3b43e7e07a2bb10968374c4f376e8f709d99632c5d221ac9f0e05c0e0ca01 Usage: [3], Selector: [1], Type: [1] fbcafa9dbaa140db6556e0c83499f5840de9139322e85d4bdb704229d1d940 
mx1.pub.mailpod4-cph3.one.com= Usage: [3], Selector: [1], Type: [1] 25b80f6906a373b766efb86cbdbababfa8b9e043d7be13f1db6dcf2b8968b2 Usage: [3], Selector: [1], Type: [1] 3c422de5da2dab51159b28cf8c1686c18a1d5aee02a02ea7031534f2146afa 
mx1.pub.mailpod5-cph3.one.com= Usage: [3], Selector: [1], Type: [1] f5939c84b1f7e239314f741530ad9555de3c708b3a4ea787fe984a13c1cc27 Usage: [3], Selector: [1], Type: [1] 92802e1da27b67fcfaa0635ab55cbf825e6fcad7c5c1262f1228339bd40a6b 
mx1.pub.mailpod6-cph3.one.com= Usage: [3], Selector: [1], Type: [1] a97fd351b43a37cdca462ce6783e4192453e84af0e1790764c289e57e27bb6 Usage: [3], Selector: [1], Type: [1] 87549086ee3571f3d7f8635ca789d7ca0da5943d1774910e060e9321662af5 
mx1.pub.mailpod7-cph3.one.com= Usage: [3], Selector: [1], Type: [1] c5d0655d39a4e4bb3b499e5ad0d4871e73c9a3a58326d950b74a2aad23f79b Usage: [3], Selector: [1], Type: [1] 5951d49471d48255f349e181309afabd14a7cc96484986056e19dbfe0793e7 
mx1.pub.mailpod8-cph3.one.com= Usage: [3], Selector: [1], Type: [1] 40553b772cb486b06695dbd52f4d73f3c013501868f0b935f4c532d013d0e6 Usage: [3], Selector: [1], Type: [1] d965a3d89b4bba62521c15ef86590072cb637ac7050cc7fb27f8cf16b22bc8 
mx1.pub.mailpod9-cph3.one.com= Usage: [3], Selector: [1], Type: [1] 351ea7538a80adce029d08eb398e1fd25abb7149c15e23e90b8b2077447792 Usage: [3], Selector: [1], Type: [1] 51c0fac6688bdc92d7f6d8eefedf8a00e1108a01622539912497dba854afdb 
mx1.synetcon.net= Usage: [3], Selector: [0], Type: [1] db35149780b061761dbb1450b32988b28b1f1997b518db9484654efceab779 
mx2.active24.com= Usage: [3], Selector: [1], Type: [1] 6d810df46120c8b76d69937babdc8df91cab5030785e7ff5000e0bb149fca2 Usage: [3], Selector: [1], Type: [1] 873817788c329db81c7b1e8d006c3b29f8edef60587af5e8fd0a5ebd945362 
mx2.mail.hostpoint.ch= Usage: [3], Selector: [1], Type: [1] ba882d724c29013cfc5609fe4129ccc0464810d2c05f8cd400aafa213f97f2 
mx2.mk.de= Usage: [3], Selector: [0], Type: [1] 3c7ff119f8dbbee07629a6214f120340cbb7ee093c59134eb6a0c715417847 
mx2.net4you.net= Usage: [3], Selector: [1], Type: [1] fae54514752aff4d327f6d4c6ee7b6af24e61b7099eb3f4badf2c6ad781146 
mx2.pub.mailpod10-cph3.one.com= Usage: [3], Selector: [1], Type: [1] 68f9341f4ce3cb0507631ec564ae59a802bf1a36437a6d81142b80e0afe5dd Usage: [3], Selector: [1], Type: [1] 196078cc783b2a93dd36edc806a90bea0169b00a8d3fde09335011980325dc 
mx2.pub.mailpod1-cph3.one.com= Usage: [3], Selector: [1], Type: [1] f5e89aa4dead5ab7247ac6666eed312e96d0d8cb6cf90018f1758a384274f5 Usage: [3], Selector: [1], Type: [1] 18bd23670f60c0217338196a1708cbff4b2b6c97f36d18251f41241ae8c579 
mx2.pub.mailpod2-cph3.one.com= Usage: [3], Selector: [1], Type: [1] 4b6b053fa41765c0f643026b908830e8f8819bcd22266a2d02f0ccba92b387 Usage: [3], Selector: [1], Type: [1] 8a37086e6d13e0262f1fedc98a0bcad46b0a84a237da11687d705d0cab9423 
mx2.pub.mailpod3-cph3.one.com= Usage: [3], Selector: [1], Type: [1] fbcafa9dbaa140db6556e0c83499f5840de9139322e85d4bdb704229d1d940 Usage: [3], Selector: [1], Type: [1] a3b43e7e07a2bb10968374c4f376e8f709d99632c5d221ac9f0e05c0e0ca01 
mx2.pub.mailpod4-cph3.one.com= Usage: [3], Selector: [1], Type: [1] 3c422de5da2dab51159b28cf8c1686c18a1d5aee02a02ea7031534f2146afa Usage: [3], Selector: [1], Type: [1] 25b80f6906a373b766efb86cbdbababfa8b9e043d7be13f1db6dcf2b8968b2 
mx2.pub.mailpod5-cph3.one.com= Usage: [3], Selector: [1], Type: [1] f5939c84b1f7e239314f741530ad9555de3c708b3a4ea787fe984a13c1cc27 Usage: [3], Selector: [1], Type: [1] 92802e1da27b67fcfaa0635ab55cbf825e6fcad7c5c1262f1228339bd40a6b 
mx2.pub.mailpod6-cph3.one.com= Usage: [3], Selector: [1], Type: [1] a97fd351b43a37cdca462ce6783e4192453e84af0e1790764c289e57e27bb6 Usage: [3], Selector: [1], Type: [1] 87549086ee3571f3d7f8635ca789d7ca0da5943d1774910e060e9321662af5 
mx2.pub.mailpod7-cph3.one.com= Usage: [3], Selector: [1], Type: [1] c5d0655d39a4e4bb3b499e5ad0d4871e73c9a3a58326d950b74a2aad23f79b Usage: [3], Selector: [1], Type: [1] 5951d49471d48255f349e181309afabd14a7cc96484986056e19dbfe0793e7 
mx2.pub.mailpod8-cph3.one.com= Usage: [3], Selector: [1], Type: [1] 40553b772cb486b06695dbd52f4d73f3c013501868f0b935f4c532d013d0e6 Usage: [3], Selector: [1], Type: [1] d965a3d89b4bba62521c15ef86590072cb637ac7050cc7fb27f8cf16b22bc8 
mx2.pub.mailpod9-cph3.one.com= Usage: [3], Selector: [1], Type: [1] 351ea7538a80adce029d08eb398e1fd25abb7149c15e23e90b8b2077447792 Usage: [3], Selector: [1], Type: [1] 51c0fac6688bdc92d7f6d8eefedf8a00e1108a01622539912497dba854afdb 
mx2.synetcon.net= Usage: [3], Selector: [0], Type: [1] f9974ed188b9c0e0bdae1db17216962df66bd779b248d8b2aa3e2fb526825e 
mx3.mk.de= Usage: [3], Selector: [0], Type: [1] 3c7ff119f8dbbee07629a6214f120340cbb7ee093c59134eb6a0c715417847 
mx3.pub.mailpod10-cph3.one.com= Usage: [3], Selector: [1], Type: [1] 196078cc783b2a93dd36edc806a90bea0169b00a8d3fde09335011980325dc Usage: [3], Selector: [1], Type: [1] 68f9341f4ce3cb0507631ec564ae59a802bf1a36437a6d81142b80e0afe5dd 
mx3.pub.mailpod1-cph3.one.com= Usage: [3], Selector: [1], Type: [1] 18bd23670f60c0217338196a1708cbff4b2b6c97f36d18251f41241ae8c579 Usage: [3], Selector: [1], Type: [1] f5e89aa4dead5ab7247ac6666eed312e96d0d8cb6cf90018f1758a384274f5 
mx3.pub.mailpod2-cph3.one.com= Usage: [3], Selector: [1], Type: [1] 4b6b053fa41765c0f643026b908830e8f8819bcd22266a2d02f0ccba92b387 Usage: [3], Selector: [1], Type: [1] 8a37086e6d13e0262f1fedc98a0bcad46b0a84a237da11687d705d0cab9423 
mx3.pub.mailpod3-cph3.one.com= Usage: [3], Selector: [1], Type: [1] a3b43e7e07a2bb10968374c4f376e8f709d99632c5d221ac9f0e05c0e0ca01 Usage: [3], Selector: [1], Type: [1] fbcafa9dbaa140db6556e0c83499f5840de9139322e85d4bdb704229d1d940 
mx3.pub.mailpod4-cph3.one.com= Usage: [3], Selector: [1], Type: [1] 25b80f6906a373b766efb86cbdbababfa8b9e043d7be13f1db6dcf2b8968b2 Usage: [3], Selector: [1], Type: [1] 3c422de5da2dab51159b28cf8c1686c18a1d5aee02a02ea7031534f2146afa 
mx3.pub.mailpod5-cph3.one.com= Usage: [3], Selector: [1], Type: [1] f5939c84b1f7e239314f741530ad9555de3c708b3a4ea787fe984a13c1cc27 Usage: [3], Selector: [1], Type: [1] 92802e1da27b67fcfaa0635ab55cbf825e6fcad7c5c1262f1228339bd40a6b 
mx3.pub.mailpod6-cph3.one.com= Usage: [3], Selector: [1], Type: [1] a97fd351b43a37cdca462ce6783e4192453e84af0e1790764c289e57e27bb6 Usage: [3], Selector: [1], Type: [1] 87549086ee3571f3d7f8635ca789d7ca0da5943d1774910e060e9321662af5 
mx3.pub.mailpod7-cph3.one.com= Usage: [3], Selector: [1], Type: [1] c5d0655d39a4e4bb3b499e5ad0d4871e73c9a3a58326d950b74a2aad23f79b Usage: [3], Selector: [1], Type: [1] 5951d49471d48255f349e181309afabd14a7cc96484986056e19dbfe0793e7 
mx3.pub.mailpod8-cph3.one.com= Usage: [3], Selector: [1], Type: [1] 40553b772cb486b06695dbd52f4d73f3c013501868f0b935f4c532d013d0e6 Usage: [3], Selector: [1], Type: [1] d965a3d89b4bba62521c15ef86590072cb637ac7050cc7fb27f8cf16b22bc8 
mx3.pub.mailpod9-cph3.one.com= Usage: [3], Selector: [1], Type: [1] 351ea7538a80adce029d08eb398e1fd25abb7149c15e23e90b8b2077447792 Usage: [3], Selector: [1], Type: [1] 51c0fac6688bdc92d7f6d8eefedf8a00e1108a01622539912497dba854afdb 
mx4.mk.de= Usage: [3], Selector: [0], Type: [1] 3c7ff119f8dbbee07629a6214f120340cbb7ee093c59134eb6a0c715417847 
mx4.pub.mailpod10-cph3.one.com= Usage: [3], Selector: [1], Type: [1] 196078cc783b2a93dd36edc806a90bea0169b00a8d3fde09335011980325dc Usage: [3], Selector: [1], Type: [1] 68f9341f4ce3cb0507631ec564ae59a802bf1a36437a6d81142b80e0afe5dd 
mx4.pub.mailpod9-cph3.one.com= Usage: [3], Selector: [1], Type: [1] 351ea7538a80adce029d08eb398e1fd25abb7149c15e23e90b8b2077447792 Usage: [3], Selector: [1], Type: [1] 51c0fac6688bdc92d7f6d8eefedf8a00e1108a01622539912497dba854afdb 
mx9.onebit.cz= Usage: [3], Selector: [1], Type: [1] bbbc3e49bb48b7fa01a3beaaccec9493f921d463ae4bf687d8c70a8e8ae629 
mx9.onebit.eu= Usage: [3], Selector: [1], Type: [1] 1c8dd7cc6cb98b4783063d4d8d45a5bd3d261744707ca79ac30a3805d6c271 Usage: [3], Selector: [1], Type: [1] eb9a0965ccba1074232212df897e1bbd622c555afbc3d413295e4ef2a6809c 
mx-a.secumail.de= Usage: [3], Selector: [0], Type: [1] 50e8d8af451ff2548531903d643750a38b6aa9e2ca51adf809fd2f9d219954 
mxavas.forpsi.com= Usage: [3], Selector: [1], Type: [1] 7ab5f4244c4878adc5588731fda74bd1f8835e6b0490d1ac184581f1c028ca 
mx-b.secumail.de= Usage: [3], Selector: [0], Type: [1] 50e8d8af451ff2548531903d643750a38b6aa9e2ca51adf809fd2f9d219954 
mxext1.mailbox.org= Usage: [3], Selector: [1], Type: [1] e41cc7633029afdba53744d7e5fc31ef507e592de9dfb33557bf3b9a792394 Usage: [3], Selector: [1], Type: [1] 4758af6f02dfb5dc8795fa402e77a8a0486af5e85d2ca60c294476aadc40b2 Usage: [3], Selector: [1], Type: [1] 996ad31d65e03f038b8ec950f6f26611529da03e3a283e4400cba2edd04b8a 
mxext2.mailbox.org= Usage: [3], Selector: [1], Type: [1] 4758af6f02dfb5dc8795fa402e77a8a0486af5e85d2ca60c294476aadc40b2 Usage: [3], Selector: [1], Type: [1] 996ad31d65e03f038b8ec950f6f26611529da03e3a283e4400cba2edd04b8a Usage: [3], Selector: [1], Type: [1] e41cc7633029afdba53744d7e5fc31ef507e592de9dfb33557bf3b9a792394 
mxext3.mailbox.org= Usage: [3], Selector: [1], Type: [1] 4758af6f02dfb5dc8795fa402e77a8a0486af5e85d2ca60c294476aadc40b2 Usage: [3], Selector: [1], Type: [1] e41cc7633029afdba53744d7e5fc31ef507e592de9dfb33557bf3b9a792394 Usage: [3], Selector: [1], Type: [1] 996ad31d65e03f038b8ec950f6f26611529da03e3a283e4400cba2edd04b8a 
mx.inetadmin.cz= Usage: [2], Selector: [1], Type: [1] 8d02536c887482bc34ff54e41d2ba659bf85b341a0a20afadb5813dcfbcf28 
mx.inetadmin.eu= Usage: [2], Selector: [1], Type: [1] 8d02536c887482bc34ff54e41d2ba659bf85b341a0a20afadb5813dcfbcf28 
mx.inetadmin.sk= Usage: [2], Selector: [1], Type: [1] 8d02536c887482bc34ff54e41d2ba659bf85b341a0a20afadb5813dcfbcf28 
mx.mijnspamfilter.nl= Usage: [3], Selector: [1], Type: [1] f20adfd42fc830a68fbc60ecaa4fe8d04272d7ad06fcee22d0c8600f4b4ce8 
mx.transip.email= Usage: [3], Selector: [0], Type: [1] 28038bc79b89c9537a1040fd0240cc2e572a7487b9b8215805905bcaa773f9 
mx.web4u.cz= Usage: [3], Selector: [1], Type: [1] fc3a9b6d2e5d7f67b776635683381542c4dfe8fdaea2c45ac57b4865b54abc Usage: [3], Selector: [1], Type: [1] ff1d87d6ac592cc57b80ab094abf85a6aec6d2d4843e8cb0f0a4bbedf827dc 
nsp.m26.at= Usage: [2], Selector: [1], Type: [2] 6ce1d49613cbdafc9732049f69519035b2122f9e6d493ea1c20c5b9c7bd81f9cb1e2ba2aab9dfddc5bbd124c8e4615d8d024da4152f4f62456fc2eb1eb902a 
primary.mail.pcextreme.nl= Usage: [3], Selector: [1], Type: [1] 3d3d3a4349845c41a22f7ddc22a392fd339f39d052fef20418fef44b8ea99f 
relay.transip.nl= Usage: [3], Selector: [0], Type: [1] 28038bc79b89c9537a1040fd0240cc2e572a7487b9b8215805905bcaa773f9 
serv15.avernis.de= Usage: [3], Selector: [1], Type: [1] 2ee685ae6ddb069550e508037a319e41583724302a4ea151438b4ca5cd860e 
spool.ebox.at= Usage: [3], Selector: [1], Type: [1] 990a63e4494880136f86cc23542b697c5cb0c8c8815ea7ef15b6ed4eefab6e 
zidmx1.univie.ac.at= Usage: [3], Selector: [1], Type: [1] c0578936f55c1800aa6ac8f74116da06c0f8910f8081732cae8f0967ef3204 Usage: [2], Selector: [1], Type: [1] f3ae75c0490c907e5fb6268ba79ee8aa6c772874c5cc3829ed97895d1d13a0 
zidmx2.univie.ac.at= Usage: [3], Selector: [1], Type: [1] f048d7e22633e2cbc4c821c0c17d163a682cdca46e725b6a9efc092415d28a Usage: [2], Selector: [1], Type: [1] f3ae75c0490c907e5fb6268ba79ee8aa6c772874c5cc3829ed97895d1d13a0 
zidmx3.univie.ac.at= Usage: [3], Selector: [1], Type: [1] 748a7a89b7262329206adb31ba00cd7b687bbe7dea5768dd895b8492ce1b25 Usage: [2], Selector: [1], Type: [1] f3ae75c0490c907e5fb6268ba79ee8aa6c772874c5cc3829ed97895d1d13a0 
zidmx4.univie.ac.at= Usage: [2], Selector: [1], Type: [1] f3ae75c0490c907e5fb6268ba79ee8aa6c772874c5cc3829ed97895d1d13a0 Usage: [3], Selector: [1], Type: [1] c16048309dac403930526e04e4b2efb78119fbb83e79faa3b14a9e42177fb1 
