hosted.mailcow.de= Usage: [3], Selector: [1], Type: [1] 118ebb3cab93be1144fa5d44bd7f9007c0d8c75303bd27f27083014a6253ba Usage: [3], Selector: [1], Type: [1] 64c05529a43d5662bab9aee094a19eeb35ef33ea3055d7dd77d2938b5d5a45 
mail-01.dd24.net= Usage: [3], Selector: [0], Type: [1] 2652586e0fc2643fa3032fc9310563485e1273d4ae03eadadfe0dd09d4840e 
mail-02.dd24.net= Usage: [3], Selector: [0], Type: [1] 2652586e0fc2643fa3032fc9310563485e1273d4ae03eadadfe0dd09d4840e 
mail-03.dd24.net= Usage: [3], Selector: [0], Type: [1] 2652586e0fc2643fa3032fc9310563485e1273d4ae03eadadfe0dd09d4840e 
mail1.kmedv.net= Usage: [3], Selector: [1], Type: [1] b9e141752be63aef2898435f47b695c4ef49e7d5e3f84bb9df7887c49b384c 
mail2.loopia.se= Usage: [3], Selector: [1], Type: [1] ddeebe0b760a39a53e8b20aff4e6d3873fc28623030fb88908bfe46d424f72 
mailcluster.loopia.se= Usage: [3], Selector: [1], Type: [1] ddeebe0b760a39a53e8b20aff4e6d3873fc28623030fb88908bfe46d424f72 
mail.d48.udmedia.de= Usage: [3], Selector: [1], Type: [1] 26094a7f06e1650dd140f43c379c298811f4bc25b5c98a9e6488716402b3d4 
mail.ebox.at= Usage: [3], Selector: [1], Type: [1] 990a63e4494880136f86cc23542b697c5cb0c8c8815ea7ef15b6ed4eefab6e 
mailex.graz4u.at= Usage: [3], Selector: [1], Type: [1] 8bd91552cb88f66a1a4e0880aca1b1ad409930a8aa980002c0a9eaf6f84dd6 Usage: [3], Selector: [0], Type: [1] d21aa034b618c134cd4fcee0c01db1cf3f049109b0548ad6d894323dc5e5f9 Usage: [3], Selector: [1], Type: [2] 8d8131a69f6ce00d5cc860b6fd6410616b579ac198fbd31ba6689769b7bb01d65ba40f03032780ba2225c9f85f2ce11141c4c0da581029b8a370066f6bf269 
mail.jegra.ovh= Usage: [3], Selector: [1], Type: [1] fc095a1824667f3362c329d2956283719ae568f555c6026f388a44cd03c523 
mail.neteco.at= Usage: [3], Selector: [0], Type: [1] 6b293cd2c585b0c6bccecf0c492d6d122f04c1b1f2fd881119a26c3d34fd5f 
mail.protonmail.ch= Usage: [3], Selector: [1], Type: [1] 6111a5698d23c89e09c36ff833c1487edc1b0c841f87c49dae8f7a09e11e97 Usage: [3], Selector: [1], Type: [1] 76bb66711da416433ca890a5b2e5a0533c6006478f7d10a4469a947acc8399 
mailsec.protonmail.ch= Usage: [3], Selector: [1], Type: [1] 6111a5698d23c89e09c36ff833c1487edc1b0c841f87c49dae8f7a09e11e97 Usage: [3], Selector: [1], Type: [1] 76bb66711da416433ca890a5b2e5a0533c6006478f7d10a4469a947acc8399 
mail.sonnengeschwister.com= Usage: [3], Selector: [1], Type: [1] b2f31e3bd4a955e86259baa1015e6a2e617dd922a5724d8b554a8a0aa0c0cb 
mailsrv.spal.at= Usage: [3], Selector: [1], Type: [1] 7cf788be63f8bf2a998adedf349ca489e55fa6495c08969a9c2a0cb11dca72 
mail.twosteps.net= Usage: [3], Selector: [1], Type: [1] a2a50eddaae5e03b678f4c3d7f71bc1b4a38a06d2671f6761ab15779e7e6bc 
mail.ud06.udmedia.de= Usage: [3], Selector: [1], Type: [1] a8e926544fbd3a643f7667307f1ccd90e07be82b2db34b04528bc2b074d107 
mail.ud10.udmedia.de= Usage: [3], Selector: [1], Type: [1] 08e7316bbf8d053d456a85c16976be4fdfb13d153fe15f88da789e373c0d32 
mail.ud13.udmedia.de= Usage: [3], Selector: [1], Type: [1] 4d02b25a7b6d30c8d172d273870ecd9d4db72c7bac72056f2b0b512ad776cd 
mail.ud19.udmedia.de= Usage: [3], Selector: [1], Type: [1] 8d71f05d60ed4b648e5fb22986547dfd1b79881ca3875b62e4260a595fee5b 
mail.webinx.eu= Usage: [3], Selector: [1], Type: [1] 7ef61e620067f73337cac121734f4687339d2e648f617739af58e43438cf82 
mail.web-wack.at= Usage: [2], Selector: [1], Type: [1] e5545e211347241891c554a03934cde9b749664a59d26d615fe58f77990f2d Usage: [2], Selector: [1], Type: [1] 8d02536c887482bc34ff54e41d2ba659bf85b341a0a20afadb5813dcfbcf28 
mail.zeus02.de= Usage: [3], Selector: [1], Type: [1] aeaa09163e30598a4cc84722b6946b23b63937bcd58ef967a3feb542ccc176 
mail.zeus05.de= Usage: [3], Selector: [1], Type: [1] 357beda32d03d8011d4c89342deb5c7f79b1a9dd6985270c6058774f13208f 
minbar.sigsegv.at= Usage: [3], Selector: [1], Type: [1] c9b99a81fbe6f38d149fb89665b59dad94f978356bad925f27ef6fdebaa72c 
mta-gw.infomaniak.ch= Usage: [3], Selector: [1], Type: [1] 01bbbc3a65e5f2067aa43dbab107583e1a14567ed2569c63445d21e1de5569 
mx00.emig.gmx.net= Usage: [3], Selector: [1], Type: [1] 435958aad6a4985baf62935bdf5d71088c40420a5bf83f03f69ddb81f2c642 Usage: [3], Selector: [1], Type: [1] fba994a42de46a33207241a5c30c61ee7218fb074d6088307a7657570c9a01 
mx01.emig.gmx.net= Usage: [3], Selector: [1], Type: [1] fba994a42de46a33207241a5c30c61ee7218fb074d6088307a7657570c9a01 Usage: [3], Selector: [1], Type: [1] 435958aad6a4985baf62935bdf5d71088c40420a5bf83f03f69ddb81f2c642 
mx01.pc-web.at= Usage: [3], Selector: [1], Type: [1] 788e9b8a72310630c417b26a1ef8fab0f31c7e18352947c02e84663ceb3849 
mx02.soverin.net= Usage: [3], Selector: [0], Type: [1] 15c6125f32a29eead66da7a56171d7b99e4ac18f247c2c0f4e95e876078704 Usage: [3], Selector: [0], Type: [1] f8ae87586f1c2a88853870c90c84d4335af3c32b2f1c7045639352577c2dfa 
mx03.soverin.net= Usage: [3], Selector: [0], Type: [1] f8ae87586f1c2a88853870c90c84d4335af3c32b2f1c7045639352577c2dfa Usage: [3], Selector: [0], Type: [1] 15c6125f32a29eead66da7a56171d7b99e4ac18f247c2c0f4e95e876078704 
mx10.onebit.cz= Usage: [3], Selector: [1], Type: [1] 41f792a03efa45cfdb801d8987487d463b743b4647aaf3a15be208f40c99a1 
mx10.onebit.eu= Usage: [3], Selector: [1], Type: [1] eb9a0965ccba1074232212df897e1bbd622c555afbc3d413295e4ef2a6809c Usage: [3], Selector: [1], Type: [1] 1c8dd7cc6cb98b4783063d4d8d45a5bd3d261744707ca79ac30a3805d6c271 
mx1.active24.com= Usage: [3], Selector: [1], Type: [1] 6d810df46120c8b76d69937babdc8df91cab5030785e7ff5000e0bb149fca2 Usage: [3], Selector: [1], Type: [1] 873817788c329db81c7b1e8d006c3b29f8edef60587af5e8fd0a5ebd945362 
mx1.allesedv.at= Usage: [2], Selector: [0], Type: [1] 5d1be3b8deb91a980ab1dde09747549057a1454bdbcfe2e8d9772bcf843e33 Usage: [2], Selector: [0], Type: [1] 1a9800c7cc4a5e65c794ba80c4a1c54ffa71e50284444853ec49bd2593f064 Usage: [3], Selector: [1], Type: [1] 6d83b04d31e2f5bad199a30e87b12663c2413ff71877d1bc195a1bbacbefc5 Usage: [3], Selector: [1], Type: [1] 18ba3854bd53dee6d66637753522a63316e53bb1b8a710b50aeeba63e5c111 Usage: [2], Selector: [1], Type: [1] 4a5b78f220554e3b914094e36f3a299a29d1ac7486b67758d3fb23d2515ff5 Usage: [3], Selector: [1], Type: [1] 14ac5b821dbd306b9797b08511564ead62b7f10b7c0bd4fea8ed8d2b158c79 
mx1.heinlein-support.de= Usage: [3], Selector: [1], Type: [1] 3fb24e3ee20fd8b05613d4513da596479f5965b11164db2b97c594f42113a6 Usage: [3], Selector: [1], Type: [1] 6b0dd472d3c50d1eff710e93e13993a693e72f8857abe68c996df26b3a24df 
mx1.mail.hostpoint.ch= Usage: [3], Selector: [1], Type: [1] ba882d724c29013cfc5609fe4129ccc0464810d2c05f8cd400aafa213f97f2 
mx1.net4you.net= Usage: [3], Selector: [1], Type: [1] fae54514752aff4d327f6d4c6ee7b6af24e61b7099eb3f4badf2c6ad781146 
mx1.pub.mailpod10-cph3.one.com= Usage: [3], Selector: [1], Type: [1] 196078cc783b2a93dd36edc806a90bea0169b00a8d3fde09335011980325dc Usage: [3], Selector: [1], Type: [1] 68f9341f4ce3cb0507631ec564ae59a802bf1a36437a6d81142b80e0afe5dd 
mx1.pub.mailpod1-cph3.one.com= Usage: [3], Selector: [1], Type: [1] 18bd23670f60c0217338196a1708cbff4b2b6c97f36d18251f41241ae8c579 Usage: [3], Selector: [1], Type: [1] f5e89aa4dead5ab7247ac6666eed312e96d0d8cb6cf90018f1758a384274f5 
mx1.pub.mailpod2-cph3.one.com= Usage: [3], Selector: [1], Type: [1] 4b6b053fa41765c0f643026b908830e8f8819bcd22266a2d02f0ccba92b387 Usage: [3], Selector: [1], Type: [1] 8a37086e6d13e0262f1fedc98a0bcad46b0a84a237da11687d705d0cab9423 
mx1.pub.mailpod3-cph3.one.com= Usage: [3], Selector: [1], Type: [1] fbcafa9dbaa140db6556e0c83499f5840de9139322e85d4bdb704229d1d940 Usage: [3], Selector: [1], Type: [1] a3b43e7e07a2bb10968374c4f376e8f709d99632c5d221ac9f0e05c0e0ca01 
mx1.pub.mailpod4-cph3.one.com= Usage: [3], Selector: [1], Type: [1] 3c422de5da2dab51159b28cf8c1686c18a1d5aee02a02ea7031534f2146afa Usage: [3], Selector: [1], Type: [1] 25b80f6906a373b766efb86cbdbababfa8b9e043d7be13f1db6dcf2b8968b2 
mx1.pub.mailpod5-cph3.one.com= Usage: [3], Selector: [1], Type: [1] 92802e1da27b67fcfaa0635ab55cbf825e6fcad7c5c1262f1228339bd40a6b Usage: [3], Selector: [1], Type: [1] f5939c84b1f7e239314f741530ad9555de3c708b3a4ea787fe984a13c1cc27 
mx1.pub.mailpod6-cph3.one.com= Usage: [3], Selector: [1], Type: [1] 87549086ee3571f3d7f8635ca789d7ca0da5943d1774910e060e9321662af5 Usage: [3], Selector: [1], Type: [1] a97fd351b43a37cdca462ce6783e4192453e84af0e1790764c289e57e27bb6 
mx1.pub.mailpod7-cph3.one.com= Usage: [3], Selector: [1], Type: [1] 5951d49471d48255f349e181309afabd14a7cc96484986056e19dbfe0793e7 Usage: [3], Selector: [1], Type: [1] c5d0655d39a4e4bb3b499e5ad0d4871e73c9a3a58326d950b74a2aad23f79b 
mx1.pub.mailpod8-cph3.one.com= Usage: [3], Selector: [1], Type: [1] 40553b772cb486b06695dbd52f4d73f3c013501868f0b935f4c532d013d0e6 Usage: [3], Selector: [1], Type: [1] d965a3d89b4bba62521c15ef86590072cb637ac7050cc7fb27f8cf16b22bc8 
mx1.pub.mailpod9-cph3.one.com= Usage: [3], Selector: [1], Type: [1] 51c0fac6688bdc92d7f6d8eefedf8a00e1108a01622539912497dba854afdb Usage: [3], Selector: [1], Type: [1] 351ea7538a80adce029d08eb398e1fd25abb7149c15e23e90b8b2077447792 
mx1.rechenwiese.net= Usage: [2], Selector: [1], Type: [1] e5545e211347241891c554a03934cde9b749664a59d26d615fe58f77990f2d Usage: [3], Selector: [1], Type: [1] ba92e745f788be351c9811c72c8647180021d08b1b972ca0fbc6cc66fe7483 Usage: [2], Selector: [1], Type: [1] 8d02536c887482bc34ff54e41d2ba659bf85b341a0a20afadb5813dcfbcf28 
mx1.serverclienti.com= Usage: [3], Selector: [1], Type: [1] 96e7ee90396631c15f4539d5fcf9e7d83afbf82e1d13543f4735e43f036289 
mx1.synetcon.net= Usage: [3], Selector: [0], Type: [1] db35149780b061761dbb1450b32988b28b1f1997b518db9484654efceab779 
mx2.active24.com= Usage: [3], Selector: [1], Type: [1] 6d810df46120c8b76d69937babdc8df91cab5030785e7ff5000e0bb149fca2 Usage: [3], Selector: [1], Type: [1] 873817788c329db81c7b1e8d006c3b29f8edef60587af5e8fd0a5ebd945362 
mx2.heinlein-support.de= Usage: [3], Selector: [1], Type: [1] aab8e6df5d0fcf320b21b465fb18515294e81f91de789b17d8476508a410e4 Usage: [3], Selector: [1], Type: [1] 6b0dd472d3c50d1eff710e93e13993a693e72f8857abe68c996df26b3a24df 
mx2.mail.hostpoint.ch= Usage: [3], Selector: [1], Type: [1] ba882d724c29013cfc5609fe4129ccc0464810d2c05f8cd400aafa213f97f2 
mx2.net4you.net= Usage: [3], Selector: [1], Type: [1] fae54514752aff4d327f6d4c6ee7b6af24e61b7099eb3f4badf2c6ad781146 
mx2.pub.mailpod10-cph3.one.com= Usage: [3], Selector: [1], Type: [1] 68f9341f4ce3cb0507631ec564ae59a802bf1a36437a6d81142b80e0afe5dd Usage: [3], Selector: [1], Type: [1] 196078cc783b2a93dd36edc806a90bea0169b00a8d3fde09335011980325dc 
mx2.pub.mailpod1-cph3.one.com= Usage: [3], Selector: [1], Type: [1] 18bd23670f60c0217338196a1708cbff4b2b6c97f36d18251f41241ae8c579 Usage: [3], Selector: [1], Type: [1] f5e89aa4dead5ab7247ac6666eed312e96d0d8cb6cf90018f1758a384274f5 
mx2.pub.mailpod2-cph3.one.com= Usage: [3], Selector: [1], Type: [1] 4b6b053fa41765c0f643026b908830e8f8819bcd22266a2d02f0ccba92b387 Usage: [3], Selector: [1], Type: [1] 8a37086e6d13e0262f1fedc98a0bcad46b0a84a237da11687d705d0cab9423 
mx2.pub.mailpod3-cph3.one.com= Usage: [3], Selector: [1], Type: [1] fbcafa9dbaa140db6556e0c83499f5840de9139322e85d4bdb704229d1d940 Usage: [3], Selector: [1], Type: [1] a3b43e7e07a2bb10968374c4f376e8f709d99632c5d221ac9f0e05c0e0ca01 
mx2.pub.mailpod4-cph3.one.com= Usage: [3], Selector: [1], Type: [1] 3c422de5da2dab51159b28cf8c1686c18a1d5aee02a02ea7031534f2146afa Usage: [3], Selector: [1], Type: [1] 25b80f6906a373b766efb86cbdbababfa8b9e043d7be13f1db6dcf2b8968b2 
mx2.pub.mailpod5-cph3.one.com= Usage: [3], Selector: [1], Type: [1] f5939c84b1f7e239314f741530ad9555de3c708b3a4ea787fe984a13c1cc27 Usage: [3], Selector: [1], Type: [1] 92802e1da27b67fcfaa0635ab55cbf825e6fcad7c5c1262f1228339bd40a6b 
mx2.pub.mailpod6-cph3.one.com= Usage: [3], Selector: [1], Type: [1] 87549086ee3571f3d7f8635ca789d7ca0da5943d1774910e060e9321662af5 Usage: [3], Selector: [1], Type: [1] a97fd351b43a37cdca462ce6783e4192453e84af0e1790764c289e57e27bb6 
mx2.pub.mailpod7-cph3.one.com= Usage: [3], Selector: [1], Type: [1] 5951d49471d48255f349e181309afabd14a7cc96484986056e19dbfe0793e7 Usage: [3], Selector: [1], Type: [1] c5d0655d39a4e4bb3b499e5ad0d4871e73c9a3a58326d950b74a2aad23f79b 
mx2.pub.mailpod8-cph3.one.com= Usage: [3], Selector: [1], Type: [1] d965a3d89b4bba62521c15ef86590072cb637ac7050cc7fb27f8cf16b22bc8 Usage: [3], Selector: [1], Type: [1] 40553b772cb486b06695dbd52f4d73f3c013501868f0b935f4c532d013d0e6 
mx2.pub.mailpod9-cph3.one.com= Usage: [3], Selector: [1], Type: [1] 351ea7538a80adce029d08eb398e1fd25abb7149c15e23e90b8b2077447792 Usage: [3], Selector: [1], Type: [1] 51c0fac6688bdc92d7f6d8eefedf8a00e1108a01622539912497dba854afdb 
mx2.rechenwiese.net= Usage: [3], Selector: [1], Type: [1] 261274cd55e14170302371ef8b7c564d6729d57200c0d87ef5316748cd06c8 Usage: [2], Selector: [1], Type: [1] e5545e211347241891c554a03934cde9b749664a59d26d615fe58f77990f2d Usage: [2], Selector: [1], Type: [1] 8d02536c887482bc34ff54e41d2ba659bf85b341a0a20afadb5813dcfbcf28 
mx2.serverclienti.com= Usage: [3], Selector: [1], Type: [1] 96e7ee90396631c15f4539d5fcf9e7d83afbf82e1d13543f4735e43f036289 
mx2.synetcon.net= Usage: [3], Selector: [0], Type: [1] f9974ed188b9c0e0bdae1db17216962df66bd779b248d8b2aa3e2fb526825e 
mx3.heinlein-support.de= Usage: [3], Selector: [1], Type: [1] c36a0b082b3354e3f75ab57beda27501aa339c3115e2d12ac9039517fcc1f2 Usage: [3], Selector: [1], Type: [1] 6b0dd472d3c50d1eff710e93e13993a693e72f8857abe68c996df26b3a24df 
mx3.pub.mailpod10-cph3.one.com= Usage: [3], Selector: [1], Type: [1] 196078cc783b2a93dd36edc806a90bea0169b00a8d3fde09335011980325dc Usage: [3], Selector: [1], Type: [1] 68f9341f4ce3cb0507631ec564ae59a802bf1a36437a6d81142b80e0afe5dd 
mx3.pub.mailpod1-cph3.one.com= Usage: [3], Selector: [1], Type: [1] 18bd23670f60c0217338196a1708cbff4b2b6c97f36d18251f41241ae8c579 Usage: [3], Selector: [1], Type: [1] f5e89aa4dead5ab7247ac6666eed312e96d0d8cb6cf90018f1758a384274f5 
mx3.pub.mailpod2-cph3.one.com= Usage: [3], Selector: [1], Type: [1] 4b6b053fa41765c0f643026b908830e8f8819bcd22266a2d02f0ccba92b387 Usage: [3], Selector: [1], Type: [1] 8a37086e6d13e0262f1fedc98a0bcad46b0a84a237da11687d705d0cab9423 
mx3.pub.mailpod3-cph3.one.com= Usage: [3], Selector: [1], Type: [1] a3b43e7e07a2bb10968374c4f376e8f709d99632c5d221ac9f0e05c0e0ca01 Usage: [3], Selector: [1], Type: [1] fbcafa9dbaa140db6556e0c83499f5840de9139322e85d4bdb704229d1d940 
mx3.pub.mailpod4-cph3.one.com= Usage: [3], Selector: [1], Type: [1] 25b80f6906a373b766efb86cbdbababfa8b9e043d7be13f1db6dcf2b8968b2 Usage: [3], Selector: [1], Type: [1] 3c422de5da2dab51159b28cf8c1686c18a1d5aee02a02ea7031534f2146afa 
mx3.pub.mailpod5-cph3.one.com= Usage: [3], Selector: [1], Type: [1] 92802e1da27b67fcfaa0635ab55cbf825e6fcad7c5c1262f1228339bd40a6b Usage: [3], Selector: [1], Type: [1] f5939c84b1f7e239314f741530ad9555de3c708b3a4ea787fe984a13c1cc27 
mx3.pub.mailpod6-cph3.one.com= Usage: [3], Selector: [1], Type: [1] 87549086ee3571f3d7f8635ca789d7ca0da5943d1774910e060e9321662af5 Usage: [3], Selector: [1], Type: [1] a97fd351b43a37cdca462ce6783e4192453e84af0e1790764c289e57e27bb6 
mx3.pub.mailpod7-cph3.one.com= Usage: [3], Selector: [1], Type: [1] 5951d49471d48255f349e181309afabd14a7cc96484986056e19dbfe0793e7 Usage: [3], Selector: [1], Type: [1] c5d0655d39a4e4bb3b499e5ad0d4871e73c9a3a58326d950b74a2aad23f79b 
mx3.pub.mailpod8-cph3.one.com= Usage: [3], Selector: [1], Type: [1] 40553b772cb486b06695dbd52f4d73f3c013501868f0b935f4c532d013d0e6 Usage: [3], Selector: [1], Type: [1] d965a3d89b4bba62521c15ef86590072cb637ac7050cc7fb27f8cf16b22bc8 
mx3.pub.mailpod9-cph3.one.com= Usage: [3], Selector: [1], Type: [1] 51c0fac6688bdc92d7f6d8eefedf8a00e1108a01622539912497dba854afdb Usage: [3], Selector: [1], Type: [1] 351ea7538a80adce029d08eb398e1fd25abb7149c15e23e90b8b2077447792 
mx4.pub.mailpod10-cph3.one.com= Usage: [3], Selector: [1], Type: [1] 196078cc783b2a93dd36edc806a90bea0169b00a8d3fde09335011980325dc Usage: [3], Selector: [1], Type: [1] 68f9341f4ce3cb0507631ec564ae59a802bf1a36437a6d81142b80e0afe5dd 
mx4.pub.mailpod9-cph3.one.com= Usage: [3], Selector: [1], Type: [1] 51c0fac6688bdc92d7f6d8eefedf8a00e1108a01622539912497dba854afdb Usage: [3], Selector: [1], Type: [1] 351ea7538a80adce029d08eb398e1fd25abb7149c15e23e90b8b2077447792 
mx-a.secumail.de= Usage: [3], Selector: [0], Type: [1] 50e8d8af451ff2548531903d643750a38b6aa9e2ca51adf809fd2f9d219954 
mxavas.forpsi.com= Usage: [3], Selector: [1], Type: [1] 7ab5f4244c4878adc5588731fda74bd1f8835e6b0490d1ac184581f1c028ca 
mx-b.secumail.de= Usage: [3], Selector: [0], Type: [1] 50e8d8af451ff2548531903d643750a38b6aa9e2ca51adf809fd2f9d219954 
mxext1.mailbox.org= Usage: [3], Selector: [1], Type: [1] 996ad31d65e03f038b8ec950f6f26611529da03e3a283e4400cba2edd04b8a Usage: [3], Selector: [1], Type: [1] e41cc7633029afdba53744d7e5fc31ef507e592de9dfb33557bf3b9a792394 Usage: [3], Selector: [1], Type: [1] 4758af6f02dfb5dc8795fa402e77a8a0486af5e85d2ca60c294476aadc40b2 
mxext2.mailbox.org= Usage: [3], Selector: [1], Type: [1] e41cc7633029afdba53744d7e5fc31ef507e592de9dfb33557bf3b9a792394 Usage: [3], Selector: [1], Type: [1] 4758af6f02dfb5dc8795fa402e77a8a0486af5e85d2ca60c294476aadc40b2 Usage: [3], Selector: [1], Type: [1] 996ad31d65e03f038b8ec950f6f26611529da03e3a283e4400cba2edd04b8a 
mxext3.mailbox.org= Usage: [3], Selector: [1], Type: [1] 4758af6f02dfb5dc8795fa402e77a8a0486af5e85d2ca60c294476aadc40b2 Usage: [3], Selector: [1], Type: [1] 996ad31d65e03f038b8ec950f6f26611529da03e3a283e4400cba2edd04b8a Usage: [3], Selector: [1], Type: [1] e41cc7633029afdba53744d7e5fc31ef507e592de9dfb33557bf3b9a792394 
mx-n.heinlein-support.de= Usage: [3], Selector: [1], Type: [1] 3fb24e3ee20fd8b05613d4513da596479f5965b11164db2b97c594f42113a6 Usage: [3], Selector: [1], Type: [1] 6b0dd472d3c50d1eff710e93e13993a693e72f8857abe68c996df26b3a24df 
mx.soverin.net= Usage: [3], Selector: [0], Type: [1] 15c6125f32a29eead66da7a56171d7b99e4ac18f247c2c0f4e95e876078704 Usage: [3], Selector: [0], Type: [1] f8ae87586f1c2a88853870c90c84d4335af3c32b2f1c7045639352577c2dfa 
mx.sus.or.at= Usage: [3], Selector: [1], Type: [1] f1eae718a48a2bc2fd9189f4c4824dd8a8190964a34fa3d27005b98472912c 
mx.transip.email= Usage: [3], Selector: [0], Type: [1] 28038bc79b89c9537a1040fd0240cc2e572a7487b9b8215805905bcaa773f9 
nc.hitco.at= Usage: [2], Selector: [1], Type: [1] e5545e211347241891c554a03934cde9b749664a59d26d615fe58f77990f2d Usage: [3], Selector: [1], Type: [1] cd54ce5770b29860600f1e7ce3368352975c01e39bc55c46af4a32b773d209 Usage: [2], Selector: [1], Type: [1] 8d02536c887482bc34ff54e41d2ba659bf85b341a0a20afadb5813dcfbcf28 Usage: [2], Selector: [1], Type: [1] b111dd8a1c2091a89bd4fd60c57f0716cce50feeff8137cdbee0326e02cf36 Usage: [2], Selector: [1], Type: [1] 60b87575447dcba2a36b7d11ac09fb24a9db406fee12d2cc90180517616e8a 
nsp.m26.at= Usage: [2], Selector: [1], Type: [2] 6ce1d49613cbdafc9732049f69519035b2122f9e6d493ea1c20c5b9c7bd81f9cb1e2ba2aab9dfddc5bbd124c8e4615d8d024da4152f4f62456fc2eb1eb902a 
spamrelay.zxcs.nl= Usage: [3], Selector: [0], Type: [2] c983d55f70f711908016026b9fe88224aa0fa6844d708a9281f15662b503ed64b8223e0735bda51c7654f56c5c6366164717067c760f90a2a9cd03ae84e95c 
spool.ebox.at= Usage: [3], Selector: [1], Type: [1] 990a63e4494880136f86cc23542b697c5cb0c8c8815ea7ef15b6ed4eefab6e 
srv1.flexfilter.nl= Usage: [3], Selector: [0], Type: [1] 44abfeb3e18443e45e525b2d850c3e80f0bef15a3bb6e2f880eba72858af5e 
srv2.flexfilter.nl= Usage: [3], Selector: [0], Type: [1] 44abfeb3e18443e45e525b2d850c3e80f0bef15a3bb6e2f880eba72858af5e 
zidmx1.univie.ac.at= Usage: [3], Selector: [1], Type: [1] c0578936f55c1800aa6ac8f74116da06c0f8910f8081732cae8f0967ef3204 Usage: [2], Selector: [1], Type: [1] f3ae75c0490c907e5fb6268ba79ee8aa6c772874c5cc3829ed97895d1d13a0 
zidmx2.univie.ac.at= Usage: [2], Selector: [1], Type: [1] f3ae75c0490c907e5fb6268ba79ee8aa6c772874c5cc3829ed97895d1d13a0 Usage: [3], Selector: [1], Type: [1] f048d7e22633e2cbc4c821c0c17d163a682cdca46e725b6a9efc092415d28a 
zidmx3.univie.ac.at= Usage: [3], Selector: [1], Type: [1] 748a7a89b7262329206adb31ba00cd7b687bbe7dea5768dd895b8492ce1b25 Usage: [2], Selector: [1], Type: [1] f3ae75c0490c907e5fb6268ba79ee8aa6c772874c5cc3829ed97895d1d13a0 
