gatekeeper.space.net= Usage: [3], Selector: [1], Type: [1] b89a811ea3f203f2a72ab88da6f5f45a2f62e56980148254b622f75951b23e 
mail-01.dd24.net= Usage: [3], Selector: [0], Type: [1] 2652586e0fc2643fa3032fc9310563485e1273d4ae03eadadfe0dd09d4840e 
mail1.backupservers.de= Usage: [3], Selector: [1], Type: [1] ba055794aab3d33d73cb27179bf87e88b5e08ebfe342781e15fc888e67ee40 
mail.bitblaze.net= Usage: [3], Selector: [1], Type: [1] b45de62af4cc0372a8ccb847f1682fcc513fa24484dbd31d500f5402656e3c 
mail.diverse.io= Usage: [3], Selector: [1], Type: [1] 685e12061ba872d6abdbad7041f8342224e3e72df41a836d2628c7cd11329b 
maildomain.datevnet.com= Usage: [3], Selector: [1], Type: [1] b6c9781dff925812402c2263c905de6a195675fa77cb8033c35457cb688050 
maildomain.datevnet.de= Usage: [3], Selector: [1], Type: [1] b6c9781dff925812402c2263c905de6a195675fa77cb8033c35457cb688050 
maildrop1.argewebhosting.nl= Usage: [3], Selector: [1], Type: [1] f3058a1e3290b07d48c7126ab1e643e9d2edacbd15e92163a10c3b355ccd8d 
maildrop2.argewebhosting.nl= Usage: [3], Selector: [1], Type: [1] f3058a1e3290b07d48c7126ab1e643e9d2edacbd15e92163a10c3b355ccd8d 
maildrop3.argewebhosting.nl= Usage: [3], Selector: [1], Type: [1] f3058a1e3290b07d48c7126ab1e643e9d2edacbd15e92163a10c3b355ccd8d 
mail.ebox.at= Usage: [3], Selector: [1], Type: [1] 990a63e4494880136f86cc23542b697c5cb0c8c8815ea7ef15b6ed4eefab6e 
mailex.graz4u.at= Usage: [3], Selector: [0], Type: [1] d21aa034b618c134cd4fcee0c01db1cf3f049109b0548ad6d894323dc5e5f9 Usage: [3], Selector: [1], Type: [2] 8d8131a69f6ce00d5cc860b6fd6410616b579ac198fbd31ba6689769b7bb01d65ba40f03032780ba2225c9f85f2ce11141c4c0da581029b8a370066f6bf269 Usage: [3], Selector: [1], Type: [1] 8bd91552cb88f66a1a4e0880aca1b1ad409930a8aa980002c0a9eaf6f84dd6 
mail.expersite.com= Usage: [3], Selector: [0], Type: [1] df51078d846867b2ebac7c50eeae4bc4d17b4f397b4e6792878c4db8cf543d 
mail.inted.at= Usage: [3], Selector: [1], Type: [1] 0add95a8a2a0eeb403924de6e7baa46249f0e0f4e9dc2db2ed21cda1bf69b8 
mail.irq.at= Usage: [2], Selector: [1], Type: [1] 8d02536c887482bc34ff54e41d2ba659bf85b341a0a20afadb5813dcfbcf28 Usage: [3], Selector: [1], Type: [1] 196077102871b3e40f2a2a3a343c6c8bc431aa93d7b713e29df9aae853c81c 
mail.lux02.de= Usage: [3], Selector: [1], Type: [1] 2e20bcb4fbcaf9e0f7baa5e0f2b9cd8a14a36a3e6617a39e4fbc3c922dacbc 
mail.neteco.at= Usage: [3], Selector: [0], Type: [1] 6b293cd2c585b0c6bccecf0c492d6d122f04c1b1f2fd881119a26c3d34fd5f 
mail.office-vienna.at= Usage: [2], Selector: [1], Type: [1] 8d02536c887482bc34ff54e41d2ba659bf85b341a0a20afadb5813dcfbcf28 
mail.protonmail.ch= Usage: [3], Selector: [1], Type: [1] 6111a5698d23c89e09c36ff833c1487edc1b0c841f87c49dae8f7a09e11e97 Usage: [3], Selector: [1], Type: [1] 76bb66711da416433ca890a5b2e5a0533c6006478f7d10a4469a947acc8399 
mailsec.protonmail.ch= Usage: [3], Selector: [1], Type: [1] 76bb66711da416433ca890a5b2e5a0533c6006478f7d10a4469a947acc8399 Usage: [3], Selector: [1], Type: [1] 6111a5698d23c89e09c36ff833c1487edc1b0c841f87c49dae8f7a09e11e97 
mail.twosteps.net= Usage: [3], Selector: [1], Type: [1] a2a50eddaae5e03b678f4c3d7f71bc1b4a38a06d2671f6761ab15779e7e6bc 
mail.ud01.udmedia.de= Usage: [3], Selector: [1], Type: [1] be50be4966db382022a2d0a30a4fe44f3594a09c763677357080c1538999d1 
mail.ud07.udmedia.de= Usage: [3], Selector: [1], Type: [1] 085a32df52751c3dc747ddc33f3998a293108da63e02eb6aadde91800e61fe 
mail.webseitenserver.com= Usage: [3], Selector: [0], Type: [1] 0fb5f87b49376fdfed960e5c75c5cc4d8f0e84c3e5e88c0e99fc873d6352a1 
mta-gw.infomaniak.ch= Usage: [3], Selector: [1], Type: [1] 01bbbc3a65e5f2067aa43dbab107583e1a14567ed2569c63445d21e1de5569 
mx0.emailservers.de= Usage: [3], Selector: [0], Type: [1] 1262bbc90dc0475c71f7b043738473ec926d77554572c383fbfe7503945831 Usage: [3], Selector: [0], Type: [1] 5461e5e2d3dbf5082973da86093af7a063f21d92f475800dc459185c024744 
mx10.onebit.cz= Usage: [3], Selector: [1], Type: [1] 41f792a03efa45cfdb801d8987487d463b743b4647aaf3a15be208f40c99a1 
mx10.onebit.eu= Usage: [3], Selector: [1], Type: [1] eb9a0965ccba1074232212df897e1bbd622c555afbc3d413295e4ef2a6809c Usage: [3], Selector: [1], Type: [1] 1c8dd7cc6cb98b4783063d4d8d45a5bd3d261744707ca79ac30a3805d6c271 
mx1.active24.com= Usage: [3], Selector: [1], Type: [1] 6d810df46120c8b76d69937babdc8df91cab5030785e7ff5000e0bb149fca2 Usage: [3], Selector: [1], Type: [1] 873817788c329db81c7b1e8d006c3b29f8edef60587af5e8fd0a5ebd945362 
mx1.allesedv.at= Usage: [3], Selector: [1], Type: [1] 6d83b04d31e2f5bad199a30e87b12663c2413ff71877d1bc195a1bbacbefc5 Usage: [2], Selector: [0], Type: [1] 1a9800c7cc4a5e65c794ba80c4a1c54ffa71e50284444853ec49bd2593f064 Usage: [2], Selector: [0], Type: [1] 5d1be3b8deb91a980ab1dde09747549057a1454bdbcfe2e8d9772bcf843e33 Usage: [2], Selector: [1], Type: [1] 4a5b78f220554e3b914094e36f3a299a29d1ac7486b67758d3fb23d2515ff5 Usage: [3], Selector: [1], Type: [1] 14ac5b821dbd306b9797b08511564ead62b7f10b7c0bd4fea8ed8d2b158c79 Usage: [3], Selector: [1], Type: [1] 18ba3854bd53dee6d66637753522a63316e53bb1b8a710b50aeeba63e5c111 
mx1.intermax.nl= Usage: [3], Selector: [1], Type: [1] ab015e40a9b926931d70b85e71872a1cfa91f843622d4fd898e846f9efe266 
mx1.mail.hostpoint.ch= Usage: [3], Selector: [1], Type: [1] ba882d724c29013cfc5609fe4129ccc0464810d2c05f8cd400aafa213f97f2 
mx1.net4you.net= Usage: [3], Selector: [1], Type: [1] fae54514752aff4d327f6d4c6ee7b6af24e61b7099eb3f4badf2c6ad781146 
mx1.pub.mailpod10-cph3.one.com= Usage: [3], Selector: [1], Type: [1] 68f9341f4ce3cb0507631ec564ae59a802bf1a36437a6d81142b80e0afe5dd Usage: [3], Selector: [1], Type: [1] 196078cc783b2a93dd36edc806a90bea0169b00a8d3fde09335011980325dc 
mx1.pub.mailpod1-cph3.one.com= Usage: [3], Selector: [1], Type: [1] f5e89aa4dead5ab7247ac6666eed312e96d0d8cb6cf90018f1758a384274f5 Usage: [3], Selector: [1], Type: [1] 18bd23670f60c0217338196a1708cbff4b2b6c97f36d18251f41241ae8c579 
mx1.pub.mailpod2-cph3.one.com= Usage: [3], Selector: [1], Type: [1] 4b6b053fa41765c0f643026b908830e8f8819bcd22266a2d02f0ccba92b387 Usage: [3], Selector: [1], Type: [1] 8a37086e6d13e0262f1fedc98a0bcad46b0a84a237da11687d705d0cab9423 
mx1.pub.mailpod3-cph3.one.com= Usage: [3], Selector: [1], Type: [1] a3b43e7e07a2bb10968374c4f376e8f709d99632c5d221ac9f0e05c0e0ca01 Usage: [3], Selector: [1], Type: [1] fbcafa9dbaa140db6556e0c83499f5840de9139322e85d4bdb704229d1d940 
mx1.pub.mailpod4-cph3.one.com= Usage: [3], Selector: [1], Type: [1] 25b80f6906a373b766efb86cbdbababfa8b9e043d7be13f1db6dcf2b8968b2 Usage: [3], Selector: [1], Type: [1] 3c422de5da2dab51159b28cf8c1686c18a1d5aee02a02ea7031534f2146afa 
mx1.pub.mailpod5-cph3.one.com= Usage: [3], Selector: [1], Type: [1] 92802e1da27b67fcfaa0635ab55cbf825e6fcad7c5c1262f1228339bd40a6b Usage: [3], Selector: [1], Type: [1] f5939c84b1f7e239314f741530ad9555de3c708b3a4ea787fe984a13c1cc27 
mx1.pub.mailpod6-cph3.one.com= Usage: [3], Selector: [1], Type: [1] a97fd351b43a37cdca462ce6783e4192453e84af0e1790764c289e57e27bb6 Usage: [3], Selector: [1], Type: [1] 87549086ee3571f3d7f8635ca789d7ca0da5943d1774910e060e9321662af5 
mx1.pub.mailpod7-cph3.one.com= Usage: [3], Selector: [1], Type: [1] c5d0655d39a4e4bb3b499e5ad0d4871e73c9a3a58326d950b74a2aad23f79b Usage: [3], Selector: [1], Type: [1] 5951d49471d48255f349e181309afabd14a7cc96484986056e19dbfe0793e7 
mx1.pub.mailpod8-cph3.one.com= Usage: [3], Selector: [1], Type: [1] d965a3d89b4bba62521c15ef86590072cb637ac7050cc7fb27f8cf16b22bc8 Usage: [3], Selector: [1], Type: [1] 40553b772cb486b06695dbd52f4d73f3c013501868f0b935f4c532d013d0e6 
mx1.pub.mailpod9-cph3.one.com= Usage: [3], Selector: [1], Type: [1] 51c0fac6688bdc92d7f6d8eefedf8a00e1108a01622539912497dba854afdb Usage: [3], Selector: [1], Type: [1] 351ea7538a80adce029d08eb398e1fd25abb7149c15e23e90b8b2077447792 
mx1.rechenwiese.net= Usage: [2], Selector: [1], Type: [1] 8d02536c887482bc34ff54e41d2ba659bf85b341a0a20afadb5813dcfbcf28 Usage: [3], Selector: [1], Type: [1] ba92e745f788be351c9811c72c8647180021d08b1b972ca0fbc6cc66fe7483 Usage: [2], Selector: [1], Type: [1] e5545e211347241891c554a03934cde9b749664a59d26d615fe58f77990f2d 
mx2.active24.com= Usage: [3], Selector: [1], Type: [1] 6d810df46120c8b76d69937babdc8df91cab5030785e7ff5000e0bb149fca2 Usage: [3], Selector: [1], Type: [1] 873817788c329db81c7b1e8d006c3b29f8edef60587af5e8fd0a5ebd945362 
mx2.intermax.nl= Usage: [3], Selector: [1], Type: [1] ab015e40a9b926931d70b85e71872a1cfa91f843622d4fd898e846f9efe266 
mx2.mail.hostpoint.ch= Usage: [3], Selector: [1], Type: [1] ba882d724c29013cfc5609fe4129ccc0464810d2c05f8cd400aafa213f97f2 
mx2.net4you.net= Usage: [3], Selector: [1], Type: [1] fae54514752aff4d327f6d4c6ee7b6af24e61b7099eb3f4badf2c6ad781146 
mx2.pub.mailpod10-cph3.one.com= Usage: [3], Selector: [1], Type: [1] 196078cc783b2a93dd36edc806a90bea0169b00a8d3fde09335011980325dc Usage: [3], Selector: [1], Type: [1] 68f9341f4ce3cb0507631ec564ae59a802bf1a36437a6d81142b80e0afe5dd 
mx2.pub.mailpod1-cph3.one.com= Usage: [3], Selector: [1], Type: [1] f5e89aa4dead5ab7247ac6666eed312e96d0d8cb6cf90018f1758a384274f5 Usage: [3], Selector: [1], Type: [1] 18bd23670f60c0217338196a1708cbff4b2b6c97f36d18251f41241ae8c579 
mx2.pub.mailpod2-cph3.one.com= Usage: [3], Selector: [1], Type: [1] 8a37086e6d13e0262f1fedc98a0bcad46b0a84a237da11687d705d0cab9423 Usage: [3], Selector: [1], Type: [1] 4b6b053fa41765c0f643026b908830e8f8819bcd22266a2d02f0ccba92b387 
mx2.pub.mailpod3-cph3.one.com= Usage: [3], Selector: [1], Type: [1] a3b43e7e07a2bb10968374c4f376e8f709d99632c5d221ac9f0e05c0e0ca01 Usage: [3], Selector: [1], Type: [1] fbcafa9dbaa140db6556e0c83499f5840de9139322e85d4bdb704229d1d940 
mx2.pub.mailpod4-cph3.one.com= Usage: [3], Selector: [1], Type: [1] 25b80f6906a373b766efb86cbdbababfa8b9e043d7be13f1db6dcf2b8968b2 Usage: [3], Selector: [1], Type: [1] 3c422de5da2dab51159b28cf8c1686c18a1d5aee02a02ea7031534f2146afa 
mx2.pub.mailpod5-cph3.one.com= Usage: [3], Selector: [1], Type: [1] 92802e1da27b67fcfaa0635ab55cbf825e6fcad7c5c1262f1228339bd40a6b Usage: [3], Selector: [1], Type: [1] f5939c84b1f7e239314f741530ad9555de3c708b3a4ea787fe984a13c1cc27 
mx2.pub.mailpod6-cph3.one.com= Usage: [3], Selector: [1], Type: [1] a97fd351b43a37cdca462ce6783e4192453e84af0e1790764c289e57e27bb6 Usage: [3], Selector: [1], Type: [1] 87549086ee3571f3d7f8635ca789d7ca0da5943d1774910e060e9321662af5 
mx2.pub.mailpod7-cph3.one.com= Usage: [3], Selector: [1], Type: [1] 5951d49471d48255f349e181309afabd14a7cc96484986056e19dbfe0793e7 Usage: [3], Selector: [1], Type: [1] c5d0655d39a4e4bb3b499e5ad0d4871e73c9a3a58326d950b74a2aad23f79b 
mx2.pub.mailpod8-cph3.one.com= Usage: [3], Selector: [1], Type: [1] 40553b772cb486b06695dbd52f4d73f3c013501868f0b935f4c532d013d0e6 Usage: [3], Selector: [1], Type: [1] d965a3d89b4bba62521c15ef86590072cb637ac7050cc7fb27f8cf16b22bc8 
mx2.pub.mailpod9-cph3.one.com= Usage: [3], Selector: [1], Type: [1] 51c0fac6688bdc92d7f6d8eefedf8a00e1108a01622539912497dba854afdb Usage: [3], Selector: [1], Type: [1] 351ea7538a80adce029d08eb398e1fd25abb7149c15e23e90b8b2077447792 
mx2.rechenwiese.net= Usage: [2], Selector: [1], Type: [1] 8d02536c887482bc34ff54e41d2ba659bf85b341a0a20afadb5813dcfbcf28 Usage: [3], Selector: [1], Type: [1] 261274cd55e14170302371ef8b7c564d6729d57200c0d87ef5316748cd06c8 Usage: [2], Selector: [1], Type: [1] e5545e211347241891c554a03934cde9b749664a59d26d615fe58f77990f2d 
mx3.pub.mailpod10-cph3.one.com= Usage: [3], Selector: [1], Type: [1] 68f9341f4ce3cb0507631ec564ae59a802bf1a36437a6d81142b80e0afe5dd Usage: [3], Selector: [1], Type: [1] 196078cc783b2a93dd36edc806a90bea0169b00a8d3fde09335011980325dc 
mx3.pub.mailpod1-cph3.one.com= Usage: [3], Selector: [1], Type: [1] 18bd23670f60c0217338196a1708cbff4b2b6c97f36d18251f41241ae8c579 Usage: [3], Selector: [1], Type: [1] f5e89aa4dead5ab7247ac6666eed312e96d0d8cb6cf90018f1758a384274f5 
mx3.pub.mailpod2-cph3.one.com= Usage: [3], Selector: [1], Type: [1] 8a37086e6d13e0262f1fedc98a0bcad46b0a84a237da11687d705d0cab9423 Usage: [3], Selector: [1], Type: [1] 4b6b053fa41765c0f643026b908830e8f8819bcd22266a2d02f0ccba92b387 
mx3.pub.mailpod3-cph3.one.com= Usage: [3], Selector: [1], Type: [1] fbcafa9dbaa140db6556e0c83499f5840de9139322e85d4bdb704229d1d940 Usage: [3], Selector: [1], Type: [1] a3b43e7e07a2bb10968374c4f376e8f709d99632c5d221ac9f0e05c0e0ca01 
mx3.pub.mailpod4-cph3.one.com= Usage: [3], Selector: [1], Type: [1] 25b80f6906a373b766efb86cbdbababfa8b9e043d7be13f1db6dcf2b8968b2 Usage: [3], Selector: [1], Type: [1] 3c422de5da2dab51159b28cf8c1686c18a1d5aee02a02ea7031534f2146afa 
mx3.pub.mailpod5-cph3.one.com= Usage: [3], Selector: [1], Type: [1] f5939c84b1f7e239314f741530ad9555de3c708b3a4ea787fe984a13c1cc27 Usage: [3], Selector: [1], Type: [1] 92802e1da27b67fcfaa0635ab55cbf825e6fcad7c5c1262f1228339bd40a6b 
mx3.pub.mailpod6-cph3.one.com= Usage: [3], Selector: [1], Type: [1] 87549086ee3571f3d7f8635ca789d7ca0da5943d1774910e060e9321662af5 Usage: [3], Selector: [1], Type: [1] a97fd351b43a37cdca462ce6783e4192453e84af0e1790764c289e57e27bb6 
mx3.pub.mailpod7-cph3.one.com= Usage: [3], Selector: [1], Type: [1] 5951d49471d48255f349e181309afabd14a7cc96484986056e19dbfe0793e7 Usage: [3], Selector: [1], Type: [1] c5d0655d39a4e4bb3b499e5ad0d4871e73c9a3a58326d950b74a2aad23f79b 
mx3.pub.mailpod8-cph3.one.com= Usage: [3], Selector: [1], Type: [1] 40553b772cb486b06695dbd52f4d73f3c013501868f0b935f4c532d013d0e6 Usage: [3], Selector: [1], Type: [1] d965a3d89b4bba62521c15ef86590072cb637ac7050cc7fb27f8cf16b22bc8 
mx3.pub.mailpod9-cph3.one.com= Usage: [3], Selector: [1], Type: [1] 351ea7538a80adce029d08eb398e1fd25abb7149c15e23e90b8b2077447792 Usage: [3], Selector: [1], Type: [1] 51c0fac6688bdc92d7f6d8eefedf8a00e1108a01622539912497dba854afdb 
mx4.pub.mailpod10-cph3.one.com= Usage: [3], Selector: [1], Type: [1] 196078cc783b2a93dd36edc806a90bea0169b00a8d3fde09335011980325dc Usage: [3], Selector: [1], Type: [1] 68f9341f4ce3cb0507631ec564ae59a802bf1a36437a6d81142b80e0afe5dd 
mx4.pub.mailpod9-cph3.one.com= Usage: [3], Selector: [1], Type: [1] 51c0fac6688bdc92d7f6d8eefedf8a00e1108a01622539912497dba854afdb Usage: [3], Selector: [1], Type: [1] 351ea7538a80adce029d08eb398e1fd25abb7149c15e23e90b8b2077447792 
mx8.onebit.cz= Usage: [3], Selector: [1], Type: [1] e65d5320edbd0602a62ee219e15b72a1f45fa8f9057d57818fdcaa6366f999 
mx8.onebit.eu= Usage: [3], Selector: [1], Type: [1] eb9a0965ccba1074232212df897e1bbd622c555afbc3d413295e4ef2a6809c Usage: [3], Selector: [1], Type: [1] 1c8dd7cc6cb98b4783063d4d8d45a5bd3d261744707ca79ac30a3805d6c271 
mx-a.secumail.de= Usage: [3], Selector: [0], Type: [1] 50e8d8af451ff2548531903d643750a38b6aa9e2ca51adf809fd2f9d219954 
mxavas.forpsi.com= Usage: [3], Selector: [1], Type: [1] 7ab5f4244c4878adc5588731fda74bd1f8835e6b0490d1ac184581f1c028ca 
mx-b.secumail.de= Usage: [3], Selector: [0], Type: [1] 50e8d8af451ff2548531903d643750a38b6aa9e2ca51adf809fd2f9d219954 
mxext1.mailbox.org= Usage: [3], Selector: [1], Type: [1] 996ad31d65e03f038b8ec950f6f26611529da03e3a283e4400cba2edd04b8a Usage: [3], Selector: [1], Type: [1] e41cc7633029afdba53744d7e5fc31ef507e592de9dfb33557bf3b9a792394 Usage: [3], Selector: [1], Type: [1] 4758af6f02dfb5dc8795fa402e77a8a0486af5e85d2ca60c294476aadc40b2 
mxext2.mailbox.org= Usage: [3], Selector: [1], Type: [1] 996ad31d65e03f038b8ec950f6f26611529da03e3a283e4400cba2edd04b8a Usage: [3], Selector: [1], Type: [1] e41cc7633029afdba53744d7e5fc31ef507e592de9dfb33557bf3b9a792394 Usage: [3], Selector: [1], Type: [1] 4758af6f02dfb5dc8795fa402e77a8a0486af5e85d2ca60c294476aadc40b2 
mxext3.mailbox.org= Usage: [3], Selector: [1], Type: [1] 996ad31d65e03f038b8ec950f6f26611529da03e3a283e4400cba2edd04b8a Usage: [3], Selector: [1], Type: [1] 4758af6f02dfb5dc8795fa402e77a8a0486af5e85d2ca60c294476aadc40b2 Usage: [3], Selector: [1], Type: [1] e41cc7633029afdba53744d7e5fc31ef507e592de9dfb33557bf3b9a792394 
mx.inetadmin.cz= Usage: [2], Selector: [1], Type: [1] 8d02536c887482bc34ff54e41d2ba659bf85b341a0a20afadb5813dcfbcf28 
mx.inetadmin.eu= Usage: [2], Selector: [1], Type: [1] 8d02536c887482bc34ff54e41d2ba659bf85b341a0a20afadb5813dcfbcf28 
mx.inetadmin.sk= Usage: [2], Selector: [1], Type: [1] 8d02536c887482bc34ff54e41d2ba659bf85b341a0a20afadb5813dcfbcf28 
mx.runbox.com= Usage: [2], Selector: [1], Type: [1] 276fe8a8c4ec7611565bf9fce6dcace9be320c1b5bea27596b2204071ed04f Usage: [2], Selector: [1], Type: [1] 8d02536c887482bc34ff54e41d2ba659bf85b341a0a20afadb5813dcfbcf28 Usage: [2], Selector: [1], Type: [1] b03d87b056d08cc9d4e675ef19ca83ab53532168a8258598be72e6d85c7dd7 Usage: [2], Selector: [1], Type: [1] bd936e72b212ef6f773102c6b77d38f94297322efc25396bc3279422e0c892 Usage: [2], Selector: [1], Type: [1] e5545e211347241891c554a03934cde9b749664a59d26d615fe58f77990f2d Usage: [3], Selector: [1], Type: [1] 9a5d69227185c22fb9204903b517a029fe6102f962229aeb1c64e3aeb3965e 
nicmx1.univie.ac.at= Usage: [2], Selector: [1], Type: [1] f3ae75c0490c907e5fb6268ba79ee8aa6c772874c5cc3829ed97895d1d13a0 Usage: [3], Selector: [1], Type: [1] fbe1e6d4c2f1cb1d8c966691d100b754f189088d26037aeb413f6c26b28615 
nicmx2.univie.ac.at= Usage: [2], Selector: [1], Type: [1] f3ae75c0490c907e5fb6268ba79ee8aa6c772874c5cc3829ed97895d1d13a0 Usage: [3], Selector: [1], Type: [1] 767cd0581164d1687881b6f7cd42cf507dd90399fac139c0d3428c9f415c64 
nsp.m26.at= Usage: [2], Selector: [1], Type: [2] 6ce1d49613cbdafc9732049f69519035b2122f9e6d493ea1c20c5b9c7bd81f9cb1e2ba2aab9dfddc5bbd124c8e4615d8d024da4152f4f62456fc2eb1eb902a 
smtp.dmrmail.nl= Usage: [3], Selector: [1], Type: [1] 69418e6237a497f2d0771d2960ea8df322c7e42f3cfcaed72fb0a6003c0f4b 
spool.ebox.at= Usage: [3], Selector: [1], Type: [1] 990a63e4494880136f86cc23542b697c5cb0c8c8815ea7ef15b6ed4eefab6e 
zidmx1.univie.ac.at= Usage: [3], Selector: [1], Type: [1] c0578936f55c1800aa6ac8f74116da06c0f8910f8081732cae8f0967ef3204 Usage: [2], Selector: [1], Type: [1] f3ae75c0490c907e5fb6268ba79ee8aa6c772874c5cc3829ed97895d1d13a0 
zidmx2.univie.ac.at= Usage: [2], Selector: [1], Type: [1] f3ae75c0490c907e5fb6268ba79ee8aa6c772874c5cc3829ed97895d1d13a0 Usage: [3], Selector: [1], Type: [1] f048d7e22633e2cbc4c821c0c17d163a682cdca46e725b6a9efc092415d28a 
zidmx3.univie.ac.at= Usage: [3], Selector: [1], Type: [1] 748a7a89b7262329206adb31ba00cd7b687bbe7dea5768dd895b8492ce1b25 Usage: [2], Selector: [1], Type: [1] f3ae75c0490c907e5fb6268ba79ee8aa6c772874c5cc3829ed97895d1d13a0 
