box.roithner.org= Usage: [3], Selector: [1], Type: [1] a2157297472944760b324a4a6b48d1ffacbd5b2f59b7f83468668f521af17d 
luna.j0s.at= Usage: [3], Selector: [1], Type: [1] d0932e27e4d3b54386e2a5f270d95a31f41680c360894a6201d30fd9d4652d 
mail1.janus.at= Usage: [2], Selector: [1], Type: [1] df09b098ae48a0159ecffeb65822bf14cafd509378ac1bb3da794ec131f26f Usage: [3], Selector: [1], Type: [1] df09b098ae48a0159ecffeb65822bf14cafd509378ac1bb3da794ec131f26f 
mail6.onebit.cz= Usage: [3], Selector: [1], Type: [1] 5cc902618a540884d08162bd29d02cce81896a88def8fed1b80d32cf7c3805 
mail.diverse.io= Usage: [3], Selector: [1], Type: [1] 685e12061ba872d6abdbad7041f8342224e3e72df41a836d2628c7cd11329b 
mailin2.mx.speedkom.net= Usage: [3], Selector: [1], Type: [1] 277b2b50cbc1b8a4657715432161e80a3a7bbe5256da5c888a48ee87117978 
mailin5.mx.speedkom.net= Usage: [3], Selector: [1], Type: [1] 8cad7808be8e5564e3f6ab906486b7dc55cc283d8fd6bc2a39a5a80a0110b9 
mail.protonmail.ch= Usage: [3], Selector: [1], Type: [1] 76bb66711da416433ca890a5b2e5a0533c6006478f7d10a4469a947acc8399 Usage: [3], Selector: [1], Type: [1] 6111a5698d23c89e09c36ff833c1487edc1b0c841f87c49dae8f7a09e11e97 
mailsec.protonmail.ch= Usage: [3], Selector: [1], Type: [1] 76bb66711da416433ca890a5b2e5a0533c6006478f7d10a4469a947acc8399 Usage: [3], Selector: [1], Type: [1] 6111a5698d23c89e09c36ff833c1487edc1b0c841f87c49dae8f7a09e11e97 
mail.twosteps.net= Usage: [3], Selector: [1], Type: [1] a2a50eddaae5e03b678f4c3d7f71bc1b4a38a06d2671f6761ab15779e7e6bc 
mail.zeus05.de= Usage: [3], Selector: [1], Type: [1] 357beda32d03d8011d4c89342deb5c7f79b1a9dd6985270c6058774f13208f 
mta-gw.infomaniak.ch= Usage: [3], Selector: [1], Type: [1] 01bbbc3a65e5f2067aa43dbab107583e1a14567ed2569c63445d21e1de5569 
mx1.active24.com= Usage: [3], Selector: [1], Type: [1] 6d810df46120c8b76d69937babdc8df91cab5030785e7ff5000e0bb149fca2 Usage: [3], Selector: [1], Type: [1] 873817788c329db81c7b1e8d006c3b29f8edef60587af5e8fd0a5ebd945362 
mx1.allesedv.at= Usage: [3], Selector: [1], Type: [1] 6d83b04d31e2f5bad199a30e87b12663c2413ff71877d1bc195a1bbacbefc5 Usage: [2], Selector: [0], Type: [1] 1a9800c7cc4a5e65c794ba80c4a1c54ffa71e50284444853ec49bd2593f064 Usage: [2], Selector: [0], Type: [1] 5d1be3b8deb91a980ab1dde09747549057a1454bdbcfe2e8d9772bcf843e33 Usage: [2], Selector: [1], Type: [1] 4a5b78f220554e3b914094e36f3a299a29d1ac7486b67758d3fb23d2515ff5 Usage: [3], Selector: [1], Type: [1] 14ac5b821dbd306b9797b08511564ead62b7f10b7c0bd4fea8ed8d2b158c79 Usage: [3], Selector: [1], Type: [1] 18ba3854bd53dee6d66637753522a63316e53bb1b8a710b50aeeba63e5c111 
mx1.core-networks.de= Usage: [3], Selector: [1], Type: [1] 4693fac7bf491b14761b4d127d94758db649e7a59ab96b29e16fefa4f15677 
mx1.mail.hostpoint.ch= Usage: [3], Selector: [1], Type: [1] ba882d724c29013cfc5609fe4129ccc0464810d2c05f8cd400aafa213f97f2 
mx1.net4you.net= Usage: [3], Selector: [1], Type: [1] fae54514752aff4d327f6d4c6ee7b6af24e61b7099eb3f4badf2c6ad781146 
mx1.pub.mailpod10-cph3.one.com= Usage: [3], Selector: [1], Type: [1] 196078cc783b2a93dd36edc806a90bea0169b00a8d3fde09335011980325dc Usage: [3], Selector: [1], Type: [1] 68f9341f4ce3cb0507631ec564ae59a802bf1a36437a6d81142b80e0afe5dd 
mx1.pub.mailpod1-cph3.one.com= Usage: [3], Selector: [1], Type: [1] f5e89aa4dead5ab7247ac6666eed312e96d0d8cb6cf90018f1758a384274f5 Usage: [3], Selector: [1], Type: [1] 18bd23670f60c0217338196a1708cbff4b2b6c97f36d18251f41241ae8c579 
mx1.pub.mailpod2-cph3.one.com= Usage: [3], Selector: [1], Type: [1] 4b6b053fa41765c0f643026b908830e8f8819bcd22266a2d02f0ccba92b387 Usage: [3], Selector: [1], Type: [1] 8a37086e6d13e0262f1fedc98a0bcad46b0a84a237da11687d705d0cab9423 
mx1.pub.mailpod4-cph3.one.com= Usage: [3], Selector: [1], Type: [1] 3c422de5da2dab51159b28cf8c1686c18a1d5aee02a02ea7031534f2146afa Usage: [3], Selector: [1], Type: [1] 25b80f6906a373b766efb86cbdbababfa8b9e043d7be13f1db6dcf2b8968b2 
mx1.pub.mailpod6-cph3.one.com= Usage: [3], Selector: [1], Type: [1] a97fd351b43a37cdca462ce6783e4192453e84af0e1790764c289e57e27bb6 Usage: [3], Selector: [1], Type: [1] 87549086ee3571f3d7f8635ca789d7ca0da5943d1774910e060e9321662af5 
mx1.pub.mailpod7-cph3.one.com= Usage: [3], Selector: [1], Type: [1] c5d0655d39a4e4bb3b499e5ad0d4871e73c9a3a58326d950b74a2aad23f79b Usage: [3], Selector: [1], Type: [1] 5951d49471d48255f349e181309afabd14a7cc96484986056e19dbfe0793e7 
mx1.pub.mailpod8-cph3.one.com= Usage: [3], Selector: [1], Type: [1] d965a3d89b4bba62521c15ef86590072cb637ac7050cc7fb27f8cf16b22bc8 Usage: [3], Selector: [1], Type: [1] 40553b772cb486b06695dbd52f4d73f3c013501868f0b935f4c532d013d0e6 
mx1.pub.mailpod9-cph3.one.com= Usage: [3], Selector: [1], Type: [1] 351ea7538a80adce029d08eb398e1fd25abb7149c15e23e90b8b2077447792 Usage: [3], Selector: [1], Type: [1] 51c0fac6688bdc92d7f6d8eefedf8a00e1108a01622539912497dba854afdb 
mx2.active24.com= Usage: [3], Selector: [1], Type: [1] 6d810df46120c8b76d69937babdc8df91cab5030785e7ff5000e0bb149fca2 Usage: [3], Selector: [1], Type: [1] 873817788c329db81c7b1e8d006c3b29f8edef60587af5e8fd0a5ebd945362 
mx2.core-networks.de= Usage: [3], Selector: [1], Type: [1] 4693fac7bf491b14761b4d127d94758db649e7a59ab96b29e16fefa4f15677 
mx2.mail.hostpoint.ch= Usage: [3], Selector: [1], Type: [1] ba882d724c29013cfc5609fe4129ccc0464810d2c05f8cd400aafa213f97f2 
mx2.net4you.net= Usage: [3], Selector: [1], Type: [1] fae54514752aff4d327f6d4c6ee7b6af24e61b7099eb3f4badf2c6ad781146 
mx2.pub.mailpod10-cph3.one.com= Usage: [3], Selector: [1], Type: [1] 196078cc783b2a93dd36edc806a90bea0169b00a8d3fde09335011980325dc Usage: [3], Selector: [1], Type: [1] 68f9341f4ce3cb0507631ec564ae59a802bf1a36437a6d81142b80e0afe5dd 
mx2.pub.mailpod1-cph3.one.com= Usage: [3], Selector: [1], Type: [1] f5e89aa4dead5ab7247ac6666eed312e96d0d8cb6cf90018f1758a384274f5 Usage: [3], Selector: [1], Type: [1] 18bd23670f60c0217338196a1708cbff4b2b6c97f36d18251f41241ae8c579 
mx2.pub.mailpod2-cph3.one.com= Usage: [3], Selector: [1], Type: [1] 4b6b053fa41765c0f643026b908830e8f8819bcd22266a2d02f0ccba92b387 Usage: [3], Selector: [1], Type: [1] 8a37086e6d13e0262f1fedc98a0bcad46b0a84a237da11687d705d0cab9423 
mx2.pub.mailpod4-cph3.one.com= Usage: [3], Selector: [1], Type: [1] 3c422de5da2dab51159b28cf8c1686c18a1d5aee02a02ea7031534f2146afa Usage: [3], Selector: [1], Type: [1] 25b80f6906a373b766efb86cbdbababfa8b9e043d7be13f1db6dcf2b8968b2 
mx2.pub.mailpod6-cph3.one.com= Usage: [3], Selector: [1], Type: [1] a97fd351b43a37cdca462ce6783e4192453e84af0e1790764c289e57e27bb6 Usage: [3], Selector: [1], Type: [1] 87549086ee3571f3d7f8635ca789d7ca0da5943d1774910e060e9321662af5 
mx2.pub.mailpod7-cph3.one.com= Usage: [3], Selector: [1], Type: [1] 5951d49471d48255f349e181309afabd14a7cc96484986056e19dbfe0793e7 Usage: [3], Selector: [1], Type: [1] c5d0655d39a4e4bb3b499e5ad0d4871e73c9a3a58326d950b74a2aad23f79b 
mx2.pub.mailpod8-cph3.one.com= Usage: [3], Selector: [1], Type: [1] 40553b772cb486b06695dbd52f4d73f3c013501868f0b935f4c532d013d0e6 Usage: [3], Selector: [1], Type: [1] d965a3d89b4bba62521c15ef86590072cb637ac7050cc7fb27f8cf16b22bc8 
mx2.pub.mailpod9-cph3.one.com= Usage: [3], Selector: [1], Type: [1] 51c0fac6688bdc92d7f6d8eefedf8a00e1108a01622539912497dba854afdb Usage: [3], Selector: [1], Type: [1] 351ea7538a80adce029d08eb398e1fd25abb7149c15e23e90b8b2077447792 
mx3.pub.mailpod10-cph3.one.com= Usage: [3], Selector: [1], Type: [1] 196078cc783b2a93dd36edc806a90bea0169b00a8d3fde09335011980325dc Usage: [3], Selector: [1], Type: [1] 68f9341f4ce3cb0507631ec564ae59a802bf1a36437a6d81142b80e0afe5dd 
mx3.pub.mailpod1-cph3.one.com= Usage: [3], Selector: [1], Type: [1] f5e89aa4dead5ab7247ac6666eed312e96d0d8cb6cf90018f1758a384274f5 Usage: [3], Selector: [1], Type: [1] 18bd23670f60c0217338196a1708cbff4b2b6c97f36d18251f41241ae8c579 
mx3.pub.mailpod2-cph3.one.com= Usage: [3], Selector: [1], Type: [1] 8a37086e6d13e0262f1fedc98a0bcad46b0a84a237da11687d705d0cab9423 Usage: [3], Selector: [1], Type: [1] 4b6b053fa41765c0f643026b908830e8f8819bcd22266a2d02f0ccba92b387 
mx3.pub.mailpod4-cph3.one.com= Usage: [3], Selector: [1], Type: [1] 3c422de5da2dab51159b28cf8c1686c18a1d5aee02a02ea7031534f2146afa Usage: [3], Selector: [1], Type: [1] 25b80f6906a373b766efb86cbdbababfa8b9e043d7be13f1db6dcf2b8968b2 
mx3.pub.mailpod6-cph3.one.com= Usage: [3], Selector: [1], Type: [1] 87549086ee3571f3d7f8635ca789d7ca0da5943d1774910e060e9321662af5 Usage: [3], Selector: [1], Type: [1] a97fd351b43a37cdca462ce6783e4192453e84af0e1790764c289e57e27bb6 
mx3.pub.mailpod7-cph3.one.com= Usage: [3], Selector: [1], Type: [1] c5d0655d39a4e4bb3b499e5ad0d4871e73c9a3a58326d950b74a2aad23f79b Usage: [3], Selector: [1], Type: [1] 5951d49471d48255f349e181309afabd14a7cc96484986056e19dbfe0793e7 
mx3.pub.mailpod8-cph3.one.com= Usage: [3], Selector: [1], Type: [1] d965a3d89b4bba62521c15ef86590072cb637ac7050cc7fb27f8cf16b22bc8 Usage: [3], Selector: [1], Type: [1] 40553b772cb486b06695dbd52f4d73f3c013501868f0b935f4c532d013d0e6 
mx3.pub.mailpod9-cph3.one.com= Usage: [3], Selector: [1], Type: [1] 351ea7538a80adce029d08eb398e1fd25abb7149c15e23e90b8b2077447792 Usage: [3], Selector: [1], Type: [1] 51c0fac6688bdc92d7f6d8eefedf8a00e1108a01622539912497dba854afdb 
mx4.pub.mailpod10-cph3.one.com= Usage: [3], Selector: [1], Type: [1] 196078cc783b2a93dd36edc806a90bea0169b00a8d3fde09335011980325dc Usage: [3], Selector: [1], Type: [1] 68f9341f4ce3cb0507631ec564ae59a802bf1a36437a6d81142b80e0afe5dd 
mx4.pub.mailpod9-cph3.one.com= Usage: [3], Selector: [1], Type: [1] 351ea7538a80adce029d08eb398e1fd25abb7149c15e23e90b8b2077447792 Usage: [3], Selector: [1], Type: [1] 51c0fac6688bdc92d7f6d8eefedf8a00e1108a01622539912497dba854afdb 
mx6.onebit.eu= Usage: [3], Selector: [1], Type: [1] 1c8dd7cc6cb98b4783063d4d8d45a5bd3d261744707ca79ac30a3805d6c271 Usage: [3], Selector: [1], Type: [1] eb9a0965ccba1074232212df897e1bbd622c555afbc3d413295e4ef2a6809c 
mxavas.forpsi.com= Usage: [3], Selector: [1], Type: [1] 7ab5f4244c4878adc5588731fda74bd1f8835e6b0490d1ac184581f1c028ca 
mxext1.mailbox.org= Usage: [3], Selector: [1], Type: [1] e41cc7633029afdba53744d7e5fc31ef507e592de9dfb33557bf3b9a792394 Usage: [3], Selector: [1], Type: [1] 996ad31d65e03f038b8ec950f6f26611529da03e3a283e4400cba2edd04b8a Usage: [3], Selector: [1], Type: [1] 4758af6f02dfb5dc8795fa402e77a8a0486af5e85d2ca60c294476aadc40b2 
mxext2.mailbox.org= Usage: [3], Selector: [1], Type: [1] 996ad31d65e03f038b8ec950f6f26611529da03e3a283e4400cba2edd04b8a Usage: [3], Selector: [1], Type: [1] 4758af6f02dfb5dc8795fa402e77a8a0486af5e85d2ca60c294476aadc40b2 Usage: [3], Selector: [1], Type: [1] e41cc7633029afdba53744d7e5fc31ef507e592de9dfb33557bf3b9a792394 
mxext3.mailbox.org= Usage: [3], Selector: [1], Type: [1] e41cc7633029afdba53744d7e5fc31ef507e592de9dfb33557bf3b9a792394 Usage: [3], Selector: [1], Type: [1] 4758af6f02dfb5dc8795fa402e77a8a0486af5e85d2ca60c294476aadc40b2 Usage: [3], Selector: [1], Type: [1] 996ad31d65e03f038b8ec950f6f26611529da03e3a283e4400cba2edd04b8a 
nsp.m26.at= Usage: [2], Selector: [1], Type: [2] 6ce1d49613cbdafc9732049f69519035b2122f9e6d493ea1c20c5b9c7bd81f9cb1e2ba2aab9dfddc5bbd124c8e4615d8d024da4152f4f62456fc2eb1eb902a 
serv15.avernis.de= Usage: [3], Selector: [1], Type: [1] 2ee685ae6ddb069550e508037a319e41583724302a4ea151438b4ca5cd860e 
zidmx1.univie.ac.at= Usage: [3], Selector: [1], Type: [1] c0578936f55c1800aa6ac8f74116da06c0f8910f8081732cae8f0967ef3204 Usage: [2], Selector: [1], Type: [1] f3ae75c0490c907e5fb6268ba79ee8aa6c772874c5cc3829ed97895d1d13a0 
zidmx2.univie.ac.at= Usage: [2], Selector: [1], Type: [1] f3ae75c0490c907e5fb6268ba79ee8aa6c772874c5cc3829ed97895d1d13a0 Usage: [3], Selector: [1], Type: [1] f048d7e22633e2cbc4c821c0c17d163a682cdca46e725b6a9efc092415d28a 
zidmx3.univie.ac.at= Usage: [3], Selector: [1], Type: [1] 748a7a89b7262329206adb31ba00cd7b687bbe7dea5768dd895b8492ce1b25 Usage: [2], Selector: [1], Type: [1] f3ae75c0490c907e5fb6268ba79ee8aa6c772874c5cc3829ed97895d1d13a0 
