backup-mx.powerhosting.dk= Usage: [3], Selector: [1], Type: [1] 129f54b1cffbe601828c18f71f008a7f03382f1a5dde973cbd6dca5fb02d3a 
mail2.loopia.se= Usage: [3], Selector: [1], Type: [1] ddeebe0b760a39a53e8b20aff4e6d3873fc28623030fb88908bfe46d424f72 
mail.bitblaze.net= Usage: [3], Selector: [1], Type: [1] b45de62af4cc0372a8ccb847f1682fcc513fa24484dbd31d500f5402656e3c 
mailcluster.loopia.se= Usage: [3], Selector: [1], Type: [1] ddeebe0b760a39a53e8b20aff4e6d3873fc28623030fb88908bfe46d424f72 
mail.ebox.at= Usage: [3], Selector: [1], Type: [1] 990a63e4494880136f86cc23542b697c5cb0c8c8815ea7ef15b6ed4eefab6e 
mailex.graz4u.at= Usage: [3], Selector: [0], Type: [1] d21aa034b618c134cd4fcee0c01db1cf3f049109b0548ad6d894323dc5e5f9 Usage: [3], Selector: [1], Type: [2] 8d8131a69f6ce00d5cc860b6fd6410616b579ac198fbd31ba6689769b7bb01d65ba40f03032780ba2225c9f85f2ce11141c4c0da581029b8a370066f6bf269 Usage: [3], Selector: [1], Type: [1] 8bd91552cb88f66a1a4e0880aca1b1ad409930a8aa980002c0a9eaf6f84dd6 
mailin2.mx.speedkom.net= Usage: [3], Selector: [1], Type: [1] 277b2b50cbc1b8a4657715432161e80a3a7bbe5256da5c888a48ee87117978 
mailin5.mx.speedkom.net= Usage: [3], Selector: [1], Type: [1] 8cad7808be8e5564e3f6ab906486b7dc55cc283d8fd6bc2a39a5a80a0110b9 
mail.linuxprofi.com= Usage: [3], Selector: [1], Type: [1] ba92e5a3fe3e92b0e08f70587740c14177e67c6f7278ef2622c9df77a3c6fe 
mail.neteco.at= Usage: [3], Selector: [0], Type: [1] 6b293cd2c585b0c6bccecf0c492d6d122f04c1b1f2fd881119a26c3d34fd5f 
mail.nitram.at= Usage: [3], Selector: [1], Type: [1] 0f74d4af4df4d83d7d87eaee459a42211155595048cff093e1d77e245363d0 
mail.nope.at= Usage: [3], Selector: [1], Type: [1] a12b5b0baa65f3b76ff41f15329e92f492785745f0bc27566835dbf88632f0 
mail.office-vienna.at= Usage: [2], Selector: [1], Type: [1] 8d02536c887482bc34ff54e41d2ba659bf85b341a0a20afadb5813dcfbcf28 
mailscanner.powerhosting.dk= Usage: [3], Selector: [1], Type: [1] 129f54b1cffbe601828c18f71f008a7f03382f1a5dde973cbd6dca5fb02d3a 
mail.twosteps.net= Usage: [3], Selector: [1], Type: [1] a2a50eddaae5e03b678f4c3d7f71bc1b4a38a06d2671f6761ab15779e7e6bc 
mail.ud09.udmedia.de= Usage: [3], Selector: [1], Type: [1] 81eee918cb4154f07241db50c773649926dcb4350072c7e76f44a662e9a2c0 
mail.zeus03.de= Usage: [3], Selector: [1], Type: [1] c7e3b3129482d137de6a0bb37e6d704cbc81d4554985599da374549c9ba760 
mx10.onebit.cz= Usage: [3], Selector: [1], Type: [1] 41f792a03efa45cfdb801d8987487d463b743b4647aaf3a15be208f40c99a1 
mx10.onebit.eu= Usage: [3], Selector: [1], Type: [1] 1c8dd7cc6cb98b4783063d4d8d45a5bd3d261744707ca79ac30a3805d6c271 Usage: [3], Selector: [1], Type: [1] eb9a0965ccba1074232212df897e1bbd622c555afbc3d413295e4ef2a6809c 
mx1.active24.com= Usage: [3], Selector: [1], Type: [1] 6d810df46120c8b76d69937babdc8df91cab5030785e7ff5000e0bb149fca2 Usage: [3], Selector: [1], Type: [1] 873817788c329db81c7b1e8d006c3b29f8edef60587af5e8fd0a5ebd945362 
mx1.allesedv.at= Usage: [2], Selector: [1], Type: [1] 4a5b78f220554e3b914094e36f3a299a29d1ac7486b67758d3fb23d2515ff5 Usage: [3], Selector: [1], Type: [1] 18ba3854bd53dee6d66637753522a63316e53bb1b8a710b50aeeba63e5c111 Usage: [2], Selector: [0], Type: [1] 5d1be3b8deb91a980ab1dde09747549057a1454bdbcfe2e8d9772bcf843e33 Usage: [3], Selector: [1], Type: [1] 6d83b04d31e2f5bad199a30e87b12663c2413ff71877d1bc195a1bbacbefc5 Usage: [2], Selector: [0], Type: [1] 1a9800c7cc4a5e65c794ba80c4a1c54ffa71e50284444853ec49bd2593f064 Usage: [3], Selector: [1], Type: [1] 14ac5b821dbd306b9797b08511564ead62b7f10b7c0bd4fea8ed8d2b158c79 
mx1.mail.hostpoint.ch= Usage: [3], Selector: [1], Type: [1] ba882d724c29013cfc5609fe4129ccc0464810d2c05f8cd400aafa213f97f2 
mx1.net4you.net= Usage: [3], Selector: [1], Type: [1] fae54514752aff4d327f6d4c6ee7b6af24e61b7099eb3f4badf2c6ad781146 
mx1.pub.mailpod10-cph3.one.com= Usage: [3], Selector: [1], Type: [1] 68f9341f4ce3cb0507631ec564ae59a802bf1a36437a6d81142b80e0afe5dd Usage: [3], Selector: [1], Type: [1] 196078cc783b2a93dd36edc806a90bea0169b00a8d3fde09335011980325dc 
mx1.pub.mailpod1-cph3.one.com= Usage: [3], Selector: [1], Type: [1] f5e89aa4dead5ab7247ac6666eed312e96d0d8cb6cf90018f1758a384274f5 Usage: [3], Selector: [1], Type: [1] 18bd23670f60c0217338196a1708cbff4b2b6c97f36d18251f41241ae8c579 
mx1.pub.mailpod1-cph3.one.com= Usage: [3], Selector: [1], Type: [1] f5e89aa4dead5ab7247ac6666eed312e96d0d8cb6cf90018f1758a384274f5 Usage: [3], Selector: [1], Type: [1] 18bd23670f60c0217338196a1708cbff4b2b6c97f36d18251f41241ae8c579 
mx1.pub.mailpod2-cph3.one.com= Usage: [3], Selector: [1], Type: [1] 4b6b053fa41765c0f643026b908830e8f8819bcd22266a2d02f0ccba92b387 Usage: [3], Selector: [1], Type: [1] 8a37086e6d13e0262f1fedc98a0bcad46b0a84a237da11687d705d0cab9423 
mx1.pub.mailpod3-cph3.one.com= Usage: [3], Selector: [1], Type: [1] a3b43e7e07a2bb10968374c4f376e8f709d99632c5d221ac9f0e05c0e0ca01 Usage: [3], Selector: [1], Type: [1] fbcafa9dbaa140db6556e0c83499f5840de9139322e85d4bdb704229d1d940 
mx1.pub.mailpod4-cph3.one.com= Usage: [3], Selector: [1], Type: [1] 3c422de5da2dab51159b28cf8c1686c18a1d5aee02a02ea7031534f2146afa Usage: [3], Selector: [1], Type: [1] 25b80f6906a373b766efb86cbdbababfa8b9e043d7be13f1db6dcf2b8968b2 
mx1.pub.mailpod5-cph3.one.com= Usage: [3], Selector: [1], Type: [1] f5939c84b1f7e239314f741530ad9555de3c708b3a4ea787fe984a13c1cc27 Usage: [3], Selector: [1], Type: [1] 92802e1da27b67fcfaa0635ab55cbf825e6fcad7c5c1262f1228339bd40a6b 
mx1.pub.mailpod6-cph3.one.com= Usage: [3], Selector: [1], Type: [1] 87549086ee3571f3d7f8635ca789d7ca0da5943d1774910e060e9321662af5 Usage: [3], Selector: [1], Type: [1] a97fd351b43a37cdca462ce6783e4192453e84af0e1790764c289e57e27bb6 
mx1.pub.mailpod7-cph3.one.com= Usage: [3], Selector: [1], Type: [1] c5d0655d39a4e4bb3b499e5ad0d4871e73c9a3a58326d950b74a2aad23f79b Usage: [3], Selector: [1], Type: [1] 5951d49471d48255f349e181309afabd14a7cc96484986056e19dbfe0793e7 
mx1.pub.mailpod8-cph3.one.com= Usage: [3], Selector: [1], Type: [1] 40553b772cb486b06695dbd52f4d73f3c013501868f0b935f4c532d013d0e6 Usage: [3], Selector: [1], Type: [1] d965a3d89b4bba62521c15ef86590072cb637ac7050cc7fb27f8cf16b22bc8 
mx1.pub.mailpod9-cph3.one.com= Usage: [3], Selector: [1], Type: [1] 351ea7538a80adce029d08eb398e1fd25abb7149c15e23e90b8b2077447792 Usage: [3], Selector: [1], Type: [1] 51c0fac6688bdc92d7f6d8eefedf8a00e1108a01622539912497dba854afdb 
mx1.rechenwiese.net= Usage: [3], Selector: [1], Type: [1] ba92e745f788be351c9811c72c8647180021d08b1b972ca0fbc6cc66fe7483 Usage: [2], Selector: [1], Type: [1] e5545e211347241891c554a03934cde9b749664a59d26d615fe58f77990f2d Usage: [2], Selector: [1], Type: [1] 8d02536c887482bc34ff54e41d2ba659bf85b341a0a20afadb5813dcfbcf28 
mx1.serverclienti.com= Usage: [3], Selector: [1], Type: [1] 96e7ee90396631c15f4539d5fcf9e7d83afbf82e1d13543f4735e43f036289 
mx2.active24.com= Usage: [3], Selector: [1], Type: [1] 6d810df46120c8b76d69937babdc8df91cab5030785e7ff5000e0bb149fca2 Usage: [3], Selector: [1], Type: [1] 873817788c329db81c7b1e8d006c3b29f8edef60587af5e8fd0a5ebd945362 
mx2.mail.hostpoint.ch= Usage: [3], Selector: [1], Type: [1] ba882d724c29013cfc5609fe4129ccc0464810d2c05f8cd400aafa213f97f2 
mx2.net4you.net= Usage: [3], Selector: [1], Type: [1] fae54514752aff4d327f6d4c6ee7b6af24e61b7099eb3f4badf2c6ad781146 
mx2.pub.mailpod10-cph3.one.com= Usage: [3], Selector: [1], Type: [1] 196078cc783b2a93dd36edc806a90bea0169b00a8d3fde09335011980325dc Usage: [3], Selector: [1], Type: [1] 68f9341f4ce3cb0507631ec564ae59a802bf1a36437a6d81142b80e0afe5dd 
mx2.pub.mailpod1-cph3.one.com= Usage: [3], Selector: [1], Type: [1] 18bd23670f60c0217338196a1708cbff4b2b6c97f36d18251f41241ae8c579 Usage: [3], Selector: [1], Type: [1] f5e89aa4dead5ab7247ac6666eed312e96d0d8cb6cf90018f1758a384274f5 
mx2.pub.mailpod2-cph3.one.com= Usage: [3], Selector: [1], Type: [1] 4b6b053fa41765c0f643026b908830e8f8819bcd22266a2d02f0ccba92b387 Usage: [3], Selector: [1], Type: [1] 8a37086e6d13e0262f1fedc98a0bcad46b0a84a237da11687d705d0cab9423 
mx2.pub.mailpod3-cph3.one.com= Usage: [3], Selector: [1], Type: [1] fbcafa9dbaa140db6556e0c83499f5840de9139322e85d4bdb704229d1d940 Usage: [3], Selector: [1], Type: [1] a3b43e7e07a2bb10968374c4f376e8f709d99632c5d221ac9f0e05c0e0ca01 
mx2.pub.mailpod4-cph3.one.com= Usage: [3], Selector: [1], Type: [1] 3c422de5da2dab51159b28cf8c1686c18a1d5aee02a02ea7031534f2146afa Usage: [3], Selector: [1], Type: [1] 25b80f6906a373b766efb86cbdbababfa8b9e043d7be13f1db6dcf2b8968b2 
mx2.pub.mailpod5-cph3.one.com= Usage: [3], Selector: [1], Type: [1] 92802e1da27b67fcfaa0635ab55cbf825e6fcad7c5c1262f1228339bd40a6b Usage: [3], Selector: [1], Type: [1] f5939c84b1f7e239314f741530ad9555de3c708b3a4ea787fe984a13c1cc27 
mx2.pub.mailpod6-cph3.one.com= Usage: [3], Selector: [1], Type: [1] 87549086ee3571f3d7f8635ca789d7ca0da5943d1774910e060e9321662af5 Usage: [3], Selector: [1], Type: [1] a97fd351b43a37cdca462ce6783e4192453e84af0e1790764c289e57e27bb6 
mx2.pub.mailpod7-cph3.one.com= Usage: [3], Selector: [1], Type: [1] c5d0655d39a4e4bb3b499e5ad0d4871e73c9a3a58326d950b74a2aad23f79b Usage: [3], Selector: [1], Type: [1] 5951d49471d48255f349e181309afabd14a7cc96484986056e19dbfe0793e7 
mx2.pub.mailpod8-cph3.one.com= Usage: [3], Selector: [1], Type: [1] d965a3d89b4bba62521c15ef86590072cb637ac7050cc7fb27f8cf16b22bc8 Usage: [3], Selector: [1], Type: [1] 40553b772cb486b06695dbd52f4d73f3c013501868f0b935f4c532d013d0e6 
mx2.pub.mailpod9-cph3.one.com= Usage: [3], Selector: [1], Type: [1] 51c0fac6688bdc92d7f6d8eefedf8a00e1108a01622539912497dba854afdb Usage: [3], Selector: [1], Type: [1] 351ea7538a80adce029d08eb398e1fd25abb7149c15e23e90b8b2077447792 
mx2.rechenwiese.net= Usage: [3], Selector: [1], Type: [1] 261274cd55e14170302371ef8b7c564d6729d57200c0d87ef5316748cd06c8 Usage: [2], Selector: [1], Type: [1] 8d02536c887482bc34ff54e41d2ba659bf85b341a0a20afadb5813dcfbcf28 Usage: [2], Selector: [1], Type: [1] e5545e211347241891c554a03934cde9b749664a59d26d615fe58f77990f2d 
mx2.serverclienti.com= Usage: [3], Selector: [1], Type: [1] 96e7ee90396631c15f4539d5fcf9e7d83afbf82e1d13543f4735e43f036289 
mx3.pub.mailpod10-cph3.one.com= Usage: [3], Selector: [1], Type: [1] 196078cc783b2a93dd36edc806a90bea0169b00a8d3fde09335011980325dc Usage: [3], Selector: [1], Type: [1] 68f9341f4ce3cb0507631ec564ae59a802bf1a36437a6d81142b80e0afe5dd 
mx3.pub.mailpod1-cph3.one.com= Usage: [3], Selector: [1], Type: [1] f5e89aa4dead5ab7247ac6666eed312e96d0d8cb6cf90018f1758a384274f5 Usage: [3], Selector: [1], Type: [1] 18bd23670f60c0217338196a1708cbff4b2b6c97f36d18251f41241ae8c579 
mx3.pub.mailpod2-cph3.one.com= Usage: [3], Selector: [1], Type: [1] 8a37086e6d13e0262f1fedc98a0bcad46b0a84a237da11687d705d0cab9423 Usage: [3], Selector: [1], Type: [1] 4b6b053fa41765c0f643026b908830e8f8819bcd22266a2d02f0ccba92b387 
mx3.pub.mailpod3-cph3.one.com= Usage: [3], Selector: [1], Type: [1] a3b43e7e07a2bb10968374c4f376e8f709d99632c5d221ac9f0e05c0e0ca01 Usage: [3], Selector: [1], Type: [1] fbcafa9dbaa140db6556e0c83499f5840de9139322e85d4bdb704229d1d940 
mx3.pub.mailpod4-cph3.one.com= Usage: [3], Selector: [1], Type: [1] 3c422de5da2dab51159b28cf8c1686c18a1d5aee02a02ea7031534f2146afa Usage: [3], Selector: [1], Type: [1] 25b80f6906a373b766efb86cbdbababfa8b9e043d7be13f1db6dcf2b8968b2 
mx3.pub.mailpod5-cph3.one.com= Usage: [3], Selector: [1], Type: [1] 92802e1da27b67fcfaa0635ab55cbf825e6fcad7c5c1262f1228339bd40a6b Usage: [3], Selector: [1], Type: [1] f5939c84b1f7e239314f741530ad9555de3c708b3a4ea787fe984a13c1cc27 
mx3.pub.mailpod6-cph3.one.com= Usage: [3], Selector: [1], Type: [1] 87549086ee3571f3d7f8635ca789d7ca0da5943d1774910e060e9321662af5 Usage: [3], Selector: [1], Type: [1] a97fd351b43a37cdca462ce6783e4192453e84af0e1790764c289e57e27bb6 
mx3.pub.mailpod7-cph3.one.com= Usage: [3], Selector: [1], Type: [1] c5d0655d39a4e4bb3b499e5ad0d4871e73c9a3a58326d950b74a2aad23f79b Usage: [3], Selector: [1], Type: [1] 5951d49471d48255f349e181309afabd14a7cc96484986056e19dbfe0793e7 
mx3.pub.mailpod8-cph3.one.com= Usage: [3], Selector: [1], Type: [1] 40553b772cb486b06695dbd52f4d73f3c013501868f0b935f4c532d013d0e6 Usage: [3], Selector: [1], Type: [1] d965a3d89b4bba62521c15ef86590072cb637ac7050cc7fb27f8cf16b22bc8 
mx3.pub.mailpod9-cph3.one.com= Usage: [3], Selector: [1], Type: [1] 351ea7538a80adce029d08eb398e1fd25abb7149c15e23e90b8b2077447792 Usage: [3], Selector: [1], Type: [1] 51c0fac6688bdc92d7f6d8eefedf8a00e1108a01622539912497dba854afdb 
mx4.pub.mailpod10-cph3.one.com= Usage: [3], Selector: [1], Type: [1] 196078cc783b2a93dd36edc806a90bea0169b00a8d3fde09335011980325dc Usage: [3], Selector: [1], Type: [1] 68f9341f4ce3cb0507631ec564ae59a802bf1a36437a6d81142b80e0afe5dd 
mx4.pub.mailpod9-cph3.one.com= Usage: [3], Selector: [1], Type: [1] 51c0fac6688bdc92d7f6d8eefedf8a00e1108a01622539912497dba854afdb Usage: [3], Selector: [1], Type: [1] 351ea7538a80adce029d08eb398e1fd25abb7149c15e23e90b8b2077447792 
mx-a.secumail.de= Usage: [3], Selector: [0], Type: [1] 50e8d8af451ff2548531903d643750a38b6aa9e2ca51adf809fd2f9d219954 
mxaut.kurios.at= Usage: [3], Selector: [1], Type: [1] 82cf0bcc46a82fbe9ca7bb4e45a073d90b0c61b03d9660a6faaeb97571385e 
mxavas.forpsi.com= Usage: [3], Selector: [1], Type: [1] 7ab5f4244c4878adc5588731fda74bd1f8835e6b0490d1ac184581f1c028ca 
mx-b.secumail.de= Usage: [3], Selector: [0], Type: [1] 50e8d8af451ff2548531903d643750a38b6aa9e2ca51adf809fd2f9d219954 
mxext1.mailbox.org= Usage: [3], Selector: [1], Type: [1] 996ad31d65e03f038b8ec950f6f26611529da03e3a283e4400cba2edd04b8a Usage: [3], Selector: [1], Type: [1] e41cc7633029afdba53744d7e5fc31ef507e592de9dfb33557bf3b9a792394 Usage: [3], Selector: [1], Type: [1] 4758af6f02dfb5dc8795fa402e77a8a0486af5e85d2ca60c294476aadc40b2 
mxext2.mailbox.org= Usage: [3], Selector: [1], Type: [1] e41cc7633029afdba53744d7e5fc31ef507e592de9dfb33557bf3b9a792394 Usage: [3], Selector: [1], Type: [1] 4758af6f02dfb5dc8795fa402e77a8a0486af5e85d2ca60c294476aadc40b2 Usage: [3], Selector: [1], Type: [1] 996ad31d65e03f038b8ec950f6f26611529da03e3a283e4400cba2edd04b8a 
mxext3.mailbox.org= Usage: [3], Selector: [1], Type: [1] 4758af6f02dfb5dc8795fa402e77a8a0486af5e85d2ca60c294476aadc40b2 Usage: [3], Selector: [1], Type: [1] e41cc7633029afdba53744d7e5fc31ef507e592de9dfb33557bf3b9a792394 Usage: [3], Selector: [1], Type: [1] 996ad31d65e03f038b8ec950f6f26611529da03e3a283e4400cba2edd04b8a 
mxirl.kurios.at= Usage: [3], Selector: [1], Type: [1] 82cf0bcc46a82fbe9ca7bb4e45a073d90b0c61b03d9660a6faaeb97571385e 
nicmx1.univie.ac.at= Usage: [2], Selector: [1], Type: [1] f3ae75c0490c907e5fb6268ba79ee8aa6c772874c5cc3829ed97895d1d13a0 Usage: [3], Selector: [1], Type: [1] fbe1e6d4c2f1cb1d8c966691d100b754f189088d26037aeb413f6c26b28615 
nicmx2.univie.ac.at= Usage: [3], Selector: [1], Type: [1] 767cd0581164d1687881b6f7cd42cf507dd90399fac139c0d3428c9f415c64 Usage: [2], Selector: [1], Type: [1] f3ae75c0490c907e5fb6268ba79ee8aa6c772874c5cc3829ed97895d1d13a0 
nsp.m26.at= Usage: [2], Selector: [1], Type: [2] 6ce1d49613cbdafc9732049f69519035b2122f9e6d493ea1c20c5b9c7bd81f9cb1e2ba2aab9dfddc5bbd124c8e4615d8d024da4152f4f62456fc2eb1eb902a 
serv15.avernis.de= Usage: [3], Selector: [1], Type: [1] 2ee685ae6ddb069550e508037a319e41583724302a4ea151438b4ca5cd860e 
spool.ebox.at= Usage: [3], Selector: [1], Type: [1] 990a63e4494880136f86cc23542b697c5cb0c8c8815ea7ef15b6ed4eefab6e 
vmx01.prolocation.nl= Usage: [2], Selector: [1], Type: [1] e1ae9c3de848ece1ba72e0d991ae4d0d9ec547c6bad1dddab9d6beb0a7e0e0 Usage: [3], Selector: [1], Type: [1] 0d5a5c8f3d8aab82bba32bf8d711fa2433e4fe5fa4828b0443364d3ab5cdc1 
vmx02.prolocation.nl= Usage: [2], Selector: [1], Type: [1] e1ae9c3de848ece1ba72e0d991ae4d0d9ec547c6bad1dddab9d6beb0a7e0e0 Usage: [3], Selector: [1], Type: [1] d9ad391054662519e7c0ba365191ec2f6866f6637403691197b4f5532b0819 
vmx03.prolocation.net= Usage: [3], Selector: [1], Type: [1] c53c11c1d2595ba76b821f17ee20e8f86a6d81637be94dd9678fcf0b4ce365 Usage: [2], Selector: [1], Type: [1] e1ae9c3de848ece1ba72e0d991ae4d0d9ec547c6bad1dddab9d6beb0a7e0e0 
vmx04.prolocation.net= Usage: [2], Selector: [1], Type: [1] e1ae9c3de848ece1ba72e0d991ae4d0d9ec547c6bad1dddab9d6beb0a7e0e0 Usage: [3], Selector: [1], Type: [1] 607fede4508d50f447217efd8a92795f9e83691bb1f991d14e8c98c3e35a17 
zidmx1.univie.ac.at= Usage: [2], Selector: [1], Type: [1] f3ae75c0490c907e5fb6268ba79ee8aa6c772874c5cc3829ed97895d1d13a0 Usage: [3], Selector: [1], Type: [1] c0578936f55c1800aa6ac8f74116da06c0f8910f8081732cae8f0967ef3204 
zidmx2.univie.ac.at= Usage: [3], Selector: [1], Type: [1] f048d7e22633e2cbc4c821c0c17d163a682cdca46e725b6a9efc092415d28a Usage: [2], Selector: [1], Type: [1] f3ae75c0490c907e5fb6268ba79ee8aa6c772874c5cc3829ed97895d1d13a0 
zidmx3.univie.ac.at= Usage: [3], Selector: [1], Type: [1] 748a7a89b7262329206adb31ba00cd7b687bbe7dea5768dd895b8492ce1b25 Usage: [2], Selector: [1], Type: [1] f3ae75c0490c907e5fb6268ba79ee8aa6c772874c5cc3829ed97895d1d13a0 
