daedalus.opti-net.at= Usage: [3], Selector: [0], Type: [1] 4c3d362e431722411dc94367ab7ac4def66e02b8a3fc114dec8c8c9043fd8c 
gatekeeper.space.net= Usage: [3], Selector: [1], Type: [1] b89a811ea3f203f2a72ab88da6f5f45a2f62e56980148254b622f75951b23e 
gatekeeper.spacenet.de= Usage: [3], Selector: [1], Type: [1] 9425baf67fff4f1b61a1932613b54dea55c630fe3a2be7aed88494f70bf531 
mail02.on-geo.de= Usage: [3], Selector: [1], Type: [1] 4651bc46386485e6df6478774966dbe3846d657ebb86b901758237b1e36441 
mail2.loopia.se= Usage: [3], Selector: [1], Type: [1] ddeebe0b760a39a53e8b20aff4e6d3873fc28623030fb88908bfe46d424f72 
mailcluster.loopia.se= Usage: [3], Selector: [1], Type: [1] ddeebe0b760a39a53e8b20aff4e6d3873fc28623030fb88908bfe46d424f72 
mail.ebox.at= Usage: [3], Selector: [1], Type: [1] 990a63e4494880136f86cc23542b697c5cb0c8c8815ea7ef15b6ed4eefab6e 
mailex.graz4u.at= Usage: [3], Selector: [0], Type: [1] d21aa034b618c134cd4fcee0c01db1cf3f049109b0548ad6d894323dc5e5f9 Usage: [3], Selector: [1], Type: [2] 8d8131a69f6ce00d5cc860b6fd6410616b579ac198fbd31ba6689769b7bb01d65ba40f03032780ba2225c9f85f2ce11141c4c0da581029b8a370066f6bf269 Usage: [3], Selector: [1], Type: [1] 8bd91552cb88f66a1a4e0880aca1b1ad409930a8aa980002c0a9eaf6f84dd6 
mailin2.mx.speedkom.net= Usage: [3], Selector: [1], Type: [1] 277b2b50cbc1b8a4657715432161e80a3a7bbe5256da5c888a48ee87117978 
mailin5.mx.speedkom.net= Usage: [3], Selector: [1], Type: [1] 8cad7808be8e5564e3f6ab906486b7dc55cc283d8fd6bc2a39a5a80a0110b9 
mail.lindpointner.it= Usage: [3], Selector: [1], Type: [1] 6cf67c54c0db6e54e42cc18a3a541c9313d29866d8d6ef81922259922a9d55 
mail.neteco.at= Usage: [3], Selector: [0], Type: [1] 6b293cd2c585b0c6bccecf0c492d6d122f04c1b1f2fd881119a26c3d34fd5f 
mail.office-vienna.at= Usage: [2], Selector: [1], Type: [1] 8d02536c887482bc34ff54e41d2ba659bf85b341a0a20afadb5813dcfbcf28 
mail.protonmail.ch= Usage: [3], Selector: [1], Type: [1] 76bb66711da416433ca890a5b2e5a0533c6006478f7d10a4469a947acc8399 Usage: [3], Selector: [1], Type: [1] 6111a5698d23c89e09c36ff833c1487edc1b0c841f87c49dae8f7a09e11e97 
mail.satmd.de= Usage: [3], Selector: [1], Type: [2] f654c3e2f4cf79f8e0b742f82be0c9b92e8b790063625606b79b8c07339e0c9b464b2456bb0ad17a535f4e5f9f86b98cdbb96515f409bfae0061e888a3b341 Usage: [3], Selector: [1], Type: [1] 875362fc27162af4024c5094e29dbedf53b52db0f8c977996c3b393c30f514 Usage: [3], Selector: [1], Type: [1] e14a93f10e7131a20d142423e1bcc6b17f2fd528a4f760b0dfb4c5b7e0143e Usage: [3], Selector: [1], Type: [2] d5c71605a7f7fd5a3cf13675c9746f6ebbaa861a957288908e4e2c0963c70506569d0573098f2b952f292062258919451ebe7e98b5001ab70ff7e2e459540c 
mailsec.protonmail.ch= Usage: [3], Selector: [1], Type: [1] 76bb66711da416433ca890a5b2e5a0533c6006478f7d10a4469a947acc8399 Usage: [3], Selector: [1], Type: [1] 6111a5698d23c89e09c36ff833c1487edc1b0c841f87c49dae8f7a09e11e97 
mail.twosteps.net= Usage: [3], Selector: [1], Type: [1] a2a50eddaae5e03b678f4c3d7f71bc1b4a38a06d2671f6761ab15779e7e6bc 
mail.ud07.udmedia.de= Usage: [3], Selector: [1], Type: [1] 085a32df52751c3dc747ddc33f3998a293108da63e02eb6aadde91800e61fe 
mail.ud18.udmedia.de= Usage: [3], Selector: [1], Type: [1] 843f7b071cc7cbd484103706a49e1a26bc87d57dfcb7d6cad8c7ddcf5163be 
mx02.soverin.net= Usage: [3], Selector: [0], Type: [1] 15c6125f32a29eead66da7a56171d7b99e4ac18f247c2c0f4e95e876078704 Usage: [3], Selector: [0], Type: [1] f8ae87586f1c2a88853870c90c84d4335af3c32b2f1c7045639352577c2dfa 
mx03.soverin.net= Usage: [3], Selector: [0], Type: [1] 15c6125f32a29eead66da7a56171d7b99e4ac18f247c2c0f4e95e876078704 Usage: [3], Selector: [0], Type: [1] f8ae87586f1c2a88853870c90c84d4335af3c32b2f1c7045639352577c2dfa 
mx1.active24.com= Usage: [3], Selector: [1], Type: [1] 6d810df46120c8b76d69937babdc8df91cab5030785e7ff5000e0bb149fca2 Usage: [3], Selector: [1], Type: [1] 873817788c329db81c7b1e8d006c3b29f8edef60587af5e8fd0a5ebd945362 
mx1.core-networks.de= Usage: [3], Selector: [1], Type: [1] 4693fac7bf491b14761b4d127d94758db649e7a59ab96b29e16fefa4f15677 
mx1.mail.hostpoint.ch= Usage: [3], Selector: [1], Type: [1] ba882d724c29013cfc5609fe4129ccc0464810d2c05f8cd400aafa213f97f2 
mx1.net4you.net= Usage: [3], Selector: [1], Type: [1] fae54514752aff4d327f6d4c6ee7b6af24e61b7099eb3f4badf2c6ad781146 
mx1.pub.mailpod10-cph3.one.com= Usage: [3], Selector: [1], Type: [1] 68f9341f4ce3cb0507631ec564ae59a802bf1a36437a6d81142b80e0afe5dd Usage: [3], Selector: [1], Type: [1] 196078cc783b2a93dd36edc806a90bea0169b00a8d3fde09335011980325dc 
mx1.pub.mailpod1-cph3.one.com= Usage: [3], Selector: [1], Type: [1] 18bd23670f60c0217338196a1708cbff4b2b6c97f36d18251f41241ae8c579 Usage: [3], Selector: [1], Type: [1] f5e89aa4dead5ab7247ac6666eed312e96d0d8cb6cf90018f1758a384274f5 
mx1.pub.mailpod2-cph3.one.com= Usage: [3], Selector: [1], Type: [1] 4b6b053fa41765c0f643026b908830e8f8819bcd22266a2d02f0ccba92b387 Usage: [3], Selector: [1], Type: [1] 8a37086e6d13e0262f1fedc98a0bcad46b0a84a237da11687d705d0cab9423 
mx1.pub.mailpod4-cph3.one.com= Usage: [3], Selector: [1], Type: [1] 25b80f6906a373b766efb86cbdbababfa8b9e043d7be13f1db6dcf2b8968b2 Usage: [3], Selector: [1], Type: [1] 3c422de5da2dab51159b28cf8c1686c18a1d5aee02a02ea7031534f2146afa 
mx1.pub.mailpod6-cph3.one.com= Usage: [3], Selector: [1], Type: [1] a97fd351b43a37cdca462ce6783e4192453e84af0e1790764c289e57e27bb6 Usage: [3], Selector: [1], Type: [1] 87549086ee3571f3d7f8635ca789d7ca0da5943d1774910e060e9321662af5 
mx1.pub.mailpod7-cph3.one.com= Usage: [3], Selector: [1], Type: [1] 5951d49471d48255f349e181309afabd14a7cc96484986056e19dbfe0793e7 Usage: [3], Selector: [1], Type: [1] c5d0655d39a4e4bb3b499e5ad0d4871e73c9a3a58326d950b74a2aad23f79b 
mx1.pub.mailpod8-cph3.one.com= Usage: [3], Selector: [1], Type: [1] d965a3d89b4bba62521c15ef86590072cb637ac7050cc7fb27f8cf16b22bc8 Usage: [3], Selector: [1], Type: [1] 40553b772cb486b06695dbd52f4d73f3c013501868f0b935f4c532d013d0e6 
mx1.pub.mailpod9-cph3.one.com= Usage: [3], Selector: [1], Type: [1] 51c0fac6688bdc92d7f6d8eefedf8a00e1108a01622539912497dba854afdb Usage: [3], Selector: [1], Type: [1] 351ea7538a80adce029d08eb398e1fd25abb7149c15e23e90b8b2077447792 
mx2.active24.com= Usage: [3], Selector: [1], Type: [1] 6d810df46120c8b76d69937babdc8df91cab5030785e7ff5000e0bb149fca2 Usage: [3], Selector: [1], Type: [1] 873817788c329db81c7b1e8d006c3b29f8edef60587af5e8fd0a5ebd945362 
mx2.core-networks.de= Usage: [3], Selector: [1], Type: [1] 4693fac7bf491b14761b4d127d94758db649e7a59ab96b29e16fefa4f15677 
mx2.mail.hostpoint.ch= Usage: [3], Selector: [1], Type: [1] ba882d724c29013cfc5609fe4129ccc0464810d2c05f8cd400aafa213f97f2 
mx2.net4you.net= Usage: [3], Selector: [1], Type: [1] fae54514752aff4d327f6d4c6ee7b6af24e61b7099eb3f4badf2c6ad781146 
mx2.net4you.net= Usage: [3], Selector: [1], Type: [1] fae54514752aff4d327f6d4c6ee7b6af24e61b7099eb3f4badf2c6ad781146 
mx2.pub.mailpod10-cph3.one.com= Usage: [3], Selector: [1], Type: [1] 68f9341f4ce3cb0507631ec564ae59a802bf1a36437a6d81142b80e0afe5dd Usage: [3], Selector: [1], Type: [1] 196078cc783b2a93dd36edc806a90bea0169b00a8d3fde09335011980325dc 
mx2.pub.mailpod1-cph3.one.com= Usage: [3], Selector: [1], Type: [1] 18bd23670f60c0217338196a1708cbff4b2b6c97f36d18251f41241ae8c579 Usage: [3], Selector: [1], Type: [1] f5e89aa4dead5ab7247ac6666eed312e96d0d8cb6cf90018f1758a384274f5 
mx2.pub.mailpod2-cph3.one.com= Usage: [3], Selector: [1], Type: [1] 4b6b053fa41765c0f643026b908830e8f8819bcd22266a2d02f0ccba92b387 Usage: [3], Selector: [1], Type: [1] 8a37086e6d13e0262f1fedc98a0bcad46b0a84a237da11687d705d0cab9423 
mx2.pub.mailpod4-cph3.one.com= Usage: [3], Selector: [1], Type: [1] 3c422de5da2dab51159b28cf8c1686c18a1d5aee02a02ea7031534f2146afa Usage: [3], Selector: [1], Type: [1] 25b80f6906a373b766efb86cbdbababfa8b9e043d7be13f1db6dcf2b8968b2 
mx2.pub.mailpod6-cph3.one.com= Usage: [3], Selector: [1], Type: [1] 87549086ee3571f3d7f8635ca789d7ca0da5943d1774910e060e9321662af5 Usage: [3], Selector: [1], Type: [1] a97fd351b43a37cdca462ce6783e4192453e84af0e1790764c289e57e27bb6 
mx2.pub.mailpod7-cph3.one.com= Usage: [3], Selector: [1], Type: [1] 5951d49471d48255f349e181309afabd14a7cc96484986056e19dbfe0793e7 Usage: [3], Selector: [1], Type: [1] c5d0655d39a4e4bb3b499e5ad0d4871e73c9a3a58326d950b74a2aad23f79b 
mx2.pub.mailpod8-cph3.one.com= Usage: [3], Selector: [1], Type: [1] d965a3d89b4bba62521c15ef86590072cb637ac7050cc7fb27f8cf16b22bc8 Usage: [3], Selector: [1], Type: [1] 40553b772cb486b06695dbd52f4d73f3c013501868f0b935f4c532d013d0e6 
mx2.pub.mailpod9-cph3.one.com= Usage: [3], Selector: [1], Type: [1] 51c0fac6688bdc92d7f6d8eefedf8a00e1108a01622539912497dba854afdb Usage: [3], Selector: [1], Type: [1] 351ea7538a80adce029d08eb398e1fd25abb7149c15e23e90b8b2077447792 
mx3.pub.mailpod10-cph3.one.com= Usage: [3], Selector: [1], Type: [1] 68f9341f4ce3cb0507631ec564ae59a802bf1a36437a6d81142b80e0afe5dd Usage: [3], Selector: [1], Type: [1] 196078cc783b2a93dd36edc806a90bea0169b00a8d3fde09335011980325dc 
mx3.pub.mailpod1-cph3.one.com= Usage: [3], Selector: [1], Type: [1] 18bd23670f60c0217338196a1708cbff4b2b6c97f36d18251f41241ae8c579 Usage: [3], Selector: [1], Type: [1] f5e89aa4dead5ab7247ac6666eed312e96d0d8cb6cf90018f1758a384274f5 
mx3.pub.mailpod2-cph3.one.com= Usage: [3], Selector: [1], Type: [1] 8a37086e6d13e0262f1fedc98a0bcad46b0a84a237da11687d705d0cab9423 Usage: [3], Selector: [1], Type: [1] 4b6b053fa41765c0f643026b908830e8f8819bcd22266a2d02f0ccba92b387 
mx3.pub.mailpod4-cph3.one.com= Usage: [3], Selector: [1], Type: [1] 25b80f6906a373b766efb86cbdbababfa8b9e043d7be13f1db6dcf2b8968b2 Usage: [3], Selector: [1], Type: [1] 3c422de5da2dab51159b28cf8c1686c18a1d5aee02a02ea7031534f2146afa 
mx3.pub.mailpod6-cph3.one.com= Usage: [3], Selector: [1], Type: [1] a97fd351b43a37cdca462ce6783e4192453e84af0e1790764c289e57e27bb6 Usage: [3], Selector: [1], Type: [1] 87549086ee3571f3d7f8635ca789d7ca0da5943d1774910e060e9321662af5 
mx3.pub.mailpod7-cph3.one.com= Usage: [3], Selector: [1], Type: [1] 5951d49471d48255f349e181309afabd14a7cc96484986056e19dbfe0793e7 Usage: [3], Selector: [1], Type: [1] c5d0655d39a4e4bb3b499e5ad0d4871e73c9a3a58326d950b74a2aad23f79b 
mx3.pub.mailpod8-cph3.one.com= Usage: [3], Selector: [1], Type: [1] d965a3d89b4bba62521c15ef86590072cb637ac7050cc7fb27f8cf16b22bc8 Usage: [3], Selector: [1], Type: [1] 40553b772cb486b06695dbd52f4d73f3c013501868f0b935f4c532d013d0e6 
mx3.pub.mailpod9-cph3.one.com= Usage: [3], Selector: [1], Type: [1] 351ea7538a80adce029d08eb398e1fd25abb7149c15e23e90b8b2077447792 Usage: [3], Selector: [1], Type: [1] 51c0fac6688bdc92d7f6d8eefedf8a00e1108a01622539912497dba854afdb 
mx4.pub.mailpod10-cph3.one.com= Usage: [3], Selector: [1], Type: [1] 68f9341f4ce3cb0507631ec564ae59a802bf1a36437a6d81142b80e0afe5dd Usage: [3], Selector: [1], Type: [1] 196078cc783b2a93dd36edc806a90bea0169b00a8d3fde09335011980325dc 
mx4.pub.mailpod9-cph3.one.com= Usage: [3], Selector: [1], Type: [1] 351ea7538a80adce029d08eb398e1fd25abb7149c15e23e90b8b2077447792 Usage: [3], Selector: [1], Type: [1] 51c0fac6688bdc92d7f6d8eefedf8a00e1108a01622539912497dba854afdb 
mx.domeneshop.no= Usage: [3], Selector: [1], Type: [1] 69d43912a7968e0e7cf60efd830d9167746aa8c2b2be7c43cc7e985f0846d4 
mxext1.mailbox.org= Usage: [3], Selector: [1], Type: [1] 996ad31d65e03f038b8ec950f6f26611529da03e3a283e4400cba2edd04b8a Usage: [3], Selector: [1], Type: [1] e41cc7633029afdba53744d7e5fc31ef507e592de9dfb33557bf3b9a792394 Usage: [3], Selector: [1], Type: [1] 4758af6f02dfb5dc8795fa402e77a8a0486af5e85d2ca60c294476aadc40b2 
mxext2.mailbox.org= Usage: [3], Selector: [1], Type: [1] e41cc7633029afdba53744d7e5fc31ef507e592de9dfb33557bf3b9a792394 Usage: [3], Selector: [1], Type: [1] 4758af6f02dfb5dc8795fa402e77a8a0486af5e85d2ca60c294476aadc40b2 Usage: [3], Selector: [1], Type: [1] 996ad31d65e03f038b8ec950f6f26611529da03e3a283e4400cba2edd04b8a 
mxext3.mailbox.org= Usage: [3], Selector: [1], Type: [1] 4758af6f02dfb5dc8795fa402e77a8a0486af5e85d2ca60c294476aadc40b2 Usage: [3], Selector: [1], Type: [1] e41cc7633029afdba53744d7e5fc31ef507e592de9dfb33557bf3b9a792394 Usage: [3], Selector: [1], Type: [1] 996ad31d65e03f038b8ec950f6f26611529da03e3a283e4400cba2edd04b8a 
mx.simply.com= Usage: [3], Selector: [1], Type: [1] 5d2d65b4a5b30dae5e61fa629eef8f9734fe5e1229d25f70705d5c5442f6fa Usage: [3], Selector: [1], Type: [1] 4e025cfb95bd02ab04e51aa849edb2f0bb93f0ec30a3277dca497f7cf3d41c 
mx.soverin.net= Usage: [3], Selector: [0], Type: [1] f8ae87586f1c2a88853870c90c84d4335af3c32b2f1c7045639352577c2dfa Usage: [3], Selector: [0], Type: [1] 15c6125f32a29eead66da7a56171d7b99e4ac18f247c2c0f4e95e876078704 
nsp.m26.at= Usage: [2], Selector: [1], Type: [2] 6ce1d49613cbdafc9732049f69519035b2122f9e6d493ea1c20c5b9c7bd81f9cb1e2ba2aab9dfddc5bbd124c8e4615d8d024da4152f4f62456fc2eb1eb902a 
odyssey.opti-net.at= Usage: [3], Selector: [0], Type: [1] 4c3d362e431722411dc94367ab7ac4def66e02b8a3fc114dec8c8c9043fd8c 
spool.ebox.at= Usage: [3], Selector: [1], Type: [1] 990a63e4494880136f86cc23542b697c5cb0c8c8815ea7ef15b6ed4eefab6e 
zidmx1.univie.ac.at= Usage: [2], Selector: [1], Type: [1] f3ae75c0490c907e5fb6268ba79ee8aa6c772874c5cc3829ed97895d1d13a0 Usage: [3], Selector: [1], Type: [1] c0578936f55c1800aa6ac8f74116da06c0f8910f8081732cae8f0967ef3204 
zidmx2.univie.ac.at= Usage: [3], Selector: [1], Type: [1] f048d7e22633e2cbc4c821c0c17d163a682cdca46e725b6a9efc092415d28a Usage: [2], Selector: [1], Type: [1] f3ae75c0490c907e5fb6268ba79ee8aa6c772874c5cc3829ed97895d1d13a0 
zidmx3.univie.ac.at= Usage: [3], Selector: [1], Type: [1] 748a7a89b7262329206adb31ba00cd7b687bbe7dea5768dd895b8492ce1b25 Usage: [2], Selector: [1], Type: [1] f3ae75c0490c907e5fb6268ba79ee8aa6c772874c5cc3829ed97895d1d13a0 
zonemx.eu= Usage: [3], Selector: [1], Type: [1] c13528a18b9616337dc2ab825e7b030feb9eab2aa65995e4d83840eb1ee00c 
