bounce.argewebhosting.nl= Usage: [3], Selector: [1], Type: [1] f3058a1e3290b07d48c7126ab1e643e9d2edacbd15e92163a10c3b355ccd8d 
cluster03a.mx-relay.com= Usage: [3], Selector: [0], Type: [1] f3f8b6db44607c4565dd89eeac3e3704311c28eb9465ea39534fd226d562c8 
cluster03b.mx-relay.com= Usage: [3], Selector: [0], Type: [1] b476d19d4dcc8391e78cf1841b6c083907f156aba6a82f0e5c122e02e22dcf 
daedalus.opti-net.at= Usage: [3], Selector: [0], Type: [1] 4c3d362e431722411dc94367ab7ac4def66e02b8a3fc114dec8c8c9043fd8c 
fallback.mail.pcextreme.nl= Usage: [3], Selector: [1], Type: [1] 3d3d3a4349845c41a22f7ddc22a392fd339f39d052fef20418fef44b8ea99f 
gatekeeper.space.net= Usage: [3], Selector: [1], Type: [1] b89a811ea3f203f2a72ab88da6f5f45a2f62e56980148254b622f75951b23e 
gatekeeper.spacenet.de= Usage: [3], Selector: [1], Type: [1] 9425baf67fff4f1b61a1932613b54dea55c630fe3a2be7aed88494f70bf531 
gilean.luchs.at= Usage: [3], Selector: [1], Type: [2] e0200aaa17661122472d6d39f9d1283f43c5eb3f96413f5f06588b79d69ba9381c6a04a08b336a28ff2678e7387f27bd59d801117f777f6c1bad2247af3a43 
mail-01.dd24.net= Usage: [3], Selector: [0], Type: [1] 2652586e0fc2643fa3032fc9310563485e1273d4ae03eadadfe0dd09d4840e 
mail01.sway.co.at= Usage: [3], Selector: [1], Type: [1] 1a29e99e9d33a58c8bd77d8c8f6a79751e851a40e91461e29783b5c179efe7 
mail-02.dd24.net= Usage: [3], Selector: [0], Type: [1] 2652586e0fc2643fa3032fc9310563485e1273d4ae03eadadfe0dd09d4840e 
mail02.dd24.net= Usage: [3], Selector: [0], Type: [1] 2652586e0fc2643fa3032fc9310563485e1273d4ae03eadadfe0dd09d4840e 
mail2.loopia.se= Usage: [3], Selector: [1], Type: [1] ddeebe0b760a39a53e8b20aff4e6d3873fc28623030fb88908bfe46d424f72 
mail4.marcant.net= Usage: [3], Selector: [0], Type: [1] 010ba7b1c6b4361046febdd7b719c25382fea6c4fb4067e72eaf215be7f220 Usage: [3], Selector: [0], Type: [1] 02ef800e33c7ce602cffad70edc6c51f6755430d0a7fcc61dd9426e14e8b3c 
mail5.onebit.cz= Usage: [3], Selector: [1], Type: [1] 5cc902618a540884d08162bd29d02cce81896a88def8fed1b80d32cf7c3805 
mail.blackdd.de= Usage: [3], Selector: [1], Type: [1] e506cc2902c223d4e02e795680f242cfe4a7483197eae540d5d3dc6c05188a 
mailcluster.loopia.se= Usage: [3], Selector: [1], Type: [1] ddeebe0b760a39a53e8b20aff4e6d3873fc28623030fb88908bfe46d424f72 
maildomain.datevnet.com= Usage: [3], Selector: [1], Type: [1] b6c9781dff925812402c2263c905de6a195675fa77cb8033c35457cb688050 
maildomain.datevnet.de= Usage: [3], Selector: [1], Type: [1] b6c9781dff925812402c2263c905de6a195675fa77cb8033c35457cb688050 
mail.ebox.at= Usage: [3], Selector: [1], Type: [1] 990a63e4494880136f86cc23542b697c5cb0c8c8815ea7ef15b6ed4eefab6e 
mail.email4u.at= Usage: [3], Selector: [1], Type: [1] 7000e3da2c20856699b8a321e7b3045a412686a8ef053dd4252e6e043c1b54 
mailex.graz4u.at= Usage: [3], Selector: [1], Type: [1] 8bd91552cb88f66a1a4e0880aca1b1ad409930a8aa980002c0a9eaf6f84dd6 Usage: [3], Selector: [0], Type: [1] d21aa034b618c134cd4fcee0c01db1cf3f049109b0548ad6d894323dc5e5f9 Usage: [3], Selector: [1], Type: [2] 8d8131a69f6ce00d5cc860b6fd6410616b579ac198fbd31ba6689769b7bb01d65ba40f03032780ba2225c9f85f2ce11141c4c0da581029b8a370066f6bf269 
mail.hiptmairit.at= Usage: [3], Selector: [1], Type: [1] 98c86795060034860a188f46379ea048c4e1da18a890bae2c12e42671584dd 
mail.kraftbit.com= Usage: [3], Selector: [1], Type: [1] da206bbe698d7247f28879a271ddfd427248658cbdcc8831700a397094a64c 
mail.marcant.net= Usage: [3], Selector: [0], Type: [1] 02ef800e33c7ce602cffad70edc6c51f6755430d0a7fcc61dd9426e14e8b3c 
mail.mixmytea.at= Usage: [3], Selector: [1], Type: [1] 43647694a2ec5d8c20d67f1dc04dcb5abcd9b4bbf26469afc4ee7d702d6fad 
mail.moretrix.com= Usage: [3], Selector: [0], Type: [1] bbbabc4e615cd1612f6149605c30a281cb956dbcf7b4bf19ff4eafe05fa30e 
mail.neteco.at= Usage: [3], Selector: [0], Type: [1] 6b293cd2c585b0c6bccecf0c492d6d122f04c1b1f2fd881119a26c3d34fd5f 
mail.plongo.net= Usage: [3], Selector: [1], Type: [1] 6684e5839a94df4935b69190b7fd0c05b8e235bf38ef1183608125b3faf997 
mail.prem.cloud= Usage: [3], Selector: [1], Type: [1] 5c39b971d3bbae5dfb4e56ef45194660b7af8ca5a261ba8285874b0b5ec25a 
mail.protonmail.ch= Usage: [3], Selector: [1], Type: [1] 76bb66711da416433ca890a5b2e5a0533c6006478f7d10a4469a947acc8399 Usage: [3], Selector: [1], Type: [1] 6111a5698d23c89e09c36ff833c1487edc1b0c841f87c49dae8f7a09e11e97 
mail.ratior.hu= Usage: [3], Selector: [1], Type: [1] d3511b21e352c0fa77e5555ef12673be6a5642158763214f61c3f73681a540 Usage: [3], Selector: [1], Type: [1] 00a078c34bc865da5e96273dd7cf68db1044d1c5940753125d1ea66cfc7370 
mail.schallmayer.at= Usage: [2], Selector: [0], Type: [1] 25847d668eb4f04fdd40b12b6b0740c567da7d024308eb6c2c96fe41d9de21 
mail.schmid-kaelte.at= Usage: [3], Selector: [1], Type: [1] eb4d4163ece756378689b818ff5b971e45c4f9ade0ae8efc1dd758d1a1bb08 Usage: [2], Selector: [1], Type: [1] eb4d4163ece756378689b818ff5b971e45c4f9ade0ae8efc1dd758d1a1bb08 
mailsec.protonmail.ch= Usage: [3], Selector: [1], Type: [1] 6111a5698d23c89e09c36ff833c1487edc1b0c841f87c49dae8f7a09e11e97 Usage: [3], Selector: [1], Type: [1] 76bb66711da416433ca890a5b2e5a0533c6006478f7d10a4469a947acc8399 
mail.solarfire.at= Usage: [2], Selector: [1], Type: [1] 8d02536c887482bc34ff54e41d2ba659bf85b341a0a20afadb5813dcfbcf28 Usage: [3], Selector: [1], Type: [1] b9b549a79a00bd639a943506c09748b9e2b30f268fd72e74f6e880ee398b50 
mailsrv.spal.at= Usage: [3], Selector: [1], Type: [1] 7cf788be63f8bf2a998adedf349ca489e55fa6495c08969a9c2a0cb11dca72 
mail.summerbo.at= Usage: [3], Selector: [1], Type: [1] 9633202605cfc43ee64fc1fdba3e715581108e990bd41b78a840533408e478 
mail.twosteps.net= Usage: [3], Selector: [1], Type: [1] a2a50eddaae5e03b678f4c3d7f71bc1b4a38a06d2671f6761ab15779e7e6bc 
mail.ud03.udmedia.de= Usage: [3], Selector: [1], Type: [1] 51b5f56b07030ba4b94a275de51f084d3d42002e813284c9b525581d698c8e 
mail.ud04.udmedia.de= Usage: [3], Selector: [1], Type: [1] fd69d498378453105150c2f0c98a503272ae95f6a8c980f03cf9396032aacf 
mail.ud06.udmedia.de= Usage: [3], Selector: [1], Type: [1] a8e926544fbd3a643f7667307f1ccd90e07be82b2db34b04528bc2b074d107 
mail.ud11.udmedia.de= Usage: [3], Selector: [1], Type: [1] dcd1f0827974a52dfbf8bd2983ec8095cbc8651081a53712bb68e9f1cf027c 
mail.webseitenserver.com= Usage: [3], Selector: [0], Type: [1] 0fb5f87b49376fdfed960e5c75c5cc4d8f0e84c3e5e88c0e99fc873d6352a1 
mail.zeus01.de= Usage: [3], Selector: [1], Type: [1] 2c8bd0bcbf6720c09ae393760999ce74a59cb20fe7f080754085e390c99b78 
mail.zeus05.de= Usage: [3], Selector: [1], Type: [1] 357beda32d03d8011d4c89342deb5c7f79b1a9dd6985270c6058774f13208f 
mediaart2.mediaart.hu= Usage: [3], Selector: [1], Type: [1] a8bc57ea3bc159ad57e050a84edd54239911840a4a2377d67de0deca7d81ce 
minbar.sigsegv.at= Usage: [3], Selector: [1], Type: [1] c9b99a81fbe6f38d149fb89665b59dad94f978356bad925f27ef6fdebaa72c 
mta-gw.infomaniak.ch= Usage: [3], Selector: [1], Type: [1] 01bbbc3a65e5f2067aa43dbab107583e1a14567ed2569c63445d21e1de5569 
mx01.pc-web.at= Usage: [3], Selector: [1], Type: [1] 788e9b8a72310630c417b26a1ef8fab0f31c7e18352947c02e84663ceb3849 
mx01.skyforge.at= Usage: [2], Selector: [1], Type: [1] 8d02536c887482bc34ff54e41d2ba659bf85b341a0a20afadb5813dcfbcf28 Usage: [3], Selector: [1], Type: [1] 4a5a29c04c25a3f8787dfb3587039d0757cba72b5e56dd7db337da7f0f9d18 
mx1.active24.com= Usage: [3], Selector: [1], Type: [1] 6d810df46120c8b76d69937babdc8df91cab5030785e7ff5000e0bb149fca2 Usage: [3], Selector: [1], Type: [1] 873817788c329db81c7b1e8d006c3b29f8edef60587af5e8fd0a5ebd945362 
mx1.allesedv.at= Usage: [2], Selector: [1], Type: [1] 4a5b78f220554e3b914094e36f3a299a29d1ac7486b67758d3fb23d2515ff5 Usage: [3], Selector: [1], Type: [1] 18ba3854bd53dee6d66637753522a63316e53bb1b8a710b50aeeba63e5c111 Usage: [2], Selector: [0], Type: [1] 1a9800c7cc4a5e65c794ba80c4a1c54ffa71e50284444853ec49bd2593f064 Usage: [3], Selector: [1], Type: [1] 6d83b04d31e2f5bad199a30e87b12663c2413ff71877d1bc195a1bbacbefc5 Usage: [2], Selector: [0], Type: [1] 5d1be3b8deb91a980ab1dde09747549057a1454bdbcfe2e8d9772bcf843e33 Usage: [3], Selector: [1], Type: [1] 14ac5b821dbd306b9797b08511564ead62b7f10b7c0bd4fea8ed8d2b158c79 
mx1.core-networks.de= Usage: [3], Selector: [1], Type: [1] 4693fac7bf491b14761b4d127d94758db649e7a59ab96b29e16fefa4f15677 
mx1.heinlein-support.de= Usage: [3], Selector: [1], Type: [1] 3fb24e3ee20fd8b05613d4513da596479f5965b11164db2b97c594f42113a6 Usage: [3], Selector: [1], Type: [1] 6b0dd472d3c50d1eff710e93e13993a693e72f8857abe68c996df26b3a24df 
mx1.luckycloud.de= Usage: [3], Selector: [1], Type: [1] 964a7a52b4b3b54b819edfa2f2f55232130d2411beef44b7215f5c3d54873e Usage: [2], Selector: [1], Type: [1] 60b87575447dcba2a36b7d11ac09fb24a9db406fee12d2cc90180517616e8a 
mx1.mail.hostpoint.ch= Usage: [3], Selector: [1], Type: [1] ba882d724c29013cfc5609fe4129ccc0464810d2c05f8cd400aafa213f97f2 
mx1.net4you.net= Usage: [3], Selector: [1], Type: [1] fae54514752aff4d327f6d4c6ee7b6af24e61b7099eb3f4badf2c6ad781146 
mx1.pub.mailpod10-cph3.one.com= Usage: [3], Selector: [1], Type: [1] 68f9341f4ce3cb0507631ec564ae59a802bf1a36437a6d81142b80e0afe5dd Usage: [3], Selector: [1], Type: [1] 196078cc783b2a93dd36edc806a90bea0169b00a8d3fde09335011980325dc 
mx1.pub.mailpod1-cph3.one.com= Usage: [3], Selector: [1], Type: [1] 18bd23670f60c0217338196a1708cbff4b2b6c97f36d18251f41241ae8c579 Usage: [3], Selector: [1], Type: [1] f5e89aa4dead5ab7247ac6666eed312e96d0d8cb6cf90018f1758a384274f5 
mx1.pub.mailpod2-cph3.one.com= Usage: [3], Selector: [1], Type: [1] 4b6b053fa41765c0f643026b908830e8f8819bcd22266a2d02f0ccba92b387 Usage: [3], Selector: [1], Type: [1] 8a37086e6d13e0262f1fedc98a0bcad46b0a84a237da11687d705d0cab9423 
mx1.pub.mailpod3-cph3.one.com= Usage: [3], Selector: [1], Type: [1] fbcafa9dbaa140db6556e0c83499f5840de9139322e85d4bdb704229d1d940 Usage: [3], Selector: [1], Type: [1] a3b43e7e07a2bb10968374c4f376e8f709d99632c5d221ac9f0e05c0e0ca01 
mx1.pub.mailpod4-cph3.one.com= Usage: [3], Selector: [1], Type: [1] 25b80f6906a373b766efb86cbdbababfa8b9e043d7be13f1db6dcf2b8968b2 Usage: [3], Selector: [1], Type: [1] 3c422de5da2dab51159b28cf8c1686c18a1d5aee02a02ea7031534f2146afa 
mx1.pub.mailpod5-cph3.one.com= Usage: [3], Selector: [1], Type: [1] f5939c84b1f7e239314f741530ad9555de3c708b3a4ea787fe984a13c1cc27 Usage: [3], Selector: [1], Type: [1] 92802e1da27b67fcfaa0635ab55cbf825e6fcad7c5c1262f1228339bd40a6b 
mx1.pub.mailpod6-cph3.one.com= Usage: [3], Selector: [1], Type: [1] a97fd351b43a37cdca462ce6783e4192453e84af0e1790764c289e57e27bb6 Usage: [3], Selector: [1], Type: [1] 87549086ee3571f3d7f8635ca789d7ca0da5943d1774910e060e9321662af5 
mx1.pub.mailpod7-cph3.one.com= Usage: [3], Selector: [1], Type: [1] 5951d49471d48255f349e181309afabd14a7cc96484986056e19dbfe0793e7 Usage: [3], Selector: [1], Type: [1] c5d0655d39a4e4bb3b499e5ad0d4871e73c9a3a58326d950b74a2aad23f79b 
mx1.pub.mailpod8-cph3.one.com= Usage: [3], Selector: [1], Type: [1] d965a3d89b4bba62521c15ef86590072cb637ac7050cc7fb27f8cf16b22bc8 Usage: [3], Selector: [1], Type: [1] 40553b772cb486b06695dbd52f4d73f3c013501868f0b935f4c532d013d0e6 
mx1.pub.mailpod9-cph3.one.com= Usage: [3], Selector: [1], Type: [1] 51c0fac6688bdc92d7f6d8eefedf8a00e1108a01622539912497dba854afdb Usage: [3], Selector: [1], Type: [1] 351ea7538a80adce029d08eb398e1fd25abb7149c15e23e90b8b2077447792 
mx1.rechenwiese.net= Usage: [2], Selector: [1], Type: [1] e5545e211347241891c554a03934cde9b749664a59d26d615fe58f77990f2d Usage: [2], Selector: [1], Type: [1] 8d02536c887482bc34ff54e41d2ba659bf85b341a0a20afadb5813dcfbcf28 Usage: [3], Selector: [1], Type: [1] ba92e745f788be351c9811c72c8647180021d08b1b972ca0fbc6cc66fe7483 
mx1.serverclienti.com= Usage: [3], Selector: [1], Type: [1] 96e7ee90396631c15f4539d5fcf9e7d83afbf82e1d13543f4735e43f036289 
mx1.simplelogin.co= Usage: [2], Selector: [1], Type: [1] 60b87575447dcba2a36b7d11ac09fb24a9db406fee12d2cc90180517616e8a Usage: [2], Selector: [1], Type: [1] 8d02536c887482bc34ff54e41d2ba659bf85b341a0a20afadb5813dcfbcf28 
mx1.synetcon.net= Usage: [3], Selector: [0], Type: [1] db35149780b061761dbb1450b32988b28b1f1997b518db9484654efceab779 
mx2.active24.com= Usage: [3], Selector: [1], Type: [1] 6d810df46120c8b76d69937babdc8df91cab5030785e7ff5000e0bb149fca2 Usage: [3], Selector: [1], Type: [1] 873817788c329db81c7b1e8d006c3b29f8edef60587af5e8fd0a5ebd945362 
mx2.core-networks.de= Usage: [3], Selector: [1], Type: [1] 4693fac7bf491b14761b4d127d94758db649e7a59ab96b29e16fefa4f15677 
mx2.heinlein-support.de= Usage: [3], Selector: [1], Type: [1] aab8e6df5d0fcf320b21b465fb18515294e81f91de789b17d8476508a410e4 Usage: [3], Selector: [1], Type: [1] 6b0dd472d3c50d1eff710e93e13993a693e72f8857abe68c996df26b3a24df 
mx2.luckycloud.de= Usage: [2], Selector: [1], Type: [1] 60b87575447dcba2a36b7d11ac09fb24a9db406fee12d2cc90180517616e8a Usage: [3], Selector: [1], Type: [1] 964a7a52b4b3b54b819edfa2f2f55232130d2411beef44b7215f5c3d54873e 
mx2.mail.hostpoint.ch= Usage: [3], Selector: [1], Type: [1] ba882d724c29013cfc5609fe4129ccc0464810d2c05f8cd400aafa213f97f2 
mx2.net4you.net= Usage: [3], Selector: [1], Type: [1] fae54514752aff4d327f6d4c6ee7b6af24e61b7099eb3f4badf2c6ad781146 
mx2.pub.mailpod10-cph3.one.com= Usage: [3], Selector: [1], Type: [1] 196078cc783b2a93dd36edc806a90bea0169b00a8d3fde09335011980325dc Usage: [3], Selector: [1], Type: [1] 68f9341f4ce3cb0507631ec564ae59a802bf1a36437a6d81142b80e0afe5dd 
mx2.pub.mailpod1-cph3.one.com= Usage: [3], Selector: [1], Type: [1] f5e89aa4dead5ab7247ac6666eed312e96d0d8cb6cf90018f1758a384274f5 Usage: [3], Selector: [1], Type: [1] 18bd23670f60c0217338196a1708cbff4b2b6c97f36d18251f41241ae8c579 
mx2.pub.mailpod2-cph3.one.com= Usage: [3], Selector: [1], Type: [1] 4b6b053fa41765c0f643026b908830e8f8819bcd22266a2d02f0ccba92b387 Usage: [3], Selector: [1], Type: [1] 8a37086e6d13e0262f1fedc98a0bcad46b0a84a237da11687d705d0cab9423 
mx2.pub.mailpod3-cph3.one.com= Usage: [3], Selector: [1], Type: [1] fbcafa9dbaa140db6556e0c83499f5840de9139322e85d4bdb704229d1d940 Usage: [3], Selector: [1], Type: [1] a3b43e7e07a2bb10968374c4f376e8f709d99632c5d221ac9f0e05c0e0ca01 
mx2.pub.mailpod4-cph3.one.com= Usage: [3], Selector: [1], Type: [1] 25b80f6906a373b766efb86cbdbababfa8b9e043d7be13f1db6dcf2b8968b2 Usage: [3], Selector: [1], Type: [1] 3c422de5da2dab51159b28cf8c1686c18a1d5aee02a02ea7031534f2146afa 
mx2.pub.mailpod5-cph3.one.com= Usage: [3], Selector: [1], Type: [1] 92802e1da27b67fcfaa0635ab55cbf825e6fcad7c5c1262f1228339bd40a6b Usage: [3], Selector: [1], Type: [1] f5939c84b1f7e239314f741530ad9555de3c708b3a4ea787fe984a13c1cc27 
mx2.pub.mailpod6-cph3.one.com= Usage: [3], Selector: [1], Type: [1] a97fd351b43a37cdca462ce6783e4192453e84af0e1790764c289e57e27bb6 Usage: [3], Selector: [1], Type: [1] 87549086ee3571f3d7f8635ca789d7ca0da5943d1774910e060e9321662af5 
mx2.pub.mailpod7-cph3.one.com= Usage: [3], Selector: [1], Type: [1] c5d0655d39a4e4bb3b499e5ad0d4871e73c9a3a58326d950b74a2aad23f79b Usage: [3], Selector: [1], Type: [1] 5951d49471d48255f349e181309afabd14a7cc96484986056e19dbfe0793e7 
mx2.pub.mailpod8-cph3.one.com= Usage: [3], Selector: [1], Type: [1] d965a3d89b4bba62521c15ef86590072cb637ac7050cc7fb27f8cf16b22bc8 Usage: [3], Selector: [1], Type: [1] 40553b772cb486b06695dbd52f4d73f3c013501868f0b935f4c532d013d0e6 
mx2.pub.mailpod9-cph3.one.com= Usage: [3], Selector: [1], Type: [1] 351ea7538a80adce029d08eb398e1fd25abb7149c15e23e90b8b2077447792 Usage: [3], Selector: [1], Type: [1] 51c0fac6688bdc92d7f6d8eefedf8a00e1108a01622539912497dba854afdb 
mx2.rechenwiese.net= Usage: [2], Selector: [1], Type: [1] 8d02536c887482bc34ff54e41d2ba659bf85b341a0a20afadb5813dcfbcf28 Usage: [2], Selector: [1], Type: [1] e5545e211347241891c554a03934cde9b749664a59d26d615fe58f77990f2d Usage: [3], Selector: [1], Type: [1] 261274cd55e14170302371ef8b7c564d6729d57200c0d87ef5316748cd06c8 
mx2.serverclienti.com= Usage: [3], Selector: [1], Type: [1] 96e7ee90396631c15f4539d5fcf9e7d83afbf82e1d13543f4735e43f036289 
mx2.simplelogin.co= Usage: [2], Selector: [1], Type: [1] 60b87575447dcba2a36b7d11ac09fb24a9db406fee12d2cc90180517616e8a Usage: [2], Selector: [1], Type: [1] 8d02536c887482bc34ff54e41d2ba659bf85b341a0a20afadb5813dcfbcf28 
mx2.synetcon.net= Usage: [3], Selector: [0], Type: [1] f9974ed188b9c0e0bdae1db17216962df66bd779b248d8b2aa3e2fb526825e 
mx3.heinlein-support.de= Usage: [3], Selector: [1], Type: [1] 6b0dd472d3c50d1eff710e93e13993a693e72f8857abe68c996df26b3a24df Usage: [3], Selector: [1], Type: [1] c36a0b082b3354e3f75ab57beda27501aa339c3115e2d12ac9039517fcc1f2 
mx3.pub.mailpod10-cph3.one.com= Usage: [3], Selector: [1], Type: [1] 68f9341f4ce3cb0507631ec564ae59a802bf1a36437a6d81142b80e0afe5dd Usage: [3], Selector: [1], Type: [1] 196078cc783b2a93dd36edc806a90bea0169b00a8d3fde09335011980325dc 
mx3.pub.mailpod1-cph3.one.com= Usage: [3], Selector: [1], Type: [1] f5e89aa4dead5ab7247ac6666eed312e96d0d8cb6cf90018f1758a384274f5 Usage: [3], Selector: [1], Type: [1] 18bd23670f60c0217338196a1708cbff4b2b6c97f36d18251f41241ae8c579 
mx3.pub.mailpod2-cph3.one.com= Usage: [3], Selector: [1], Type: [1] 8a37086e6d13e0262f1fedc98a0bcad46b0a84a237da11687d705d0cab9423 Usage: [3], Selector: [1], Type: [1] 4b6b053fa41765c0f643026b908830e8f8819bcd22266a2d02f0ccba92b387 
mx3.pub.mailpod3-cph3.one.com= Usage: [3], Selector: [1], Type: [1] a3b43e7e07a2bb10968374c4f376e8f709d99632c5d221ac9f0e05c0e0ca01 Usage: [3], Selector: [1], Type: [1] fbcafa9dbaa140db6556e0c83499f5840de9139322e85d4bdb704229d1d940 
mx3.pub.mailpod4-cph3.one.com= Usage: [3], Selector: [1], Type: [1] 3c422de5da2dab51159b28cf8c1686c18a1d5aee02a02ea7031534f2146afa Usage: [3], Selector: [1], Type: [1] 25b80f6906a373b766efb86cbdbababfa8b9e043d7be13f1db6dcf2b8968b2 
mx3.pub.mailpod5-cph3.one.com= Usage: [3], Selector: [1], Type: [1] 92802e1da27b67fcfaa0635ab55cbf825e6fcad7c5c1262f1228339bd40a6b Usage: [3], Selector: [1], Type: [1] f5939c84b1f7e239314f741530ad9555de3c708b3a4ea787fe984a13c1cc27 
mx3.pub.mailpod6-cph3.one.com= Usage: [3], Selector: [1], Type: [1] a97fd351b43a37cdca462ce6783e4192453e84af0e1790764c289e57e27bb6 Usage: [3], Selector: [1], Type: [1] 87549086ee3571f3d7f8635ca789d7ca0da5943d1774910e060e9321662af5 
mx3.pub.mailpod7-cph3.one.com= Usage: [3], Selector: [1], Type: [1] c5d0655d39a4e4bb3b499e5ad0d4871e73c9a3a58326d950b74a2aad23f79b Usage: [3], Selector: [1], Type: [1] 5951d49471d48255f349e181309afabd14a7cc96484986056e19dbfe0793e7 
mx3.pub.mailpod8-cph3.one.com= Usage: [3], Selector: [1], Type: [1] 40553b772cb486b06695dbd52f4d73f3c013501868f0b935f4c532d013d0e6 Usage: [3], Selector: [1], Type: [1] d965a3d89b4bba62521c15ef86590072cb637ac7050cc7fb27f8cf16b22bc8 
mx3.pub.mailpod9-cph3.one.com= Usage: [3], Selector: [1], Type: [1] 51c0fac6688bdc92d7f6d8eefedf8a00e1108a01622539912497dba854afdb Usage: [3], Selector: [1], Type: [1] 351ea7538a80adce029d08eb398e1fd25abb7149c15e23e90b8b2077447792 
mx4.pub.mailpod10-cph3.one.com= Usage: [3], Selector: [1], Type: [1] 68f9341f4ce3cb0507631ec564ae59a802bf1a36437a6d81142b80e0afe5dd Usage: [3], Selector: [1], Type: [1] 196078cc783b2a93dd36edc806a90bea0169b00a8d3fde09335011980325dc 
mx4.pub.mailpod9-cph3.one.com= Usage: [3], Selector: [1], Type: [1] 51c0fac6688bdc92d7f6d8eefedf8a00e1108a01622539912497dba854afdb Usage: [3], Selector: [1], Type: [1] 351ea7538a80adce029d08eb398e1fd25abb7149c15e23e90b8b2077447792 
mx8.onebit.cz= Usage: [3], Selector: [1], Type: [1] e65d5320edbd0602a62ee219e15b72a1f45fa8f9057d57818fdcaa6366f999 
mx8.onebit.eu= Usage: [3], Selector: [1], Type: [1] 1c8dd7cc6cb98b4783063d4d8d45a5bd3d261744707ca79ac30a3805d6c271 Usage: [3], Selector: [1], Type: [1] eb9a0965ccba1074232212df897e1bbd622c555afbc3d413295e4ef2a6809c 
mx.aipi.de= Usage: [3], Selector: [1], Type: [1] 8736f7d009f2a6e7b5e72bb6f413c7d8a1d6d4bb1603d8534afd0e252f1052 
mx-a.secumail.de= Usage: [3], Selector: [0], Type: [1] 50e8d8af451ff2548531903d643750a38b6aa9e2ca51adf809fd2f9d219954 
mxaut.kurios.at= Usage: [3], Selector: [1], Type: [1] 82cf0bcc46a82fbe9ca7bb4e45a073d90b0c61b03d9660a6faaeb97571385e 
mxavas.forpsi.com= Usage: [3], Selector: [1], Type: [1] 7ab5f4244c4878adc5588731fda74bd1f8835e6b0490d1ac184581f1c028ca 
mx-b.secumail.de= Usage: [3], Selector: [0], Type: [1] 50e8d8af451ff2548531903d643750a38b6aa9e2ca51adf809fd2f9d219954 
mx.domeneshop.no= Usage: [3], Selector: [1], Type: [1] 69d43912a7968e0e7cf60efd830d9167746aa8c2b2be7c43cc7e985f0846d4 
mx.dotplex.com= Usage: [3], Selector: [0], Type: [1] ca61543b4bc89731d3cf99dc1d9ea89ba550652a6a6ddab6b837d6e24c143f 
mxext1.mailbox.org= Usage: [3], Selector: [1], Type: [1] 996ad31d65e03f038b8ec950f6f26611529da03e3a283e4400cba2edd04b8a Usage: [3], Selector: [1], Type: [1] e41cc7633029afdba53744d7e5fc31ef507e592de9dfb33557bf3b9a792394 Usage: [3], Selector: [1], Type: [1] 4758af6f02dfb5dc8795fa402e77a8a0486af5e85d2ca60c294476aadc40b2 
mxext2.mailbox.org= Usage: [3], Selector: [1], Type: [1] 4758af6f02dfb5dc8795fa402e77a8a0486af5e85d2ca60c294476aadc40b2 Usage: [3], Selector: [1], Type: [1] 996ad31d65e03f038b8ec950f6f26611529da03e3a283e4400cba2edd04b8a Usage: [3], Selector: [1], Type: [1] e41cc7633029afdba53744d7e5fc31ef507e592de9dfb33557bf3b9a792394 
mxext3.mailbox.org= Usage: [3], Selector: [1], Type: [1] e41cc7633029afdba53744d7e5fc31ef507e592de9dfb33557bf3b9a792394 Usage: [3], Selector: [1], Type: [1] 996ad31d65e03f038b8ec950f6f26611529da03e3a283e4400cba2edd04b8a Usage: [3], Selector: [1], Type: [1] 4758af6f02dfb5dc8795fa402e77a8a0486af5e85d2ca60c294476aadc40b2 
mxirl.kurios.at= Usage: [3], Selector: [1], Type: [1] 82cf0bcc46a82fbe9ca7bb4e45a073d90b0c61b03d9660a6faaeb97571385e 
mx.netzone.ch= Usage: [3], Selector: [0], Type: [1] c5a97ceafb8ab394d8855940d604f216e9e2e8928ea31ce972356c1647e554 
mx-n.heinlein-support.de= Usage: [3], Selector: [1], Type: [1] 6b0dd472d3c50d1eff710e93e13993a693e72f8857abe68c996df26b3a24df Usage: [3], Selector: [1], Type: [1] 3fb24e3ee20fd8b05613d4513da596479f5965b11164db2b97c594f42113a6 
mx.simply.com= Usage: [3], Selector: [1], Type: [1] 5d2d65b4a5b30dae5e61fa629eef8f9734fe5e1229d25f70705d5c5442f6fa Usage: [3], Selector: [1], Type: [1] 4e025cfb95bd02ab04e51aa849edb2f0bb93f0ec30a3277dca497f7cf3d41c 
mx.transip.email= Usage: [3], Selector: [0], Type: [1] 28038bc79b89c9537a1040fd0240cc2e572a7487b9b8215805905bcaa773f9 
nsp.m26.at= Usage: [2], Selector: [1], Type: [2] 6ce1d49613cbdafc9732049f69519035b2122f9e6d493ea1c20c5b9c7bd81f9cb1e2ba2aab9dfddc5bbd124c8e4615d8d024da4152f4f62456fc2eb1eb902a 
odyssey.opti-net.at= Usage: [3], Selector: [0], Type: [1] 4c3d362e431722411dc94367ab7ac4def66e02b8a3fc114dec8c8c9043fd8c 
primary.mail.pcextreme.nl= Usage: [3], Selector: [1], Type: [1] 3d3d3a4349845c41a22f7ddc22a392fd339f39d052fef20418fef44b8ea99f 
relay1.qsp.nl= Usage: [3], Selector: [1], Type: [1] 5b9b695688232ab55a764f23fb0640cc6183ad551cbd43d1e68b6adec381ac 
relay2.qsp.nl= Usage: [3], Selector: [1], Type: [1] 5b9b695688232ab55a764f23fb0640cc6183ad551cbd43d1e68b6adec381ac 
relay.transip.nl= Usage: [3], Selector: [0], Type: [1] 28038bc79b89c9537a1040fd0240cc2e572a7487b9b8215805905bcaa773f9 
serv15.avernis.de= Usage: [3], Selector: [1], Type: [1] 2ee685ae6ddb069550e508037a319e41583724302a4ea151438b4ca5cd860e 
seth.luchs.at= Usage: [3], Selector: [1], Type: [2] b3f9e1583cadc18e43ed066d01d7134623731275a2afba715855af253dad568daecb9de953fd16cc7d4f11588c02e57df8be2ad8b40ed987fb2c9f09bc4f4e 
skyfall.serverban.de= Usage: [3], Selector: [1], Type: [1] eb48941f40f8b39ef28d5d37f1296c846335f60346c08239d6c1acfd46760f 
skymail.de= Usage: [3], Selector: [1], Type: [1] e9f63c8a90d7212e1d12873a7b2a007214578f10393d96a22bd5b4662010a0 
spool.ebox.at= Usage: [3], Selector: [1], Type: [1] 990a63e4494880136f86cc23542b697c5cb0c8c8815ea7ef15b6ed4eefab6e 
whsmail.netzreform.de= Usage: [3], Selector: [1], Type: [1] ba57cee3a410e0c35f2456daeb78a5943fa93ef907d400e0d1514cee69c69b 
www12.hi7.de= Usage: [3], Selector: [0], Type: [1] 1edf346e0b9dabe4f0d77b76fdf66d2acfeca5ece35948c14c1f7ca94719f0 
zidmx1.univie.ac.at= Usage: [2], Selector: [1], Type: [1] f3ae75c0490c907e5fb6268ba79ee8aa6c772874c5cc3829ed97895d1d13a0 Usage: [3], Selector: [1], Type: [1] c0578936f55c1800aa6ac8f74116da06c0f8910f8081732cae8f0967ef3204 
zidmx2.univie.ac.at= Usage: [2], Selector: [1], Type: [1] f3ae75c0490c907e5fb6268ba79ee8aa6c772874c5cc3829ed97895d1d13a0 Usage: [3], Selector: [1], Type: [1] f048d7e22633e2cbc4c821c0c17d163a682cdca46e725b6a9efc092415d28a 
zidmx3.univie.ac.at= Usage: [3], Selector: [1], Type: [1] 748a7a89b7262329206adb31ba00cd7b687bbe7dea5768dd895b8492ce1b25 Usage: [2], Selector: [1], Type: [1] f3ae75c0490c907e5fb6268ba79ee8aa6c772874c5cc3829ed97895d1d13a0 
