backup-mx.vevida.com= Usage: [2], Selector: [1], Type: [1] bd936e72b212ef6f773102c6b77d38f94297322efc25396bc3279422e0c892 Usage: [2], Selector: [1], Type: [1] 8d02536c887482bc34ff54e41d2ba659bf85b341a0a20afadb5813dcfbcf28 Usage: [2], Selector: [0], Type: [1] 25847d668eb4f04fdd40b12b6b0740c567da7d024308eb6c2c96fe41d9de21 Usage: [2], Selector: [1], Type: [1] e5545e211347241891c554a03934cde9b749664a59d26d615fe58f77990f2d Usage: [2], Selector: [1], Type: [1] 276fe8a8c4ec7611565bf9fce6dcace9be320c1b5bea27596b2204071ed04f 
filter01.yourdomainprovider.net= Usage: [3], Selector: [1], Type: [1] 8085bd9e825f2a3d777e9e32ee29b4f073f93d8a016335e7e89b00097686da 
filter02.yourdomainprovider.net= Usage: [3], Selector: [1], Type: [1] 8085bd9e825f2a3d777e9e32ee29b4f073f93d8a016335e7e89b00097686da 
gatekeeper.space.net= Usage: [3], Selector: [1], Type: [1] b89a811ea3f203f2a72ab88da6f5f45a2f62e56980148254b622f75951b23e 
gatekeeper.spacenet.de= Usage: [3], Selector: [1], Type: [1] 9425baf67fff4f1b61a1932613b54dea55c630fe3a2be7aed88494f70bf531 
mail-01.dd24.net= Usage: [3], Selector: [0], Type: [1] 2652586e0fc2643fa3032fc9310563485e1273d4ae03eadadfe0dd09d4840e 
mail02.dd24.net= Usage: [3], Selector: [0], Type: [1] 2652586e0fc2643fa3032fc9310563485e1273d4ae03eadadfe0dd09d4840e 
mail-03.dd24.net= Usage: [3], Selector: [0], Type: [1] 2652586e0fc2643fa3032fc9310563485e1273d4ae03eadadfe0dd09d4840e 
mail2.anonaddy.me= Usage: [3], Selector: [1], Type: [1] 748a42fa079323bea4147b783466bcfd757505e14dc5c8ff8307e017b14990 Usage: [3], Selector: [1], Type: [1] f8c82ce3975879068b2e6fbe292cb7c967726b81f1c31249f72be666e20b88 
mail.anonaddy.me= Usage: [3], Selector: [1], Type: [1] 748a42fa079323bea4147b783466bcfd757505e14dc5c8ff8307e017b14990 Usage: [3], Selector: [1], Type: [1] f8c82ce3975879068b2e6fbe292cb7c967726b81f1c31249f72be666e20b88 
mail.d48.udmedia.de= Usage: [3], Selector: [1], Type: [1] 26094a7f06e1650dd140f43c379c298811f4bc25b5c98a9e6488716402b3d4 
mail.d75.udmedia.de= Usage: [3], Selector: [1], Type: [1] bbf99abe4546740225204f3573e951bc42d218cb15ef145cc780fbec0ca97f 
mail.d77.udmedia.de= Usage: [3], Selector: [1], Type: [1] a958ac1506c059531d1bdbb3e82ae418d532d45c3be64d9b63a68558f76e5f 
maildomain.datevnet.com= Usage: [3], Selector: [1], Type: [1] b6c9781dff925812402c2263c905de6a195675fa77cb8033c35457cb688050 
maildomain.datevnet.de= Usage: [3], Selector: [1], Type: [1] b6c9781dff925812402c2263c905de6a195675fa77cb8033c35457cb688050 
mail.ebox.at= Usage: [3], Selector: [1], Type: [1] 990a63e4494880136f86cc23542b697c5cb0c8c8815ea7ef15b6ed4eefab6e 
mailex.graz4u.at= Usage: [3], Selector: [0], Type: [1] d21aa034b618c134cd4fcee0c01db1cf3f049109b0548ad6d894323dc5e5f9 Usage: [3], Selector: [1], Type: [2] 8d8131a69f6ce00d5cc860b6fd6410616b579ac198fbd31ba6689769b7bb01d65ba40f03032780ba2225c9f85f2ce11141c4c0da581029b8a370066f6bf269 Usage: [3], Selector: [1], Type: [1] 8bd91552cb88f66a1a4e0880aca1b1ad409930a8aa980002c0a9eaf6f84dd6 
mail.neteco.at= Usage: [3], Selector: [0], Type: [1] 6b293cd2c585b0c6bccecf0c492d6d122f04c1b1f2fd881119a26c3d34fd5f 
mail.protonmail.ch= Usage: [3], Selector: [1], Type: [1] 76bb66711da416433ca890a5b2e5a0533c6006478f7d10a4469a947acc8399 Usage: [3], Selector: [1], Type: [1] 6111a5698d23c89e09c36ff833c1487edc1b0c841f87c49dae8f7a09e11e97 
mailsec.protonmail.ch= Usage: [3], Selector: [1], Type: [1] 6111a5698d23c89e09c36ff833c1487edc1b0c841f87c49dae8f7a09e11e97 Usage: [3], Selector: [1], Type: [1] 76bb66711da416433ca890a5b2e5a0533c6006478f7d10a4469a947acc8399 
mail.twosteps.net= Usage: [3], Selector: [1], Type: [1] a2a50eddaae5e03b678f4c3d7f71bc1b4a38a06d2671f6761ab15779e7e6bc 
mail.ud06.udmedia.de= Usage: [3], Selector: [1], Type: [1] a8e926544fbd3a643f7667307f1ccd90e07be82b2db34b04528bc2b074d107 
mail.ud08.udmedia.de= Usage: [3], Selector: [1], Type: [1] 49a2a90513d0317b2f3ec8b270e35838edd6f0283e8166cb9bfe6d22400ae1 
mail.ud10.udmedia.de= Usage: [3], Selector: [1], Type: [1] 08e7316bbf8d053d456a85c16976be4fdfb13d153fe15f88da789e373c0d32 
mail.ud21.udmedia.de= Usage: [3], Selector: [1], Type: [1] 8aff875c8ae053f1d05718b56b29d44421cf9a4037aedc2b85715c7b2457ad 
mail.wagenwerft.at= Usage: [3], Selector: [1], Type: [1] ec8efb19333c7a0d7bc15f461fc1f4dcb0d9a6bded87bdc09e566552c37bc7 
mail.wangfu.at= Usage: [3], Selector: [1], Type: [1] 03617e6cb3e94c0ef621b9da5596033c8e501e503404e5f9e9bc4102d883f0 
mail.web-wack.at= Usage: [2], Selector: [1], Type: [1] e5545e211347241891c554a03934cde9b749664a59d26d615fe58f77990f2d Usage: [2], Selector: [1], Type: [1] 8d02536c887482bc34ff54e41d2ba659bf85b341a0a20afadb5813dcfbcf28 
mail.wellnessandgarden.at= Usage: [3], Selector: [1], Type: [1] e415b82b2e85867110f488617b98c9492cadf727b405eabea7d96e97744dfa 
mail.write.at= Usage: [3], Selector: [1], Type: [1] 14c1033c9af0af316d8a378862dfa6e2a815979f759ee74a1725c5817e33b6 
mail.zeus08.de= Usage: [3], Selector: [1], Type: [1] 2f594854e1d74173d7c019f8abefd52dcc28a9916df1ee4f9c7f5508aa9f21 
mta-gw.infomaniak.ch= Usage: [3], Selector: [1], Type: [1] 01bbbc3a65e5f2067aa43dbab107583e1a14567ed2569c63445d21e1de5569 
mx1.active24.com= Usage: [3], Selector: [1], Type: [1] 6d810df46120c8b76d69937babdc8df91cab5030785e7ff5000e0bb149fca2 Usage: [3], Selector: [1], Type: [1] 873817788c329db81c7b1e8d006c3b29f8edef60587af5e8fd0a5ebd945362 
mx1.allesedv.at= Usage: [2], Selector: [0], Type: [1] 5d1be3b8deb91a980ab1dde09747549057a1454bdbcfe2e8d9772bcf843e33 Usage: [2], Selector: [0], Type: [1] 1a9800c7cc4a5e65c794ba80c4a1c54ffa71e50284444853ec49bd2593f064 Usage: [3], Selector: [1], Type: [1] 6d83b04d31e2f5bad199a30e87b12663c2413ff71877d1bc195a1bbacbefc5 Usage: [3], Selector: [1], Type: [1] 18ba3854bd53dee6d66637753522a63316e53bb1b8a710b50aeeba63e5c111 Usage: [2], Selector: [1], Type: [1] 4a5b78f220554e3b914094e36f3a299a29d1ac7486b67758d3fb23d2515ff5 Usage: [3], Selector: [1], Type: [1] 14ac5b821dbd306b9797b08511564ead62b7f10b7c0bd4fea8ed8d2b158c79 
mx1.core-networks.de= Usage: [3], Selector: [1], Type: [1] 4693fac7bf491b14761b4d127d94758db649e7a59ab96b29e16fefa4f15677 
mx1.heinlein-support.de= Usage: [3], Selector: [1], Type: [1] 3fb24e3ee20fd8b05613d4513da596479f5965b11164db2b97c594f42113a6 Usage: [3], Selector: [1], Type: [1] 6b0dd472d3c50d1eff710e93e13993a693e72f8857abe68c996df26b3a24df 
mx1.mail.hostpoint.ch= Usage: [3], Selector: [1], Type: [1] ba882d724c29013cfc5609fe4129ccc0464810d2c05f8cd400aafa213f97f2 
mx1.net4you.net= Usage: [3], Selector: [1], Type: [1] fae54514752aff4d327f6d4c6ee7b6af24e61b7099eb3f4badf2c6ad781146 
mx1.pub.mailpod10-cph3.one.com= Usage: [3], Selector: [1], Type: [1] 196078cc783b2a93dd36edc806a90bea0169b00a8d3fde09335011980325dc Usage: [3], Selector: [1], Type: [1] 68f9341f4ce3cb0507631ec564ae59a802bf1a36437a6d81142b80e0afe5dd 
mx1.pub.mailpod1-cph3.one.com= Usage: [3], Selector: [1], Type: [1] f5e89aa4dead5ab7247ac6666eed312e96d0d8cb6cf90018f1758a384274f5 Usage: [3], Selector: [1], Type: [1] 18bd23670f60c0217338196a1708cbff4b2b6c97f36d18251f41241ae8c579 
mx1.pub.mailpod2-cph3.one.com= Usage: [3], Selector: [1], Type: [1] 8a37086e6d13e0262f1fedc98a0bcad46b0a84a237da11687d705d0cab9423 Usage: [3], Selector: [1], Type: [1] 4b6b053fa41765c0f643026b908830e8f8819bcd22266a2d02f0ccba92b387 
mx1.pub.mailpod3-cph3.one.com= Usage: [3], Selector: [1], Type: [1] fbcafa9dbaa140db6556e0c83499f5840de9139322e85d4bdb704229d1d940 Usage: [3], Selector: [1], Type: [1] a3b43e7e07a2bb10968374c4f376e8f709d99632c5d221ac9f0e05c0e0ca01 
mx1.pub.mailpod4-cph3.one.com= Usage: [3], Selector: [1], Type: [1] 25b80f6906a373b766efb86cbdbababfa8b9e043d7be13f1db6dcf2b8968b2 Usage: [3], Selector: [1], Type: [1] 3c422de5da2dab51159b28cf8c1686c18a1d5aee02a02ea7031534f2146afa 
mx1.pub.mailpod5-cph3.one.com= Usage: [3], Selector: [1], Type: [1] f5939c84b1f7e239314f741530ad9555de3c708b3a4ea787fe984a13c1cc27 Usage: [3], Selector: [1], Type: [1] 92802e1da27b67fcfaa0635ab55cbf825e6fcad7c5c1262f1228339bd40a6b 
mx1.pub.mailpod6-cph3.one.com= Usage: [3], Selector: [1], Type: [1] a97fd351b43a37cdca462ce6783e4192453e84af0e1790764c289e57e27bb6 Usage: [3], Selector: [1], Type: [1] 87549086ee3571f3d7f8635ca789d7ca0da5943d1774910e060e9321662af5 
mx1.pub.mailpod7-cph3.one.com= Usage: [3], Selector: [1], Type: [1] c5d0655d39a4e4bb3b499e5ad0d4871e73c9a3a58326d950b74a2aad23f79b Usage: [3], Selector: [1], Type: [1] 5951d49471d48255f349e181309afabd14a7cc96484986056e19dbfe0793e7 
mx1.pub.mailpod8-cph3.one.com= Usage: [3], Selector: [1], Type: [1] 40553b772cb486b06695dbd52f4d73f3c013501868f0b935f4c532d013d0e6 Usage: [3], Selector: [1], Type: [1] d965a3d89b4bba62521c15ef86590072cb637ac7050cc7fb27f8cf16b22bc8 
mx1.pub.mailpod9-cph3.one.com= Usage: [3], Selector: [1], Type: [1] 351ea7538a80adce029d08eb398e1fd25abb7149c15e23e90b8b2077447792 Usage: [3], Selector: [1], Type: [1] 51c0fac6688bdc92d7f6d8eefedf8a00e1108a01622539912497dba854afdb 
mx1.rechenwiese.net= Usage: [2], Selector: [1], Type: [1] e5545e211347241891c554a03934cde9b749664a59d26d615fe58f77990f2d Usage: [3], Selector: [1], Type: [1] ba92e745f788be351c9811c72c8647180021d08b1b972ca0fbc6cc66fe7483 Usage: [2], Selector: [1], Type: [1] 8d02536c887482bc34ff54e41d2ba659bf85b341a0a20afadb5813dcfbcf28 
mx1.synetcon.net= Usage: [3], Selector: [0], Type: [1] db35149780b061761dbb1450b32988b28b1f1997b518db9484654efceab779 
mx1.vevida.com= Usage: [2], Selector: [1], Type: [1] bd936e72b212ef6f773102c6b77d38f94297322efc25396bc3279422e0c892 Usage: [2], Selector: [1], Type: [1] 276fe8a8c4ec7611565bf9fce6dcace9be320c1b5bea27596b2204071ed04f Usage: [2], Selector: [1], Type: [1] 8d02536c887482bc34ff54e41d2ba659bf85b341a0a20afadb5813dcfbcf28 Usage: [2], Selector: [0], Type: [1] 25847d668eb4f04fdd40b12b6b0740c567da7d024308eb6c2c96fe41d9de21 Usage: [2], Selector: [1], Type: [1] e5545e211347241891c554a03934cde9b749664a59d26d615fe58f77990f2d 
mx2.active24.com= Usage: [3], Selector: [1], Type: [1] 6d810df46120c8b76d69937babdc8df91cab5030785e7ff5000e0bb149fca2 Usage: [3], Selector: [1], Type: [1] 873817788c329db81c7b1e8d006c3b29f8edef60587af5e8fd0a5ebd945362 
mx2.core-networks.de= Usage: [3], Selector: [1], Type: [1] 4693fac7bf491b14761b4d127d94758db649e7a59ab96b29e16fefa4f15677 
mx2.heinlein-support.de= Usage: [3], Selector: [1], Type: [1] aab8e6df5d0fcf320b21b465fb18515294e81f91de789b17d8476508a410e4 Usage: [3], Selector: [1], Type: [1] 6b0dd472d3c50d1eff710e93e13993a693e72f8857abe68c996df26b3a24df 
mx2.mail.hostpoint.ch= Usage: [3], Selector: [1], Type: [1] ba882d724c29013cfc5609fe4129ccc0464810d2c05f8cd400aafa213f97f2 
mx2.net4you.net= Usage: [3], Selector: [1], Type: [1] fae54514752aff4d327f6d4c6ee7b6af24e61b7099eb3f4badf2c6ad781146 
mx2.pub.mailpod10-cph3.one.com= Usage: [3], Selector: [1], Type: [1] 68f9341f4ce3cb0507631ec564ae59a802bf1a36437a6d81142b80e0afe5dd Usage: [3], Selector: [1], Type: [1] 196078cc783b2a93dd36edc806a90bea0169b00a8d3fde09335011980325dc 
mx2.pub.mailpod1-cph3.one.com= Usage: [3], Selector: [1], Type: [1] 18bd23670f60c0217338196a1708cbff4b2b6c97f36d18251f41241ae8c579 Usage: [3], Selector: [1], Type: [1] f5e89aa4dead5ab7247ac6666eed312e96d0d8cb6cf90018f1758a384274f5 
mx2.pub.mailpod2-cph3.one.com= Usage: [3], Selector: [1], Type: [1] 8a37086e6d13e0262f1fedc98a0bcad46b0a84a237da11687d705d0cab9423 Usage: [3], Selector: [1], Type: [1] 4b6b053fa41765c0f643026b908830e8f8819bcd22266a2d02f0ccba92b387 
mx2.pub.mailpod3-cph3.one.com= Usage: [3], Selector: [1], Type: [1] fbcafa9dbaa140db6556e0c83499f5840de9139322e85d4bdb704229d1d940 Usage: [3], Selector: [1], Type: [1] a3b43e7e07a2bb10968374c4f376e8f709d99632c5d221ac9f0e05c0e0ca01 
mx2.pub.mailpod4-cph3.one.com= Usage: [3], Selector: [1], Type: [1] 25b80f6906a373b766efb86cbdbababfa8b9e043d7be13f1db6dcf2b8968b2 Usage: [3], Selector: [1], Type: [1] 3c422de5da2dab51159b28cf8c1686c18a1d5aee02a02ea7031534f2146afa 
mx2.pub.mailpod5-cph3.one.com= Usage: [3], Selector: [1], Type: [1] f5939c84b1f7e239314f741530ad9555de3c708b3a4ea787fe984a13c1cc27 Usage: [3], Selector: [1], Type: [1] 92802e1da27b67fcfaa0635ab55cbf825e6fcad7c5c1262f1228339bd40a6b 
mx2.pub.mailpod6-cph3.one.com= Usage: [3], Selector: [1], Type: [1] a97fd351b43a37cdca462ce6783e4192453e84af0e1790764c289e57e27bb6 Usage: [3], Selector: [1], Type: [1] 87549086ee3571f3d7f8635ca789d7ca0da5943d1774910e060e9321662af5 
mx2.pub.mailpod7-cph3.one.com= Usage: [3], Selector: [1], Type: [1] 5951d49471d48255f349e181309afabd14a7cc96484986056e19dbfe0793e7 Usage: [3], Selector: [1], Type: [1] c5d0655d39a4e4bb3b499e5ad0d4871e73c9a3a58326d950b74a2aad23f79b 
mx2.pub.mailpod8-cph3.one.com= Usage: [3], Selector: [1], Type: [1] d965a3d89b4bba62521c15ef86590072cb637ac7050cc7fb27f8cf16b22bc8 Usage: [3], Selector: [1], Type: [1] 40553b772cb486b06695dbd52f4d73f3c013501868f0b935f4c532d013d0e6 
mx2.pub.mailpod9-cph3.one.com= Usage: [3], Selector: [1], Type: [1] 51c0fac6688bdc92d7f6d8eefedf8a00e1108a01622539912497dba854afdb Usage: [3], Selector: [1], Type: [1] 351ea7538a80adce029d08eb398e1fd25abb7149c15e23e90b8b2077447792 
mx2.rechenwiese.net= Usage: [3], Selector: [1], Type: [1] 261274cd55e14170302371ef8b7c564d6729d57200c0d87ef5316748cd06c8 Usage: [2], Selector: [1], Type: [1] e5545e211347241891c554a03934cde9b749664a59d26d615fe58f77990f2d Usage: [2], Selector: [1], Type: [1] 8d02536c887482bc34ff54e41d2ba659bf85b341a0a20afadb5813dcfbcf28 
mx2.synetcon.net= Usage: [3], Selector: [0], Type: [1] f9974ed188b9c0e0bdae1db17216962df66bd779b248d8b2aa3e2fb526825e 
mx2.vevida.com= Usage: [2], Selector: [1], Type: [1] 8d02536c887482bc34ff54e41d2ba659bf85b341a0a20afadb5813dcfbcf28 Usage: [2], Selector: [1], Type: [1] bd936e72b212ef6f773102c6b77d38f94297322efc25396bc3279422e0c892 Usage: [2], Selector: [1], Type: [1] e5545e211347241891c554a03934cde9b749664a59d26d615fe58f77990f2d Usage: [2], Selector: [1], Type: [1] 276fe8a8c4ec7611565bf9fce6dcace9be320c1b5bea27596b2204071ed04f Usage: [2], Selector: [0], Type: [1] 25847d668eb4f04fdd40b12b6b0740c567da7d024308eb6c2c96fe41d9de21 
mx3.heinlein-support.de= Usage: [3], Selector: [1], Type: [1] c36a0b082b3354e3f75ab57beda27501aa339c3115e2d12ac9039517fcc1f2 Usage: [3], Selector: [1], Type: [1] 6b0dd472d3c50d1eff710e93e13993a693e72f8857abe68c996df26b3a24df 
mx3.pub.mailpod10-cph3.one.com= Usage: [3], Selector: [1], Type: [1] 68f9341f4ce3cb0507631ec564ae59a802bf1a36437a6d81142b80e0afe5dd Usage: [3], Selector: [1], Type: [1] 196078cc783b2a93dd36edc806a90bea0169b00a8d3fde09335011980325dc 
mx3.pub.mailpod1-cph3.one.com= Usage: [3], Selector: [1], Type: [1] f5e89aa4dead5ab7247ac6666eed312e96d0d8cb6cf90018f1758a384274f5 Usage: [3], Selector: [1], Type: [1] 18bd23670f60c0217338196a1708cbff4b2b6c97f36d18251f41241ae8c579 
mx3.pub.mailpod2-cph3.one.com= Usage: [3], Selector: [1], Type: [1] 4b6b053fa41765c0f643026b908830e8f8819bcd22266a2d02f0ccba92b387 Usage: [3], Selector: [1], Type: [1] 8a37086e6d13e0262f1fedc98a0bcad46b0a84a237da11687d705d0cab9423 
mx3.pub.mailpod3-cph3.one.com= Usage: [3], Selector: [1], Type: [1] fbcafa9dbaa140db6556e0c83499f5840de9139322e85d4bdb704229d1d940 Usage: [3], Selector: [1], Type: [1] a3b43e7e07a2bb10968374c4f376e8f709d99632c5d221ac9f0e05c0e0ca01 
mx3.pub.mailpod4-cph3.one.com= Usage: [3], Selector: [1], Type: [1] 25b80f6906a373b766efb86cbdbababfa8b9e043d7be13f1db6dcf2b8968b2 Usage: [3], Selector: [1], Type: [1] 3c422de5da2dab51159b28cf8c1686c18a1d5aee02a02ea7031534f2146afa 
mx3.pub.mailpod5-cph3.one.com= Usage: [3], Selector: [1], Type: [1] f5939c84b1f7e239314f741530ad9555de3c708b3a4ea787fe984a13c1cc27 Usage: [3], Selector: [1], Type: [1] 92802e1da27b67fcfaa0635ab55cbf825e6fcad7c5c1262f1228339bd40a6b 
mx3.pub.mailpod6-cph3.one.com= Usage: [3], Selector: [1], Type: [1] a97fd351b43a37cdca462ce6783e4192453e84af0e1790764c289e57e27bb6 Usage: [3], Selector: [1], Type: [1] 87549086ee3571f3d7f8635ca789d7ca0da5943d1774910e060e9321662af5 
mx3.pub.mailpod7-cph3.one.com= Usage: [3], Selector: [1], Type: [1] 5951d49471d48255f349e181309afabd14a7cc96484986056e19dbfe0793e7 Usage: [3], Selector: [1], Type: [1] c5d0655d39a4e4bb3b499e5ad0d4871e73c9a3a58326d950b74a2aad23f79b 
mx3.pub.mailpod8-cph3.one.com= Usage: [3], Selector: [1], Type: [1] d965a3d89b4bba62521c15ef86590072cb637ac7050cc7fb27f8cf16b22bc8 Usage: [3], Selector: [1], Type: [1] 40553b772cb486b06695dbd52f4d73f3c013501868f0b935f4c532d013d0e6 
mx3.pub.mailpod9-cph3.one.com= Usage: [3], Selector: [1], Type: [1] 51c0fac6688bdc92d7f6d8eefedf8a00e1108a01622539912497dba854afdb Usage: [3], Selector: [1], Type: [1] 351ea7538a80adce029d08eb398e1fd25abb7149c15e23e90b8b2077447792 
mx3.vevida.com= Usage: [2], Selector: [0], Type: [1] 25847d668eb4f04fdd40b12b6b0740c567da7d024308eb6c2c96fe41d9de21 Usage: [2], Selector: [1], Type: [1] e5545e211347241891c554a03934cde9b749664a59d26d615fe58f77990f2d Usage: [2], Selector: [1], Type: [1] bd936e72b212ef6f773102c6b77d38f94297322efc25396bc3279422e0c892 Usage: [2], Selector: [1], Type: [1] 276fe8a8c4ec7611565bf9fce6dcace9be320c1b5bea27596b2204071ed04f Usage: [2], Selector: [1], Type: [1] 8d02536c887482bc34ff54e41d2ba659bf85b341a0a20afadb5813dcfbcf28 
mx4.pub.mailpod10-cph3.one.com= Usage: [3], Selector: [1], Type: [1] 68f9341f4ce3cb0507631ec564ae59a802bf1a36437a6d81142b80e0afe5dd Usage: [3], Selector: [1], Type: [1] 196078cc783b2a93dd36edc806a90bea0169b00a8d3fde09335011980325dc 
mx4.pub.mailpod9-cph3.one.com= Usage: [3], Selector: [1], Type: [1] 351ea7538a80adce029d08eb398e1fd25abb7149c15e23e90b8b2077447792 Usage: [3], Selector: [1], Type: [1] 51c0fac6688bdc92d7f6d8eefedf8a00e1108a01622539912497dba854afdb 
mx4.vevida.com= Usage: [2], Selector: [1], Type: [1] 8d02536c887482bc34ff54e41d2ba659bf85b341a0a20afadb5813dcfbcf28 Usage: [2], Selector: [1], Type: [1] bd936e72b212ef6f773102c6b77d38f94297322efc25396bc3279422e0c892 Usage: [2], Selector: [0], Type: [1] 25847d668eb4f04fdd40b12b6b0740c567da7d024308eb6c2c96fe41d9de21 Usage: [2], Selector: [1], Type: [1] 276fe8a8c4ec7611565bf9fce6dcace9be320c1b5bea27596b2204071ed04f Usage: [2], Selector: [1], Type: [1] e5545e211347241891c554a03934cde9b749664a59d26d615fe58f77990f2d 
mxavas.forpsi.com= Usage: [3], Selector: [1], Type: [1] 7ab5f4244c4878adc5588731fda74bd1f8835e6b0490d1ac184581f1c028ca 
mxext1.mailbox.org= Usage: [3], Selector: [1], Type: [1] 996ad31d65e03f038b8ec950f6f26611529da03e3a283e4400cba2edd04b8a Usage: [3], Selector: [1], Type: [1] e41cc7633029afdba53744d7e5fc31ef507e592de9dfb33557bf3b9a792394 Usage: [3], Selector: [1], Type: [1] 4758af6f02dfb5dc8795fa402e77a8a0486af5e85d2ca60c294476aadc40b2 
mxext2.mailbox.org= Usage: [3], Selector: [1], Type: [1] e41cc7633029afdba53744d7e5fc31ef507e592de9dfb33557bf3b9a792394 Usage: [3], Selector: [1], Type: [1] 4758af6f02dfb5dc8795fa402e77a8a0486af5e85d2ca60c294476aadc40b2 Usage: [3], Selector: [1], Type: [1] 996ad31d65e03f038b8ec950f6f26611529da03e3a283e4400cba2edd04b8a 
mxext3.mailbox.org= Usage: [3], Selector: [1], Type: [1] 4758af6f02dfb5dc8795fa402e77a8a0486af5e85d2ca60c294476aadc40b2 Usage: [3], Selector: [1], Type: [1] 996ad31d65e03f038b8ec950f6f26611529da03e3a283e4400cba2edd04b8a Usage: [3], Selector: [1], Type: [1] e41cc7633029afdba53744d7e5fc31ef507e592de9dfb33557bf3b9a792394 
mx.mijnspamfilter.nl= Usage: [3], Selector: [1], Type: [1] f20adfd42fc830a68fbc60ecaa4fe8d04272d7ad06fcee22d0c8600f4b4ce8 
mx-n.heinlein-support.de= Usage: [3], Selector: [1], Type: [1] 3fb24e3ee20fd8b05613d4513da596479f5965b11164db2b97c594f42113a6 Usage: [3], Selector: [1], Type: [1] 6b0dd472d3c50d1eff710e93e13993a693e72f8857abe68c996df26b3a24df 
mx.soverin.net= Usage: [3], Selector: [0], Type: [1] 15c6125f32a29eead66da7a56171d7b99e4ac18f247c2c0f4e95e876078704 Usage: [3], Selector: [0], Type: [1] f8ae87586f1c2a88853870c90c84d4335af3c32b2f1c7045639352577c2dfa 
mx.web4u.cz= Usage: [3], Selector: [1], Type: [1] fc3a9b6d2e5d7f67b776635683381542c4dfe8fdaea2c45ac57b4865b54abc Usage: [3], Selector: [1], Type: [1] ff1d87d6ac592cc57b80ab094abf85a6aec6d2d4843e8cb0f0a4bbedf827dc 
nsp.m26.at= Usage: [2], Selector: [1], Type: [2] 6ce1d49613cbdafc9732049f69519035b2122f9e6d493ea1c20c5b9c7bd81f9cb1e2ba2aab9dfddc5bbd124c8e4615d8d024da4152f4f62456fc2eb1eb902a 
pik6.honeyside.com= Usage: [3], Selector: [1], Type: [1] e1d78eba389867b21097eb9172635ef86ff8c563b3408a8a8ba5ef609821da 
relay1.inexio.net= Usage: [3], Selector: [1], Type: [1] ad6cf22db77a7008c0de574efe2ead2358580ebfecaebdb40d0a5095f8983c 
relay2.inexio.net= Usage: [3], Selector: [1], Type: [1] e820e5de28590c9c6b04246e62595d1c36fba8a445da32781a19e748207c5b 
serv15.avernis.de= Usage: [3], Selector: [1], Type: [1] 2ee685ae6ddb069550e508037a319e41583724302a4ea151438b4ca5cd860e 
slurms.appsec.at= Usage: [3], Selector: [1], Type: [1] d606fa7595ae78f782d25fa799020d46d96b84e09ecf5c91bfcb32fef6e6d1 
spool.ebox.at= Usage: [3], Selector: [1], Type: [1] 990a63e4494880136f86cc23542b697c5cb0c8c8815ea7ef15b6ed4eefab6e 
srv0.need4geek.eu= Usage: [3], Selector: [1], Type: [1] bdbb48792078febe68f57b0e4057031acc27b62f5c7db476f0dbcf68f90db6 
srv1.need4geek.eu= Usage: [3], Selector: [1], Type: [1] 4eaa7e75628466b4353f897c9688720659c8b051deea9301b847dad276b741 
srv2.need4geek.eu= Usage: [3], Selector: [1], Type: [1] 54f738b72e37ed6eac5e38aae9fca48db49a526df57e4b2612ed2c2c006286 
www12.hi7.de= Usage: [3], Selector: [0], Type: [1] 1edf346e0b9dabe4f0d77b76fdf66d2acfeca5ece35948c14c1f7ca94719f0 
zidmx1.univie.ac.at= Usage: [3], Selector: [1], Type: [1] c0578936f55c1800aa6ac8f74116da06c0f8910f8081732cae8f0967ef3204 Usage: [2], Selector: [1], Type: [1] f3ae75c0490c907e5fb6268ba79ee8aa6c772874c5cc3829ed97895d1d13a0 
zidmx2.univie.ac.at= Usage: [2], Selector: [1], Type: [1] f3ae75c0490c907e5fb6268ba79ee8aa6c772874c5cc3829ed97895d1d13a0 Usage: [3], Selector: [1], Type: [1] f048d7e22633e2cbc4c821c0c17d163a682cdca46e725b6a9efc092415d28a 
zidmx3.univie.ac.at= Usage: [3], Selector: [1], Type: [1] 748a7a89b7262329206adb31ba00cd7b687bbe7dea5768dd895b8492ce1b25 Usage: [2], Selector: [1], Type: [1] f3ae75c0490c907e5fb6268ba79ee8aa6c772874c5cc3829ed97895d1d13a0 
