mail.swords.solutions= Usage: [3], Selector: [1], Type: [1] 5ba2fdf0fa90c5bb2a9f123cdff39ec3c0f888e01211afeeb3dc4d5455c1ab 
mail.ud10.udmedia.de= Usage: [3], Selector: [1], Type: [1] 08e7316bbf8d053d456a85c16976be4fdfb13d153fe15f88da789e373c0d32 
mx1.active24.com= Usage: [3], Selector: [1], Type: [1] 6d810df46120c8b76d69937babdc8df91cab5030785e7ff5000e0bb149fca2 Usage: [3], Selector: [1], Type: [1] 873817788c329db81c7b1e8d006c3b29f8edef60587af5e8fd0a5ebd945362 
mx1.allesedv.at= Usage: [3], Selector: [1], Type: [1] 14ac5b821dbd306b9797b08511564ead62b7f10b7c0bd4fea8ed8d2b158c79 Usage: [2], Selector: [1], Type: [1] 4a5b78f220554e3b914094e36f3a299a29d1ac7486b67758d3fb23d2515ff5 Usage: [3], Selector: [1], Type: [1] 6d83b04d31e2f5bad199a30e87b12663c2413ff71877d1bc195a1bbacbefc5 Usage: [2], Selector: [0], Type: [1] 1a9800c7cc4a5e65c794ba80c4a1c54ffa71e50284444853ec49bd2593f064 Usage: [2], Selector: [0], Type: [1] 5d1be3b8deb91a980ab1dde09747549057a1454bdbcfe2e8d9772bcf843e33 Usage: [3], Selector: [1], Type: [1] 18ba3854bd53dee6d66637753522a63316e53bb1b8a710b50aeeba63e5c111 
mx1.core-networks.de= Usage: [3], Selector: [1], Type: [1] 4693fac7bf491b14761b4d127d94758db649e7a59ab96b29e16fefa4f15677 
mx1.mail.hostpoint.ch= Usage: [3], Selector: [1], Type: [1] ba882d724c29013cfc5609fe4129ccc0464810d2c05f8cd400aafa213f97f2 
mx1.net4you.net= Usage: [3], Selector: [1], Type: [1] fae54514752aff4d327f6d4c6ee7b6af24e61b7099eb3f4badf2c6ad781146 
mx1.pub.mailpod5-cph3.one.com= Usage: [3], Selector: [1], Type: [1] 92802e1da27b67fcfaa0635ab55cbf825e6fcad7c5c1262f1228339bd40a6b Usage: [3], Selector: [1], Type: [1] f5939c84b1f7e239314f741530ad9555de3c708b3a4ea787fe984a13c1cc27 
mx1.pub.mailpod7-cph3.one.com= Usage: [3], Selector: [1], Type: [1] 5951d49471d48255f349e181309afabd14a7cc96484986056e19dbfe0793e7 Usage: [3], Selector: [1], Type: [1] c5d0655d39a4e4bb3b499e5ad0d4871e73c9a3a58326d950b74a2aad23f79b 
mx1.pub.mailpod9-cph3.one.com= Usage: [3], Selector: [1], Type: [1] 351ea7538a80adce029d08eb398e1fd25abb7149c15e23e90b8b2077447792 Usage: [3], Selector: [1], Type: [1] 51c0fac6688bdc92d7f6d8eefedf8a00e1108a01622539912497dba854afdb 
mx2.active24.com= Usage: [3], Selector: [1], Type: [1] 6d810df46120c8b76d69937babdc8df91cab5030785e7ff5000e0bb149fca2 Usage: [3], Selector: [1], Type: [1] 873817788c329db81c7b1e8d006c3b29f8edef60587af5e8fd0a5ebd945362 
mx2.core-networks.de= Usage: [3], Selector: [1], Type: [1] 4693fac7bf491b14761b4d127d94758db649e7a59ab96b29e16fefa4f15677 
mx2.mail.hostpoint.ch= Usage: [3], Selector: [1], Type: [1] ba882d724c29013cfc5609fe4129ccc0464810d2c05f8cd400aafa213f97f2 
mx2.net4you.net= Usage: [3], Selector: [1], Type: [1] fae54514752aff4d327f6d4c6ee7b6af24e61b7099eb3f4badf2c6ad781146 
mx2.pub.mailpod5-cph3.one.com= Usage: [3], Selector: [1], Type: [1] 92802e1da27b67fcfaa0635ab55cbf825e6fcad7c5c1262f1228339bd40a6b Usage: [3], Selector: [1], Type: [1] f5939c84b1f7e239314f741530ad9555de3c708b3a4ea787fe984a13c1cc27 
mx2.pub.mailpod7-cph3.one.com= Usage: [3], Selector: [1], Type: [1] c5d0655d39a4e4bb3b499e5ad0d4871e73c9a3a58326d950b74a2aad23f79b Usage: [3], Selector: [1], Type: [1] 5951d49471d48255f349e181309afabd14a7cc96484986056e19dbfe0793e7 
mx2.pub.mailpod9-cph3.one.com= Usage: [3], Selector: [1], Type: [1] 51c0fac6688bdc92d7f6d8eefedf8a00e1108a01622539912497dba854afdb Usage: [3], Selector: [1], Type: [1] 351ea7538a80adce029d08eb398e1fd25abb7149c15e23e90b8b2077447792 
mx3.pub.mailpod5-cph3.one.com= Usage: [3], Selector: [1], Type: [1] f5939c84b1f7e239314f741530ad9555de3c708b3a4ea787fe984a13c1cc27 Usage: [3], Selector: [1], Type: [1] 92802e1da27b67fcfaa0635ab55cbf825e6fcad7c5c1262f1228339bd40a6b 
mx3.pub.mailpod7-cph3.one.com= Usage: [3], Selector: [1], Type: [1] c5d0655d39a4e4bb3b499e5ad0d4871e73c9a3a58326d950b74a2aad23f79b Usage: [3], Selector: [1], Type: [1] 5951d49471d48255f349e181309afabd14a7cc96484986056e19dbfe0793e7 
mx3.pub.mailpod9-cph3.one.com= Usage: [3], Selector: [1], Type: [1] 351ea7538a80adce029d08eb398e1fd25abb7149c15e23e90b8b2077447792 Usage: [3], Selector: [1], Type: [1] 51c0fac6688bdc92d7f6d8eefedf8a00e1108a01622539912497dba854afdb 
mx4.pub.mailpod9-cph3.one.com= Usage: [3], Selector: [1], Type: [1] 351ea7538a80adce029d08eb398e1fd25abb7149c15e23e90b8b2077447792 Usage: [3], Selector: [1], Type: [1] 51c0fac6688bdc92d7f6d8eefedf8a00e1108a01622539912497dba854afdb 
mxext1.mailbox.org= Usage: [3], Selector: [1], Type: [1] 996ad31d65e03f038b8ec950f6f26611529da03e3a283e4400cba2edd04b8a Usage: [3], Selector: [1], Type: [1] 4758af6f02dfb5dc8795fa402e77a8a0486af5e85d2ca60c294476aadc40b2 Usage: [3], Selector: [1], Type: [1] e41cc7633029afdba53744d7e5fc31ef507e592de9dfb33557bf3b9a792394 
mxext2.mailbox.org= Usage: [3], Selector: [1], Type: [1] 4758af6f02dfb5dc8795fa402e77a8a0486af5e85d2ca60c294476aadc40b2 Usage: [3], Selector: [1], Type: [1] 996ad31d65e03f038b8ec950f6f26611529da03e3a283e4400cba2edd04b8a Usage: [3], Selector: [1], Type: [1] e41cc7633029afdba53744d7e5fc31ef507e592de9dfb33557bf3b9a792394 
mxext3.mailbox.org= Usage: [3], Selector: [1], Type: [1] 996ad31d65e03f038b8ec950f6f26611529da03e3a283e4400cba2edd04b8a Usage: [3], Selector: [1], Type: [1] e41cc7633029afdba53744d7e5fc31ef507e592de9dfb33557bf3b9a792394 Usage: [3], Selector: [1], Type: [1] 4758af6f02dfb5dc8795fa402e77a8a0486af5e85d2ca60c294476aadc40b2 
mx.netzone.ch= Usage: [3], Selector: [0], Type: [1] c5a97ceafb8ab394d8855940d604f216e9e2e8928ea31ce972356c1647e554 
mx.transip.email= Usage: [3], Selector: [0], Type: [1] 28038bc79b89c9537a1040fd0240cc2e572a7487b9b8215805905bcaa773f9 
nsp.m26.at= Usage: [2], Selector: [1], Type: [2] 6ce1d49613cbdafc9732049f69519035b2122f9e6d493ea1c20c5b9c7bd81f9cb1e2ba2aab9dfddc5bbd124c8e4615d8d024da4152f4f62456fc2eb1eb902a 
