mail4.marcant.net= Usage: [3], Selector: [0], Type: [1] 010ba7b1c6b4361046febdd7b719c25382fea6c4fb4067e72eaf215be7f220 Usage: [3], Selector: [0], Type: [1] 02ef800e33c7ce602cffad70edc6c51f6755430d0a7fcc61dd9426e14e8b3c 
mail.protonmail.ch= Usage: [3], Selector: [1], Type: [1] 6111a5698d23c89e09c36ff833c1487edc1b0c841f87c49dae8f7a09e11e97 Usage: [3], Selector: [1], Type: [1] 76bb66711da416433ca890a5b2e5a0533c6006478f7d10a4469a947acc8399 
mailsec.protonmail.ch= Usage: [3], Selector: [1], Type: [1] 76bb66711da416433ca890a5b2e5a0533c6006478f7d10a4469a947acc8399 Usage: [3], Selector: [1], Type: [1] 6111a5698d23c89e09c36ff833c1487edc1b0c841f87c49dae8f7a09e11e97 
mail.ud17.udmedia.de= Usage: [3], Selector: [1], Type: [1] f34e0cb5a23925acc0b0cba805293827877ca4a6b72ec4eebc720b67bdeb4b 
mx1.active24.com= Usage: [3], Selector: [1], Type: [1] 6d810df46120c8b76d69937babdc8df91cab5030785e7ff5000e0bb149fca2 Usage: [3], Selector: [1], Type: [1] 873817788c329db81c7b1e8d006c3b29f8edef60587af5e8fd0a5ebd945362 
mx1.pub.mailpod10-cph3.one.com= Usage: [3], Selector: [1], Type: [1] 68f9341f4ce3cb0507631ec564ae59a802bf1a36437a6d81142b80e0afe5dd Usage: [3], Selector: [1], Type: [1] 196078cc783b2a93dd36edc806a90bea0169b00a8d3fde09335011980325dc 
mx1.pub.mailpod3-cph3.one.com= Usage: [3], Selector: [1], Type: [1] fbcafa9dbaa140db6556e0c83499f5840de9139322e85d4bdb704229d1d940 Usage: [3], Selector: [1], Type: [1] a3b43e7e07a2bb10968374c4f376e8f709d99632c5d221ac9f0e05c0e0ca01 
mx1.pub.mailpod4-cph3.one.com= Usage: [3], Selector: [1], Type: [1] 3c422de5da2dab51159b28cf8c1686c18a1d5aee02a02ea7031534f2146afa Usage: [3], Selector: [1], Type: [1] 25b80f6906a373b766efb86cbdbababfa8b9e043d7be13f1db6dcf2b8968b2 
mx1.pub.mailpod6-cph3.one.com= Usage: [3], Selector: [1], Type: [1] a97fd351b43a37cdca462ce6783e4192453e84af0e1790764c289e57e27bb6 Usage: [3], Selector: [1], Type: [1] 87549086ee3571f3d7f8635ca789d7ca0da5943d1774910e060e9321662af5 
mx1.pub.mailpod7-cph3.one.com= Usage: [3], Selector: [1], Type: [1] c5d0655d39a4e4bb3b499e5ad0d4871e73c9a3a58326d950b74a2aad23f79b Usage: [3], Selector: [1], Type: [1] 5951d49471d48255f349e181309afabd14a7cc96484986056e19dbfe0793e7 
mx1.pub.mailpod9-cph3.one.com= Usage: [3], Selector: [1], Type: [1] 51c0fac6688bdc92d7f6d8eefedf8a00e1108a01622539912497dba854afdb Usage: [3], Selector: [1], Type: [1] 351ea7538a80adce029d08eb398e1fd25abb7149c15e23e90b8b2077447792 
mx2.active24.com= Usage: [3], Selector: [1], Type: [1] 6d810df46120c8b76d69937babdc8df91cab5030785e7ff5000e0bb149fca2 Usage: [3], Selector: [1], Type: [1] 873817788c329db81c7b1e8d006c3b29f8edef60587af5e8fd0a5ebd945362 
mx2.pub.mailpod10-cph3.one.com= Usage: [3], Selector: [1], Type: [1] 196078cc783b2a93dd36edc806a90bea0169b00a8d3fde09335011980325dc Usage: [3], Selector: [1], Type: [1] 68f9341f4ce3cb0507631ec564ae59a802bf1a36437a6d81142b80e0afe5dd 
mx2.pub.mailpod3-cph3.one.com= Usage: [3], Selector: [1], Type: [1] a3b43e7e07a2bb10968374c4f376e8f709d99632c5d221ac9f0e05c0e0ca01 Usage: [3], Selector: [1], Type: [1] fbcafa9dbaa140db6556e0c83499f5840de9139322e85d4bdb704229d1d940 
mx2.pub.mailpod4-cph3.one.com= Usage: [3], Selector: [1], Type: [1] 3c422de5da2dab51159b28cf8c1686c18a1d5aee02a02ea7031534f2146afa Usage: [3], Selector: [1], Type: [1] 25b80f6906a373b766efb86cbdbababfa8b9e043d7be13f1db6dcf2b8968b2 
mx2.pub.mailpod6-cph3.one.com= Usage: [3], Selector: [1], Type: [1] 87549086ee3571f3d7f8635ca789d7ca0da5943d1774910e060e9321662af5 Usage: [3], Selector: [1], Type: [1] a97fd351b43a37cdca462ce6783e4192453e84af0e1790764c289e57e27bb6 
mx2.pub.mailpod7-cph3.one.com= Usage: [3], Selector: [1], Type: [1] c5d0655d39a4e4bb3b499e5ad0d4871e73c9a3a58326d950b74a2aad23f79b Usage: [3], Selector: [1], Type: [1] 5951d49471d48255f349e181309afabd14a7cc96484986056e19dbfe0793e7 
mx2.pub.mailpod9-cph3.one.com= Usage: [3], Selector: [1], Type: [1] 351ea7538a80adce029d08eb398e1fd25abb7149c15e23e90b8b2077447792 Usage: [3], Selector: [1], Type: [1] 51c0fac6688bdc92d7f6d8eefedf8a00e1108a01622539912497dba854afdb 
mx3.pub.mailpod10-cph3.one.com= Usage: [3], Selector: [1], Type: [1] 68f9341f4ce3cb0507631ec564ae59a802bf1a36437a6d81142b80e0afe5dd Usage: [3], Selector: [1], Type: [1] 196078cc783b2a93dd36edc806a90bea0169b00a8d3fde09335011980325dc 
mx3.pub.mailpod3-cph3.one.com= Usage: [3], Selector: [1], Type: [1] fbcafa9dbaa140db6556e0c83499f5840de9139322e85d4bdb704229d1d940 Usage: [3], Selector: [1], Type: [1] a3b43e7e07a2bb10968374c4f376e8f709d99632c5d221ac9f0e05c0e0ca01 
mx3.pub.mailpod4-cph3.one.com= Usage: [3], Selector: [1], Type: [1] 25b80f6906a373b766efb86cbdbababfa8b9e043d7be13f1db6dcf2b8968b2 Usage: [3], Selector: [1], Type: [1] 3c422de5da2dab51159b28cf8c1686c18a1d5aee02a02ea7031534f2146afa 
mx3.pub.mailpod6-cph3.one.com= Usage: [3], Selector: [1], Type: [1] a97fd351b43a37cdca462ce6783e4192453e84af0e1790764c289e57e27bb6 Usage: [3], Selector: [1], Type: [1] 87549086ee3571f3d7f8635ca789d7ca0da5943d1774910e060e9321662af5 
mx3.pub.mailpod7-cph3.one.com= Usage: [3], Selector: [1], Type: [1] c5d0655d39a4e4bb3b499e5ad0d4871e73c9a3a58326d950b74a2aad23f79b Usage: [3], Selector: [1], Type: [1] 5951d49471d48255f349e181309afabd14a7cc96484986056e19dbfe0793e7 
mx3.pub.mailpod9-cph3.one.com= Usage: [3], Selector: [1], Type: [1] 351ea7538a80adce029d08eb398e1fd25abb7149c15e23e90b8b2077447792 Usage: [3], Selector: [1], Type: [1] 51c0fac6688bdc92d7f6d8eefedf8a00e1108a01622539912497dba854afdb 
mx4.pub.mailpod10-cph3.one.com= Usage: [3], Selector: [1], Type: [1] 68f9341f4ce3cb0507631ec564ae59a802bf1a36437a6d81142b80e0afe5dd Usage: [3], Selector: [1], Type: [1] 196078cc783b2a93dd36edc806a90bea0169b00a8d3fde09335011980325dc 
mx4.pub.mailpod9-cph3.one.com= Usage: [3], Selector: [1], Type: [1] 351ea7538a80adce029d08eb398e1fd25abb7149c15e23e90b8b2077447792 Usage: [3], Selector: [1], Type: [1] 51c0fac6688bdc92d7f6d8eefedf8a00e1108a01622539912497dba854afdb 
mxext1.mailbox.org= Usage: [3], Selector: [1], Type: [1] 996ad31d65e03f038b8ec950f6f26611529da03e3a283e4400cba2edd04b8a Usage: [3], Selector: [1], Type: [1] 4758af6f02dfb5dc8795fa402e77a8a0486af5e85d2ca60c294476aadc40b2 Usage: [3], Selector: [1], Type: [1] e41cc7633029afdba53744d7e5fc31ef507e592de9dfb33557bf3b9a792394 
mxext2.mailbox.org= Usage: [3], Selector: [1], Type: [1] 4758af6f02dfb5dc8795fa402e77a8a0486af5e85d2ca60c294476aadc40b2 Usage: [3], Selector: [1], Type: [1] e41cc7633029afdba53744d7e5fc31ef507e592de9dfb33557bf3b9a792394 Usage: [3], Selector: [1], Type: [1] 996ad31d65e03f038b8ec950f6f26611529da03e3a283e4400cba2edd04b8a 
mxext3.mailbox.org= Usage: [3], Selector: [1], Type: [1] e41cc7633029afdba53744d7e5fc31ef507e592de9dfb33557bf3b9a792394 Usage: [3], Selector: [1], Type: [1] 996ad31d65e03f038b8ec950f6f26611529da03e3a283e4400cba2edd04b8a Usage: [3], Selector: [1], Type: [1] 4758af6f02dfb5dc8795fa402e77a8a0486af5e85d2ca60c294476aadc40b2 
nc.hitco.at= Usage: [3], Selector: [1], Type: [1] cd54ce5770b29860600f1e7ce3368352975c01e39bc55c46af4a32b773d209 Usage: [2], Selector: [1], Type: [1] 8d02536c887482bc34ff54e41d2ba659bf85b341a0a20afadb5813dcfbcf28 Usage: [2], Selector: [1], Type: [1] 60b87575447dcba2a36b7d11ac09fb24a9db406fee12d2cc90180517616e8a Usage: [2], Selector: [1], Type: [1] e5545e211347241891c554a03934cde9b749664a59d26d615fe58f77990f2d Usage: [2], Selector: [1], Type: [1] b111dd8a1c2091a89bd4fd60c57f0716cce50feeff8137cdbee0326e02cf36 
serv15.avernis.de= Usage: [3], Selector: [1], Type: [1] 2ee685ae6ddb069550e508037a319e41583724302a4ea151438b4ca5cd860e 
www12.hi7.de= Usage: [3], Selector: [0], Type: [1] 1edf346e0b9dabe4f0d77b76fdf66d2acfeca5ece35948c14c1f7ca94719f0 
