box.m.fxp.at= Usage: [3], Selector: [1], Type: [1] 3e8f1dcc6561b93671b8b9516e565a24a76324eaf32abef26c7dd1f78f578e 
gilean.luchs.at= Usage: [3], Selector: [1], Type: [2] e0200aaa17661122472d6d39f9d1283f43c5eb3f96413f5f06588b79d69ba9381c6a04a08b336a28ff2678e7387f27bd59d801117f777f6c1bad2247af3a43 
mail5.onebit.cz= Usage: [3], Selector: [1], Type: [1] 5cc902618a540884d08162bd29d02cce81896a88def8fed1b80d32cf7c3805 
mail.ebox.at= Usage: [3], Selector: [1], Type: [1] 990a63e4494880136f86cc23542b697c5cb0c8c8815ea7ef15b6ed4eefab6e 
mail.keppler-it.de= Usage: [3], Selector: [1], Type: [1] 24a14b44b8f1b0544520bdae0f5f95e5033931877caefed09aee4be5de2aab 
mail.neteco.at= Usage: [3], Selector: [0], Type: [1] 6b293cd2c585b0c6bccecf0c492d6d122f04c1b1f2fd881119a26c3d34fd5f 
mail.protonmail.ch= Usage: [3], Selector: [1], Type: [1] 6111a5698d23c89e09c36ff833c1487edc1b0c841f87c49dae8f7a09e11e97 Usage: [3], Selector: [1], Type: [1] 76bb66711da416433ca890a5b2e5a0533c6006478f7d10a4469a947acc8399 
mailsec.protonmail.ch= Usage: [3], Selector: [1], Type: [1] 76bb66711da416433ca890a5b2e5a0533c6006478f7d10a4469a947acc8399 Usage: [3], Selector: [1], Type: [1] 6111a5698d23c89e09c36ff833c1487edc1b0c841f87c49dae8f7a09e11e97 
mail.terahost.at= Usage: [3], Selector: [1], Type: [2] bf565510d446d2377347373b21b4178de961dfab5ddb58870057734c1e4a0fa420faed227e4fe896b4cc596d9ae3fbb42bbb5a71770affce08ac8e44f231c8 
mail.twosteps.net= Usage: [3], Selector: [1], Type: [1] a2a50eddaae5e03b678f4c3d7f71bc1b4a38a06d2671f6761ab15779e7e6bc 
mail.zimtnow.com= Usage: [3], Selector: [1], Type: [1] d283dd37dc2770a78e38dd1185ddf29e9fc8cfd7786053e35d6334fc7ff035 
mx1.active24.com= Usage: [3], Selector: [1], Type: [1] 6d810df46120c8b76d69937babdc8df91cab5030785e7ff5000e0bb149fca2 Usage: [3], Selector: [1], Type: [1] 873817788c329db81c7b1e8d006c3b29f8edef60587af5e8fd0a5ebd945362 
mx1.allesedv.at= Usage: [3], Selector: [1], Type: [1] 6d83b04d31e2f5bad199a30e87b12663c2413ff71877d1bc195a1bbacbefc5 Usage: [2], Selector: [0], Type: [1] 1a9800c7cc4a5e65c794ba80c4a1c54ffa71e50284444853ec49bd2593f064 Usage: [2], Selector: [0], Type: [1] 5d1be3b8deb91a980ab1dde09747549057a1454bdbcfe2e8d9772bcf843e33 Usage: [2], Selector: [1], Type: [1] 4a5b78f220554e3b914094e36f3a299a29d1ac7486b67758d3fb23d2515ff5 Usage: [3], Selector: [1], Type: [1] 14ac5b821dbd306b9797b08511564ead62b7f10b7c0bd4fea8ed8d2b158c79 Usage: [3], Selector: [1], Type: [1] 18ba3854bd53dee6d66637753522a63316e53bb1b8a710b50aeeba63e5c111 
mx1.mail.hostpoint.ch= Usage: [3], Selector: [1], Type: [1] ba882d724c29013cfc5609fe4129ccc0464810d2c05f8cd400aafa213f97f2 
mx1.net4you.net= Usage: [3], Selector: [1], Type: [1] fae54514752aff4d327f6d4c6ee7b6af24e61b7099eb3f4badf2c6ad781146 
mx1.pub.mailpod10-cph3.one.com= Usage: [3], Selector: [1], Type: [1] 196078cc783b2a93dd36edc806a90bea0169b00a8d3fde09335011980325dc Usage: [3], Selector: [1], Type: [1] 68f9341f4ce3cb0507631ec564ae59a802bf1a36437a6d81142b80e0afe5dd 
mx1.pub.mailpod1-cph3.one.com= Usage: [3], Selector: [1], Type: [1] f5e89aa4dead5ab7247ac6666eed312e96d0d8cb6cf90018f1758a384274f5 Usage: [3], Selector: [1], Type: [1] 18bd23670f60c0217338196a1708cbff4b2b6c97f36d18251f41241ae8c579 
mx1.pub.mailpod2-cph3.one.com= Usage: [3], Selector: [1], Type: [1] 4b6b053fa41765c0f643026b908830e8f8819bcd22266a2d02f0ccba92b387 Usage: [3], Selector: [1], Type: [1] 8a37086e6d13e0262f1fedc98a0bcad46b0a84a237da11687d705d0cab9423 
mx1.pub.mailpod5-cph3.one.com= Usage: [3], Selector: [1], Type: [1] 92802e1da27b67fcfaa0635ab55cbf825e6fcad7c5c1262f1228339bd40a6b Usage: [3], Selector: [1], Type: [1] f5939c84b1f7e239314f741530ad9555de3c708b3a4ea787fe984a13c1cc27 
mx1.pub.mailpod6-cph3.one.com= Usage: [3], Selector: [1], Type: [1] a97fd351b43a37cdca462ce6783e4192453e84af0e1790764c289e57e27bb6 Usage: [3], Selector: [1], Type: [1] 87549086ee3571f3d7f8635ca789d7ca0da5943d1774910e060e9321662af5 
mx1.pub.mailpod7-cph3.one.com= Usage: [3], Selector: [1], Type: [1] c5d0655d39a4e4bb3b499e5ad0d4871e73c9a3a58326d950b74a2aad23f79b Usage: [3], Selector: [1], Type: [1] 5951d49471d48255f349e181309afabd14a7cc96484986056e19dbfe0793e7 
mx1.pub.mailpod8-cph3.one.com= Usage: [3], Selector: [1], Type: [1] d965a3d89b4bba62521c15ef86590072cb637ac7050cc7fb27f8cf16b22bc8 Usage: [3], Selector: [1], Type: [1] 40553b772cb486b06695dbd52f4d73f3c013501868f0b935f4c532d013d0e6 
mx1.pub.mailpod9-cph3.one.com= Usage: [3], Selector: [1], Type: [1] 351ea7538a80adce029d08eb398e1fd25abb7149c15e23e90b8b2077447792 Usage: [3], Selector: [1], Type: [1] 51c0fac6688bdc92d7f6d8eefedf8a00e1108a01622539912497dba854afdb 
mx2.active24.com= Usage: [3], Selector: [1], Type: [1] 6d810df46120c8b76d69937babdc8df91cab5030785e7ff5000e0bb149fca2 Usage: [3], Selector: [1], Type: [1] 873817788c329db81c7b1e8d006c3b29f8edef60587af5e8fd0a5ebd945362 
mx2.mail.hostpoint.ch= Usage: [3], Selector: [1], Type: [1] ba882d724c29013cfc5609fe4129ccc0464810d2c05f8cd400aafa213f97f2 
mx2.net4you.net= Usage: [3], Selector: [1], Type: [1] fae54514752aff4d327f6d4c6ee7b6af24e61b7099eb3f4badf2c6ad781146 
mx2.pub.mailpod10-cph3.one.com= Usage: [3], Selector: [1], Type: [1] 196078cc783b2a93dd36edc806a90bea0169b00a8d3fde09335011980325dc Usage: [3], Selector: [1], Type: [1] 68f9341f4ce3cb0507631ec564ae59a802bf1a36437a6d81142b80e0afe5dd 
mx2.pub.mailpod1-cph3.one.com= Usage: [3], Selector: [1], Type: [1] f5e89aa4dead5ab7247ac6666eed312e96d0d8cb6cf90018f1758a384274f5 Usage: [3], Selector: [1], Type: [1] 18bd23670f60c0217338196a1708cbff4b2b6c97f36d18251f41241ae8c579 
mx2.pub.mailpod2-cph3.one.com= Usage: [3], Selector: [1], Type: [1] 4b6b053fa41765c0f643026b908830e8f8819bcd22266a2d02f0ccba92b387 Usage: [3], Selector: [1], Type: [1] 8a37086e6d13e0262f1fedc98a0bcad46b0a84a237da11687d705d0cab9423 
mx2.pub.mailpod5-cph3.one.com= Usage: [3], Selector: [1], Type: [1] 92802e1da27b67fcfaa0635ab55cbf825e6fcad7c5c1262f1228339bd40a6b Usage: [3], Selector: [1], Type: [1] f5939c84b1f7e239314f741530ad9555de3c708b3a4ea787fe984a13c1cc27 
mx2.pub.mailpod6-cph3.one.com= Usage: [3], Selector: [1], Type: [1] a97fd351b43a37cdca462ce6783e4192453e84af0e1790764c289e57e27bb6 Usage: [3], Selector: [1], Type: [1] 87549086ee3571f3d7f8635ca789d7ca0da5943d1774910e060e9321662af5 
mx2.pub.mailpod7-cph3.one.com= Usage: [3], Selector: [1], Type: [1] 5951d49471d48255f349e181309afabd14a7cc96484986056e19dbfe0793e7 Usage: [3], Selector: [1], Type: [1] c5d0655d39a4e4bb3b499e5ad0d4871e73c9a3a58326d950b74a2aad23f79b 
mx2.pub.mailpod8-cph3.one.com= Usage: [3], Selector: [1], Type: [1] 40553b772cb486b06695dbd52f4d73f3c013501868f0b935f4c532d013d0e6 Usage: [3], Selector: [1], Type: [1] d965a3d89b4bba62521c15ef86590072cb637ac7050cc7fb27f8cf16b22bc8 
mx2.pub.mailpod9-cph3.one.com= Usage: [3], Selector: [1], Type: [1] 51c0fac6688bdc92d7f6d8eefedf8a00e1108a01622539912497dba854afdb Usage: [3], Selector: [1], Type: [1] 351ea7538a80adce029d08eb398e1fd25abb7149c15e23e90b8b2077447792 
mx3.pub.mailpod10-cph3.one.com= Usage: [3], Selector: [1], Type: [1] 196078cc783b2a93dd36edc806a90bea0169b00a8d3fde09335011980325dc Usage: [3], Selector: [1], Type: [1] 68f9341f4ce3cb0507631ec564ae59a802bf1a36437a6d81142b80e0afe5dd 
mx3.pub.mailpod1-cph3.one.com= Usage: [3], Selector: [1], Type: [1] f5e89aa4dead5ab7247ac6666eed312e96d0d8cb6cf90018f1758a384274f5 Usage: [3], Selector: [1], Type: [1] 18bd23670f60c0217338196a1708cbff4b2b6c97f36d18251f41241ae8c579 
mx3.pub.mailpod2-cph3.one.com= Usage: [3], Selector: [1], Type: [1] 8a37086e6d13e0262f1fedc98a0bcad46b0a84a237da11687d705d0cab9423 Usage: [3], Selector: [1], Type: [1] 4b6b053fa41765c0f643026b908830e8f8819bcd22266a2d02f0ccba92b387 
mx3.pub.mailpod5-cph3.one.com= Usage: [3], Selector: [1], Type: [1] f5939c84b1f7e239314f741530ad9555de3c708b3a4ea787fe984a13c1cc27 Usage: [3], Selector: [1], Type: [1] 92802e1da27b67fcfaa0635ab55cbf825e6fcad7c5c1262f1228339bd40a6b 
mx3.pub.mailpod6-cph3.one.com= Usage: [3], Selector: [1], Type: [1] 87549086ee3571f3d7f8635ca789d7ca0da5943d1774910e060e9321662af5 Usage: [3], Selector: [1], Type: [1] a97fd351b43a37cdca462ce6783e4192453e84af0e1790764c289e57e27bb6 
mx3.pub.mailpod7-cph3.one.com= Usage: [3], Selector: [1], Type: [1] c5d0655d39a4e4bb3b499e5ad0d4871e73c9a3a58326d950b74a2aad23f79b Usage: [3], Selector: [1], Type: [1] 5951d49471d48255f349e181309afabd14a7cc96484986056e19dbfe0793e7 
mx3.pub.mailpod8-cph3.one.com= Usage: [3], Selector: [1], Type: [1] d965a3d89b4bba62521c15ef86590072cb637ac7050cc7fb27f8cf16b22bc8 Usage: [3], Selector: [1], Type: [1] 40553b772cb486b06695dbd52f4d73f3c013501868f0b935f4c532d013d0e6 
mx3.pub.mailpod9-cph3.one.com= Usage: [3], Selector: [1], Type: [1] 351ea7538a80adce029d08eb398e1fd25abb7149c15e23e90b8b2077447792 Usage: [3], Selector: [1], Type: [1] 51c0fac6688bdc92d7f6d8eefedf8a00e1108a01622539912497dba854afdb 
mx4.pub.mailpod10-cph3.one.com= Usage: [3], Selector: [1], Type: [1] 196078cc783b2a93dd36edc806a90bea0169b00a8d3fde09335011980325dc Usage: [3], Selector: [1], Type: [1] 68f9341f4ce3cb0507631ec564ae59a802bf1a36437a6d81142b80e0afe5dd 
mx4.pub.mailpod9-cph3.one.com= Usage: [3], Selector: [1], Type: [1] 351ea7538a80adce029d08eb398e1fd25abb7149c15e23e90b8b2077447792 Usage: [3], Selector: [1], Type: [1] 51c0fac6688bdc92d7f6d8eefedf8a00e1108a01622539912497dba854afdb 
mx5.onebit.eu= Usage: [3], Selector: [1], Type: [1] eb9a0965ccba1074232212df897e1bbd622c555afbc3d413295e4ef2a6809c Usage: [3], Selector: [1], Type: [1] 1c8dd7cc6cb98b4783063d4d8d45a5bd3d261744707ca79ac30a3805d6c271 
serv15.avernis.de= Usage: [3], Selector: [1], Type: [1] 2ee685ae6ddb069550e508037a319e41583724302a4ea151438b4ca5cd860e 
seth.luchs.at= Usage: [3], Selector: [1], Type: [2] b3f9e1583cadc18e43ed066d01d7134623731275a2afba715855af253dad568daecb9de953fd16cc7d4f11588c02e57df8be2ad8b40ed987fb2c9f09bc4f4e 
spool.ebox.at= Usage: [3], Selector: [1], Type: [1] 990a63e4494880136f86cc23542b697c5cb0c8c8815ea7ef15b6ed4eefab6e 
strato.seppi.name= Usage: [3], Selector: [1], Type: [1] fdf08f81f61330782fb267c9d6145cf36d7f95b9e8be433e456d87d7a15ee2 
