box.emailserver.net.au= Usage: [3], Selector: [1], Type: [1] e02fbc345d1743a991c781d56430a349b8e8577585bea89a2aa0c8b33c0a6a 
cluster04a.mx-relay.com= Usage: [3], Selector: [0], Type: [1] d29ba0d962e57f88d31413be1a854195f185b71073244ba8d3ec9ec3b16f4c 
cluster04b.mx-relay.com= Usage: [3], Selector: [0], Type: [1] 3c1b67ebb106718dff8126b34944cf547692ae5b87127cdb4d28da6bf7a049 
mail.abcwcs.com.au= Usage: [3], Selector: [0], Type: [1] a240de4b143b07293060f23dce6c1fb999e90f2ff035454058fbdb2b9ad1cd 
mail.affie.com.au= Usage: [3], Selector: [0], Type: [1] ce2e6189b7c6fac772fe94b4cc55d4a8ab8a1442ca4692ec3b84dcc70afdec 
mailcluster1.metawerx.net= Usage: [3], Selector: [1], Type: [1] 216ca7577f68dfb40ccbd7b901da44a3da06bbf27232e9fbf9f21fb4513360 
mail.protonmail.ch= Usage: [3], Selector: [1], Type: [1] 6111a5698d23c89e09c36ff833c1487edc1b0c841f87c49dae8f7a09e11e97 Usage: [3], Selector: [1], Type: [1] 76bb66711da416433ca890a5b2e5a0533c6006478f7d10a4469a947acc8399 
mailsec.protonmail.ch= Usage: [3], Selector: [1], Type: [1] 6111a5698d23c89e09c36ff833c1487edc1b0c841f87c49dae8f7a09e11e97 Usage: [3], Selector: [1], Type: [1] 76bb66711da416433ca890a5b2e5a0533c6006478f7d10a4469a947acc8399 
mail.tutanota.de= Usage: [3], Selector: [0], Type: [1] 97c06dc35d98bfc4f7a1a0b341c43f657a272e92e234e0a4faca9047b17371 Usage: [3], Selector: [0], Type: [1] f8e4f4ed7b8cbd72f0d04217099d19f3b534ae71ee8005f354c2caef2abecd 
malloy.xyz= Usage: [3], Selector: [1], Type: [1] cfcc578ebf3d23f271a74f660e4af39dba3bc62a98bfbae06ac819ea6b1895 
mta-gw.infomaniak.ch= Usage: [3], Selector: [1], Type: [1] 01bbbc3a65e5f2067aa43dbab107583e1a14567ed2569c63445d21e1de5569 
mx01.kolabnow.com= Usage: [3], Selector: [0], Type: [1] 7724f25eea066976e59c7479794b8c665ab2db377281bfc1faf606e97dee3d Usage: [3], Selector: [0], Type: [1] 9f7109edb1fc06b66465372dac9e46ce0ac966ea39943dc424ac8699bc8d0d 
mx02.kolabnow.com= Usage: [3], Selector: [0], Type: [1] 7724f25eea066976e59c7479794b8c665ab2db377281bfc1faf606e97dee3d Usage: [3], Selector: [0], Type: [1] 9f7109edb1fc06b66465372dac9e46ce0ac966ea39943dc424ac8699bc8d0d 
mx0.ozlabs.org= Usage: [3], Selector: [1], Type: [1] 17c9003386bba1e9ee1ce8de4d6a91d00a859b06c7a9ecc61ec7ec78d31285 
mx0.tip.net.au= Usage: [3], Selector: [1], Type: [1] 83e81d921ec75bd6ba8484a2f9bee43bf83ec001761ba8ebaf44426db38f8b 
mx1.smtp.startmail.com= Usage: [3], Selector: [0], Type: [1] b5edadad9839a0e3b71e98af326e32fb574aaac75da7fa2167c378090284ea 
mx2.smtp.startmail.com= Usage: [3], Selector: [0], Type: [1] b5edadad9839a0e3b71e98af326e32fb574aaac75da7fa2167c378090284ea 
mx.auug.org.au= Usage: [3], Selector: [1], Type: [1] f8c0ec45340b7b67e26f0c32c426379dbd8d8b8547dbf582aeae83d158a602 
mxext1.mailbox.org= Usage: [3], Selector: [1], Type: [1] e41cc7633029afdba53744d7e5fc31ef507e592de9dfb33557bf3b9a792394 Usage: [3], Selector: [1], Type: [1] 996ad31d65e03f038b8ec950f6f26611529da03e3a283e4400cba2edd04b8a Usage: [3], Selector: [1], Type: [1] 4758af6f02dfb5dc8795fa402e77a8a0486af5e85d2ca60c294476aadc40b2 
mxext2.mailbox.org= Usage: [3], Selector: [1], Type: [1] 996ad31d65e03f038b8ec950f6f26611529da03e3a283e4400cba2edd04b8a Usage: [3], Selector: [1], Type: [1] 4758af6f02dfb5dc8795fa402e77a8a0486af5e85d2ca60c294476aadc40b2 Usage: [3], Selector: [1], Type: [1] e41cc7633029afdba53744d7e5fc31ef507e592de9dfb33557bf3b9a792394 
mxext3.mailbox.org= Usage: [3], Selector: [1], Type: [1] 4758af6f02dfb5dc8795fa402e77a8a0486af5e85d2ca60c294476aadc40b2 Usage: [3], Selector: [1], Type: [1] 996ad31d65e03f038b8ec950f6f26611529da03e3a283e4400cba2edd04b8a Usage: [3], Selector: [1], Type: [1] e41cc7633029afdba53744d7e5fc31ef507e592de9dfb33557bf3b9a792394 
mx.ozlabs.org= Usage: [3], Selector: [1], Type: [1] 17c9003386bba1e9ee1ce8de4d6a91d00a859b06c7a9ecc61ec7ec78d31285 
mx.runbox.com= Usage: [2], Selector: [1], Type: [1] 276fe8a8c4ec7611565bf9fce6dcace9be320c1b5bea27596b2204071ed04f Usage: [2], Selector: [1], Type: [1] 8d02536c887482bc34ff54e41d2ba659bf85b341a0a20afadb5813dcfbcf28 Usage: [2], Selector: [1], Type: [1] b03d87b056d08cc9d4e675ef19ca83ab53532168a8258598be72e6d85c7dd7 Usage: [2], Selector: [1], Type: [1] bd936e72b212ef6f773102c6b77d38f94297322efc25396bc3279422e0c892 Usage: [2], Selector: [1], Type: [1] e5545e211347241891c554a03934cde9b749664a59d26d615fe58f77990f2d Usage: [3], Selector: [1], Type: [1] 9a5d69227185c22fb9204903b517a029fe6102f962229aeb1c64e3aeb3965e 
smx-5c0.smtp.startmail.com= Usage: [3], Selector: [0], Type: [1] b5edadad9839a0e3b71e98af326e32fb574aaac75da7fa2167c378090284ea 
zonemx.eu= Usage: [3], Selector: [1], Type: [1] c13528a18b9616337dc2ab825e7b030feb9eab2aa65995e4d83840eb1ee00c 
