mail2.anonaddy.me= Usage: [3], Selector: [1], Type: [1] f8c82ce3975879068b2e6fbe292cb7c967726b81f1c31249f72be666e20b88 Usage: [3], Selector: [1], Type: [1] 748a42fa079323bea4147b783466bcfd757505e14dc5c8ff8307e017b14990 
mail2.loopia.se= Usage: [3], Selector: [1], Type: [1] ddeebe0b760a39a53e8b20aff4e6d3873fc28623030fb88908bfe46d424f72 
mail.anonaddy.me= Usage: [3], Selector: [1], Type: [1] 748a42fa079323bea4147b783466bcfd757505e14dc5c8ff8307e017b14990 Usage: [3], Selector: [1], Type: [1] f8c82ce3975879068b2e6fbe292cb7c967726b81f1c31249f72be666e20b88 
mailcluster1.metawerx.net= Usage: [3], Selector: [1], Type: [1] 216ca7577f68dfb40ccbd7b901da44a3da06bbf27232e9fbf9f21fb4513360 
mailcluster.loopia.se= Usage: [3], Selector: [1], Type: [1] ddeebe0b760a39a53e8b20aff4e6d3873fc28623030fb88908bfe46d424f72 
mail.donhardt.id.au= Usage: [3], Selector: [1], Type: [1] 60d18a795a8e3886a4767e7f7be8f51d287cb28206b4581fe2526959b4b1f3 
mail.dssports.com.au= Usage: [3], Selector: [0], Type: [1] 9d7e07fde26fef1ef24b223f8ed42cf979494a6cac3c65cd68072a49e3e000 
mail.protonmail.ch= Usage: [3], Selector: [1], Type: [1] 76bb66711da416433ca890a5b2e5a0533c6006478f7d10a4469a947acc8399 Usage: [3], Selector: [1], Type: [1] 6111a5698d23c89e09c36ff833c1487edc1b0c841f87c49dae8f7a09e11e97 
mailsec.protonmail.ch= Usage: [3], Selector: [1], Type: [1] 6111a5698d23c89e09c36ff833c1487edc1b0c841f87c49dae8f7a09e11e97 Usage: [3], Selector: [1], Type: [1] 76bb66711da416433ca890a5b2e5a0533c6006478f7d10a4469a947acc8399 
mail.tutanota.de= Usage: [3], Selector: [0], Type: [1] 97c06dc35d98bfc4f7a1a0b341c43f657a272e92e234e0a4faca9047b17371 Usage: [3], Selector: [0], Type: [1] f8e4f4ed7b8cbd72f0d04217099d19f3b534ae71ee8005f354c2caef2abecd 
mx02.soverin.net= Usage: [3], Selector: [0], Type: [1] 15c6125f32a29eead66da7a56171d7b99e4ac18f247c2c0f4e95e876078704 Usage: [3], Selector: [0], Type: [1] f8ae87586f1c2a88853870c90c84d4335af3c32b2f1c7045639352577c2dfa 
mx03.soverin.net= Usage: [3], Selector: [0], Type: [1] f8ae87586f1c2a88853870c90c84d4335af3c32b2f1c7045639352577c2dfa Usage: [3], Selector: [0], Type: [1] 15c6125f32a29eead66da7a56171d7b99e4ac18f247c2c0f4e95e876078704 
mx.1bb.net= Usage: [3], Selector: [1], Type: [1] ceb90c540262d02d38fee36a2dd176229ab1081bf880fa3e97bceed3660375 
mx1.init-media.com.au= Usage: [3], Selector: [1], Type: [1] 7ba8a27fd3fa36ade543b30b5f0d51043d64f8df7622c06a629e666c22a9c4 
mx1.mail.hostpoint.ch= Usage: [3], Selector: [1], Type: [1] ba882d724c29013cfc5609fe4129ccc0464810d2c05f8cd400aafa213f97f2 
mx1.simplelogin.co= Usage: [2], Selector: [1], Type: [1] 60b87575447dcba2a36b7d11ac09fb24a9db406fee12d2cc90180517616e8a Usage: [2], Selector: [1], Type: [1] 8d02536c887482bc34ff54e41d2ba659bf85b341a0a20afadb5813dcfbcf28 
mx2.mail.hostpoint.ch= Usage: [3], Selector: [1], Type: [1] ba882d724c29013cfc5609fe4129ccc0464810d2c05f8cd400aafa213f97f2 
mx2.simplelogin.co= Usage: [2], Selector: [1], Type: [1] 60b87575447dcba2a36b7d11ac09fb24a9db406fee12d2cc90180517616e8a Usage: [2], Selector: [1], Type: [1] 8d02536c887482bc34ff54e41d2ba659bf85b341a0a20afadb5813dcfbcf28 
mx.runbox.com= Usage: [2], Selector: [1], Type: [1] 276fe8a8c4ec7611565bf9fce6dcace9be320c1b5bea27596b2204071ed04f Usage: [2], Selector: [1], Type: [1] 8d02536c887482bc34ff54e41d2ba659bf85b341a0a20afadb5813dcfbcf28 Usage: [2], Selector: [1], Type: [1] b03d87b056d08cc9d4e675ef19ca83ab53532168a8258598be72e6d85c7dd7 Usage: [2], Selector: [1], Type: [1] bd936e72b212ef6f773102c6b77d38f94297322efc25396bc3279422e0c892 Usage: [2], Selector: [1], Type: [1] e5545e211347241891c554a03934cde9b749664a59d26d615fe58f77990f2d Usage: [3], Selector: [1], Type: [1] 9a5d69227185c22fb9204903b517a029fe6102f962229aeb1c64e3aeb3965e 
mx.simply.com= Usage: [3], Selector: [1], Type: [1] 4e025cfb95bd02ab04e51aa849edb2f0bb93f0ec30a3277dca497f7cf3d41c Usage: [3], Selector: [1], Type: [1] 5d2d65b4a5b30dae5e61fa629eef8f9734fe5e1229d25f70705d5c5442f6fa 
mx.soverin.net= Usage: [3], Selector: [0], Type: [1] 15c6125f32a29eead66da7a56171d7b99e4ac18f247c2c0f4e95e876078704 Usage: [3], Selector: [0], Type: [1] f8ae87586f1c2a88853870c90c84d4335af3c32b2f1c7045639352577c2dfa 
spamrelay.zxcs.nl= Usage: [3], Selector: [0], Type: [2] c983d55f70f711908016026b9fe88224aa0fa6844d708a9281f15662b503ed64b8223e0735bda51c7654f56c5c6366164717067c760f90a2a9cd03ae84e95c 
