box.myhostmate.net= Usage: [3], Selector: [1], Type: [1] 64e4cda8de97bb6eb5a11c07c292107259f895e259596a6a65d688c7a9488b 
box.smail.com.au= Usage: [3], Selector: [1], Type: [1] ce03afd26f089844f4e6ba50fb624395193f00cf00a3bc97a3a97d86ada9e3 
box.smartpool.net.au= Usage: [3], Selector: [1], Type: [1] b95304f819789b7c3e7fef60be08ab51c94a6761d65c637488d6e3dbd12639 
box.woolmail.com.au= Usage: [3], Selector: [1], Type: [1] 13cf8600ae3fb10b278587d71528c73b238191113af62f39ffe1be7b5211fd 
mailcluster1.metawerx.net= Usage: [3], Selector: [1], Type: [1] 216ca7577f68dfb40ccbd7b901da44a3da06bbf27232e9fbf9f21fb4513360 
mail.deftemail.xyz= Usage: [3], Selector: [1], Type: [1] 2c982332c275d46ad4b79d7d129af08876db61e99b1aaf97aa1880a346f0ce 
mail.protonmail.ch= Usage: [3], Selector: [1], Type: [1] 6111a5698d23c89e09c36ff833c1487edc1b0c841f87c49dae8f7a09e11e97 Usage: [3], Selector: [1], Type: [1] 76bb66711da416433ca890a5b2e5a0533c6006478f7d10a4469a947acc8399 
mail.saferehoming.com.au= Usage: [3], Selector: [1], Type: [1] 4c8b7abc75313e6db56d30578d092feee674ed648a35eec900629b89f963e4 
mailsec.protonmail.ch= Usage: [3], Selector: [1], Type: [1] 6111a5698d23c89e09c36ff833c1487edc1b0c841f87c49dae8f7a09e11e97 Usage: [3], Selector: [1], Type: [1] 76bb66711da416433ca890a5b2e5a0533c6006478f7d10a4469a947acc8399 
mail.sleepap.com.au= Usage: [3], Selector: [0], Type: [1] 3f6ce81d4fa580a6db6d139736fda62ae230eab32a732b0553aa6294f110d3 
mail.sydneyalltrades.com.au= Usage: [3], Selector: [0], Type: [1] 3f6ce81d4fa580a6db6d139736fda62ae230eab32a732b0553aa6294f110d3 
mx1.active24.com= Usage: [3], Selector: [1], Type: [1] 6d810df46120c8b76d69937babdc8df91cab5030785e7ff5000e0bb149fca2 Usage: [3], Selector: [1], Type: [1] 873817788c329db81c7b1e8d006c3b29f8edef60587af5e8fd0a5ebd945362 
mx1.init-media.com.au= Usage: [3], Selector: [1], Type: [1] 7ba8a27fd3fa36ade543b30b5f0d51043d64f8df7622c06a629e666c22a9c4 
mx1.mail.hostpoint.ch= Usage: [3], Selector: [1], Type: [1] ba882d724c29013cfc5609fe4129ccc0464810d2c05f8cd400aafa213f97f2 
mx1.smtp.startmail.com= Usage: [3], Selector: [0], Type: [1] b5edadad9839a0e3b71e98af326e32fb574aaac75da7fa2167c378090284ea 
mx2.active24.com= Usage: [3], Selector: [1], Type: [1] 6d810df46120c8b76d69937babdc8df91cab5030785e7ff5000e0bb149fca2 Usage: [3], Selector: [1], Type: [1] 873817788c329db81c7b1e8d006c3b29f8edef60587af5e8fd0a5ebd945362 
mx2.mail.hostpoint.ch= Usage: [3], Selector: [1], Type: [1] ba882d724c29013cfc5609fe4129ccc0464810d2c05f8cd400aafa213f97f2 
mx2.smtp.startmail.com= Usage: [3], Selector: [0], Type: [1] b5edadad9839a0e3b71e98af326e32fb574aaac75da7fa2167c378090284ea 
mx.runbox.com= Usage: [2], Selector: [1], Type: [1] 276fe8a8c4ec7611565bf9fce6dcace9be320c1b5bea27596b2204071ed04f Usage: [2], Selector: [1], Type: [1] 8d02536c887482bc34ff54e41d2ba659bf85b341a0a20afadb5813dcfbcf28 Usage: [2], Selector: [1], Type: [1] b03d87b056d08cc9d4e675ef19ca83ab53532168a8258598be72e6d85c7dd7 Usage: [2], Selector: [1], Type: [1] bd936e72b212ef6f773102c6b77d38f94297322efc25396bc3279422e0c892 Usage: [2], Selector: [1], Type: [1] e5545e211347241891c554a03934cde9b749664a59d26d615fe58f77990f2d Usage: [3], Selector: [1], Type: [1] 9a5d69227185c22fb9204903b517a029fe6102f962229aeb1c64e3aeb3965e 
smx-5c0.smtp.startmail.com= Usage: [3], Selector: [0], Type: [1] b5edadad9839a0e3b71e98af326e32fb574aaac75da7fa2167c378090284ea 
